#
# There is insufficient memory for the Java Runtime Environment to continue.
# Native memory allocation (malloc) failed to allocate 1291696 bytes for Chunk::new
# Possible reasons:
#   The system is out of physical RAM or swap space
#   The process is running with CompressedOops enabled, and the Java Heap may be blocking the growth of the native heap
# Possible solutions:
#   Reduce memory load on the system
#   Increase physical memory or swap space
#   Check if swap backing store is full
#   Decrease Java heap size (-Xmx/-Xms)
#   Decrease number of Java threads
#   Decrease Java thread stack sizes (-Xss)
#   Set larger code cache with -XX:ReservedCodeCacheSize=
#   JVM is running with Zero Based Compressed Oops mode in which the Java heap is
#     placed in the first 32GB address space. The Java Heap base address is the
#     maximum limit for the native heap growth. Please use -XX:HeapBaseMinAddress
#     to set the Java Heap base and to place the Java Heap above 32GB virtual address.
# This output file may be truncated or incomplete.
#
#  Out of Memory Error (arena.cpp:189), pid=28168, tid=15576
#
# JRE version: OpenJDK Runtime Environment Temurin-17.0.5+8 (17.0.5+8) (build 17.0.5+8)
# Java VM: OpenJDK 64-Bit Server VM Temurin-17.0.5+8 (17.0.5+8, mixed mode, sharing, tiered, compressed oops, compressed class ptrs, g1 gc, windows-amd64)
# No core dump will be written. Minidumps are not enabled by default on client versions of Windows
#

---------------  S U M M A R Y ------------

Command Line: -javaagent:D:\Softwares\IntelliJ IDEA Community Edition 2023.1.2\lib\idea_rt.jar=7493:D:\Softwares\IntelliJ IDEA Community Edition 2023.1.2\bin -Dfile.encoding=UTF-8 Lectra.LectraApplication

Host: AMD Ryzen 5 5600H with Radeon Graphics         , 12 cores, 15G,  Windows 11 , 64 bit Build 22621 (10.0.22621.5415)
Time: Thu Jul 17 13:38:29 2025 India Standard Time elapsed time: 1.076298 seconds (0d 0h 0m 1s)

---------------  T H R E A D  ---------------

Current thread (0x00000240555f6890):  JavaThread "C2 CompilerThread1" daemon [_thread_in_native, id=15576, stack(0x00000077b7200000,0x00000077b7300000)]


Current CompileTask:
C2:   1076 2013   !   4       jdk.internal.loader.URLClassPath$JarLoader::getResource (65 bytes)

Stack: [0x00000077b7200000,0x00000077b7300000]
Native frames: (J=compiled Java code, j=interpreted, Vv=VM code, C=native code)
V  [jvm.dll+0x676b3a]
V  [jvm.dll+0x831444]
V  [jvm.dll+0x832bee]
V  [jvm.dll+0x833253]
V  [jvm.dll+0x244ce5]
V  [jvm.dll+0xabbac]
V  [jvm.dll+0xac17c]
V  [jvm.dll+0x362d02]
V  [jvm.dll+0x32d591]
V  [jvm.dll+0x32ca3a]
V  [jvm.dll+0x217b51]
V  [jvm.dll+0x216f71]
V  [jvm.dll+0x1a343d]
V  [jvm.dll+0x22698a]
V  [jvm.dll+0x224ac5]
V  [jvm.dll+0x7e727b]
V  [jvm.dll+0x7e17ea]
V  [jvm.dll+0x6759e5]
C  [ucrtbase.dll+0x29333]
C  [KERNEL32.DLL+0x1259d]
C  [ntdll.dll+0x5af78]


---------------  P R O C E S S  ---------------

Threads class SMR info:
_java_thread_list=0x00000240561a1a80, length=15, elements={
0x0000024031138710, 0x0000024054096f60, 0x0000024054097bd0, 0x0000024054c085d0,
0x0000024054c08f80, 0x0000024054c09930, 0x0000024054c0a2e0, 0x0000024054c0afc0,
0x0000024054c0d4e0, 0x0000024054c1d980, 0x0000024054080660, 0x0000024055055ad0,
0x0000024055072a20, 0x00000240555f6890, 0x00000240560c3bb0
}

Java Threads: ( => current thread )
  0x0000024031138710 JavaThread "main" [_thread_in_Java, id=29468, stack(0x00000077b6100000,0x00000077b6200000)]
  0x0000024054096f60 JavaThread "Reference Handler" daemon [_thread_blocked, id=12188, stack(0x00000077b6800000,0x00000077b6900000)]
  0x0000024054097bd0 JavaThread "Finalizer" daemon [_thread_blocked, id=21660, stack(0x00000077b6900000,0x00000077b6a00000)]
  0x0000024054c085d0 JavaThread "Signal Dispatcher" daemon [_thread_blocked, id=17544, stack(0x00000077b6a00000,0x00000077b6b00000)]
  0x0000024054c08f80 JavaThread "Attach Listener" daemon [_thread_blocked, id=6896, stack(0x00000077b6b00000,0x00000077b6c00000)]
  0x0000024054c09930 JavaThread "Service Thread" daemon [_thread_blocked, id=13624, stack(0x00000077b6c00000,0x00000077b6d00000)]
  0x0000024054c0a2e0 JavaThread "Monitor Deflation Thread" daemon [_thread_blocked, id=22464, stack(0x00000077b6d00000,0x00000077b6e00000)]
  0x0000024054c0afc0 JavaThread "C2 CompilerThread0" daemon [_thread_in_vm, id=29288, stack(0x00000077b6e00000,0x00000077b6f00000)]
  0x0000024054c0d4e0 JavaThread "C1 CompilerThread0" daemon [_thread_blocked, id=10320, stack(0x00000077b6f00000,0x00000077b7000000)]
  0x0000024054c1d980 JavaThread "Sweeper thread" daemon [_thread_blocked, id=20840, stack(0x00000077b7000000,0x00000077b7100000)]
  0x0000024054080660 JavaThread "Common-Cleaner" daemon [_thread_blocked, id=23796, stack(0x00000077b7100000,0x00000077b7200000)]
  0x0000024055055ad0 JavaThread "Monitor Ctrl-Break" daemon [_thread_in_native, id=7124, stack(0x00000077b7300000,0x00000077b7400000)]
  0x0000024055072a20 JavaThread "Notification Thread" daemon [_thread_blocked, id=28048, stack(0x00000077b7400000,0x00000077b7500000)]
=>0x00000240555f6890 JavaThread "C2 CompilerThread1" daemon [_thread_in_native, id=15576, stack(0x00000077b7200000,0x00000077b7300000)]
  0x00000240560c3bb0 JavaThread "C2 CompilerThread2" daemon [_thread_in_native, id=26612, stack(0x00000077b7c00000,0x00000077b7d00000)]

Other Threads:
  0x0000024054091050 VMThread "VM Thread" [stack: 0x00000077b6700000,0x00000077b6800000] [id=25988]
  0x00000240311cc0c0 WatcherThread [stack: 0x00000077b7500000,0x00000077b7600000] [id=18968]
  0x00000240311a4090 GCTaskThread "GC Thread#0" [stack: 0x00000077b6200000,0x00000077b6300000] [id=26872]
  0x000002405523b730 GCTaskThread "GC Thread#1" [stack: 0x00000077b7600000,0x00000077b7700000] [id=20692]
  0x000002405523ccb0 GCTaskThread "GC Thread#2" [stack: 0x00000077b7700000,0x00000077b7800000] [id=9500]
  0x000002405523b9e0 GCTaskThread "GC Thread#3" [stack: 0x00000077b7800000,0x00000077b7900000] [id=4024]
  0x000002405523bc90 GCTaskThread "GC Thread#4" [stack: 0x00000077b7900000,0x00000077b7a00000] [id=25416]
  0x000002405523cf60 GCTaskThread "GC Thread#5" [stack: 0x00000077b7a00000,0x00000077b7b00000] [id=25048]
  0x000002405523c4a0 GCTaskThread "GC Thread#6" [stack: 0x00000077b7d00000,0x00000077b7e00000] [id=24828]
  0x000002405523c1f0 GCTaskThread "GC Thread#7" [stack: 0x00000077b7e00000,0x00000077b7f00000] [id=29120]
  0x00000240562a7cd0 GCTaskThread "GC Thread#8" [stack: 0x00000077b7f00000,0x00000077b8000000] [id=28352]
  0x00000240562a8230 GCTaskThread "GC Thread#9" [stack: 0x00000077b8000000,0x00000077b8100000] [id=11160]
  0x00000240311b4650 ConcurrentGCThread "G1 Main Marker" [stack: 0x00000077b6300000,0x00000077b6400000] [id=26320]
  0x00000240311b5800 ConcurrentGCThread "G1 Conc#0" [stack: 0x00000077b6400000,0x00000077b6500000] [id=17556]
  0x00000240311ee900 ConcurrentGCThread "G1 Refine#0" [stack: 0x00000077b6500000,0x00000077b6600000] [id=16880]
  0x0000024053f47410 ConcurrentGCThread "G1 Service" [stack: 0x00000077b6600000,0x00000077b6700000] [id=25440]

Threads with active compile tasks:
C2 CompilerThread0     1101 1839   !   4       java.net.URL::<init> (543 bytes)
C1 CompilerThread0     1102 2247       1       java.util.stream.Collectors$CollectorImpl::combiner (5 bytes)
C2 CompilerThread1     1102 2013   !   4       jdk.internal.loader.URLClassPath$JarLoader::getResource (65 bytes)
C2 CompilerThread2     1102 2149       4       java.util.Properties::loadConvert (540 bytes)

VM state: not at safepoint (normal execution)

VM Mutex/Monitor currently owned by a thread: None

Heap address: 0x0000000709800000, size: 3944 MB, Compressed Oops mode: Zero based, Oop shift amount: 3

CDS archive(s) mapped at: [0x0000000800000000-0x0000000800bc0000-0x0000000800bc0000), size 12320768, SharedBaseAddress: 0x0000000800000000, ArchiveRelocationMode: 0.
Compressed class space mapped at: 0x0000000800c00000-0x0000000840c00000, reserved size: 1073741824
Narrow klass base: 0x0000000800000000, Narrow klass shift: 0, Narrow klass range: 0x100000000

GC Precious Log:
 CPUs: 12 total, 12 available
 Memory: 15775M
 Large Page Support: Disabled
 NUMA Support: Disabled
 Compressed Oops: Enabled (Zero based)
 Heap Region Size: 2M
 Heap Min Capacity: 8M
 Heap Initial Capacity: 248M
 Heap Max Capacity: 3944M
 Pre-touch: Disabled
 Parallel Workers: 10
 Concurrent Workers: 3
 Concurrent Refinement Workers: 10
 Periodic GC: Disabled

Heap:
 garbage-first heap   total 253952K, used 28791K [0x0000000709800000, 0x0000000800000000)
  region size 2048K, 14 young (28672K), 2 survivors (4096K)
 Metaspace       used 17647K, committed 17984K, reserved 1064960K
  class space    used 2220K, committed 2368K, reserved 1048576K

Heap Regions: E=young(eden), S=young(survivor), O=old, HS=humongous(starts), HC=humongous(continues), CS=collection set, F=free, OA=open archive, CA=closed archive, TAMS=top-at-mark-start (previous, next)
|   0|0x0000000709800000, 0x0000000709a00000, 0x0000000709a00000|100%| O|  |TAMS 0x0000000709800000, 0x0000000709800000| Untracked 
|   1|0x0000000709a00000, 0x0000000709c00000, 0x0000000709c00000|100%| O|  |TAMS 0x0000000709a00000, 0x0000000709a00000| Untracked 
|   2|0x0000000709c00000, 0x0000000709db2400, 0x0000000709e00000| 84%| O|  |TAMS 0x0000000709c00000, 0x0000000709c00000| Untracked 
|   3|0x0000000709e00000, 0x0000000709e00000, 0x000000070a000000|  0%| F|  |TAMS 0x0000000709e00000, 0x0000000709e00000| Untracked 
|   4|0x000000070a000000, 0x000000070a000000, 0x000000070a200000|  0%| F|  |TAMS 0x000000070a000000, 0x000000070a000000| Untracked 
|   5|0x000000070a200000, 0x000000070a200000, 0x000000070a400000|  0%| F|  |TAMS 0x000000070a200000, 0x000000070a200000| Untracked 
|   6|0x000000070a400000, 0x000000070a400000, 0x000000070a600000|  0%| F|  |TAMS 0x000000070a400000, 0x000000070a400000| Untracked 
|   7|0x000000070a600000, 0x000000070a600000, 0x000000070a800000|  0%| F|  |TAMS 0x000000070a600000, 0x000000070a600000| Untracked 
|   8|0x000000070a800000, 0x000000070a800000, 0x000000070aa00000|  0%| F|  |TAMS 0x000000070a800000, 0x000000070a800000| Untracked 
|   9|0x000000070aa00000, 0x000000070aa00000, 0x000000070ac00000|  0%| F|  |TAMS 0x000000070aa00000, 0x000000070aa00000| Untracked 
|  10|0x000000070ac00000, 0x000000070ac00000, 0x000000070ae00000|  0%| F|  |TAMS 0x000000070ac00000, 0x000000070ac00000| Untracked 
|  11|0x000000070ae00000, 0x000000070ae00000, 0x000000070b000000|  0%| F|  |TAMS 0x000000070ae00000, 0x000000070ae00000| Untracked 
|  12|0x000000070b000000, 0x000000070b000000, 0x000000070b200000|  0%| F|  |TAMS 0x000000070b000000, 0x000000070b000000| Untracked 
|  13|0x000000070b200000, 0x000000070b200000, 0x000000070b400000|  0%| F|  |TAMS 0x000000070b200000, 0x000000070b200000| Untracked 
|  14|0x000000070b400000, 0x000000070b400000, 0x000000070b600000|  0%| F|  |TAMS 0x000000070b400000, 0x000000070b400000| Untracked 
|  15|0x000000070b600000, 0x000000070b600000, 0x000000070b800000|  0%| F|  |TAMS 0x000000070b600000, 0x000000070b600000| Untracked 
|  16|0x000000070b800000, 0x000000070b800000, 0x000000070ba00000|  0%| F|  |TAMS 0x000000070b800000, 0x000000070b800000| Untracked 
|  17|0x000000070ba00000, 0x000000070ba00000, 0x000000070bc00000|  0%| F|  |TAMS 0x000000070ba00000, 0x000000070ba00000| Untracked 
|  18|0x000000070bc00000, 0x000000070bc00000, 0x000000070be00000|  0%| F|  |TAMS 0x000000070bc00000, 0x000000070bc00000| Untracked 
|  19|0x000000070be00000, 0x000000070be00000, 0x000000070c000000|  0%| F|  |TAMS 0x000000070be00000, 0x000000070be00000| Untracked 
|  20|0x000000070c000000, 0x000000070c000000, 0x000000070c200000|  0%| F|  |TAMS 0x000000070c000000, 0x000000070c000000| Untracked 
|  21|0x000000070c200000, 0x000000070c200000, 0x000000070c400000|  0%| F|  |TAMS 0x000000070c200000, 0x000000070c200000| Untracked 
|  22|0x000000070c400000, 0x000000070c400000, 0x000000070c600000|  0%| F|  |TAMS 0x000000070c400000, 0x000000070c400000| Untracked 
|  23|0x000000070c600000, 0x000000070c600000, 0x000000070c800000|  0%| F|  |TAMS 0x000000070c600000, 0x000000070c600000| Untracked 
|  24|0x000000070c800000, 0x000000070c800000, 0x000000070ca00000|  0%| F|  |TAMS 0x000000070c800000, 0x000000070c800000| Untracked 
|  25|0x000000070ca00000, 0x000000070ca00000, 0x000000070cc00000|  0%| F|  |TAMS 0x000000070ca00000, 0x000000070ca00000| Untracked 
|  26|0x000000070cc00000, 0x000000070cc00000, 0x000000070ce00000|  0%| F|  |TAMS 0x000000070cc00000, 0x000000070cc00000| Untracked 
|  27|0x000000070ce00000, 0x000000070ce00000, 0x000000070d000000|  0%| F|  |TAMS 0x000000070ce00000, 0x000000070ce00000| Untracked 
|  28|0x000000070d000000, 0x000000070d000000, 0x000000070d200000|  0%| F|  |TAMS 0x000000070d000000, 0x000000070d000000| Untracked 
|  29|0x000000070d200000, 0x000000070d200000, 0x000000070d400000|  0%| F|  |TAMS 0x000000070d200000, 0x000000070d200000| Untracked 
|  30|0x000000070d400000, 0x000000070d400000, 0x000000070d600000|  0%| F|  |TAMS 0x000000070d400000, 0x000000070d400000| Untracked 
|  31|0x000000070d600000, 0x000000070d600000, 0x000000070d800000|  0%| F|  |TAMS 0x000000070d600000, 0x000000070d600000| Untracked 
|  32|0x000000070d800000, 0x000000070d800000, 0x000000070da00000|  0%| F|  |TAMS 0x000000070d800000, 0x000000070d800000| Untracked 
|  33|0x000000070da00000, 0x000000070da00000, 0x000000070dc00000|  0%| F|  |TAMS 0x000000070da00000, 0x000000070da00000| Untracked 
|  34|0x000000070dc00000, 0x000000070dc00000, 0x000000070de00000|  0%| F|  |TAMS 0x000000070dc00000, 0x000000070dc00000| Untracked 
|  35|0x000000070de00000, 0x000000070de00000, 0x000000070e000000|  0%| F|  |TAMS 0x000000070de00000, 0x000000070de00000| Untracked 
|  36|0x000000070e000000, 0x000000070e000000, 0x000000070e200000|  0%| F|  |TAMS 0x000000070e000000, 0x000000070e000000| Untracked 
|  37|0x000000070e200000, 0x000000070e200000, 0x000000070e400000|  0%| F|  |TAMS 0x000000070e200000, 0x000000070e200000| Untracked 
|  38|0x000000070e400000, 0x000000070e400000, 0x000000070e600000|  0%| F|  |TAMS 0x000000070e400000, 0x000000070e400000| Untracked 
|  39|0x000000070e600000, 0x000000070e600000, 0x000000070e800000|  0%| F|  |TAMS 0x000000070e600000, 0x000000070e600000| Untracked 
|  40|0x000000070e800000, 0x000000070e800000, 0x000000070ea00000|  0%| F|  |TAMS 0x000000070e800000, 0x000000070e800000| Untracked 
|  41|0x000000070ea00000, 0x000000070ea00000, 0x000000070ec00000|  0%| F|  |TAMS 0x000000070ea00000, 0x000000070ea00000| Untracked 
|  42|0x000000070ec00000, 0x000000070ec00000, 0x000000070ee00000|  0%| F|  |TAMS 0x000000070ec00000, 0x000000070ec00000| Untracked 
|  43|0x000000070ee00000, 0x000000070ee00000, 0x000000070f000000|  0%| F|  |TAMS 0x000000070ee00000, 0x000000070ee00000| Untracked 
|  44|0x000000070f000000, 0x000000070f000000, 0x000000070f200000|  0%| F|  |TAMS 0x000000070f000000, 0x000000070f000000| Untracked 
|  45|0x000000070f200000, 0x000000070f200000, 0x000000070f400000|  0%| F|  |TAMS 0x000000070f200000, 0x000000070f200000| Untracked 
|  46|0x000000070f400000, 0x000000070f400000, 0x000000070f600000|  0%| F|  |TAMS 0x000000070f400000, 0x000000070f400000| Untracked 
|  47|0x000000070f600000, 0x000000070f600000, 0x000000070f800000|  0%| F|  |TAMS 0x000000070f600000, 0x000000070f600000| Untracked 
|  48|0x000000070f800000, 0x000000070f800000, 0x000000070fa00000|  0%| F|  |TAMS 0x000000070f800000, 0x000000070f800000| Untracked 
|  49|0x000000070fa00000, 0x000000070fa00000, 0x000000070fc00000|  0%| F|  |TAMS 0x000000070fa00000, 0x000000070fa00000| Untracked 
|  50|0x000000070fc00000, 0x000000070fc00000, 0x000000070fe00000|  0%| F|  |TAMS 0x000000070fc00000, 0x000000070fc00000| Untracked 
|  51|0x000000070fe00000, 0x000000070fe00000, 0x0000000710000000|  0%| F|  |TAMS 0x000000070fe00000, 0x000000070fe00000| Untracked 
|  52|0x0000000710000000, 0x0000000710000000, 0x0000000710200000|  0%| F|  |TAMS 0x0000000710000000, 0x0000000710000000| Untracked 
|  53|0x0000000710200000, 0x0000000710200000, 0x0000000710400000|  0%| F|  |TAMS 0x0000000710200000, 0x0000000710200000| Untracked 
|  54|0x0000000710400000, 0x0000000710400000, 0x0000000710600000|  0%| F|  |TAMS 0x0000000710400000, 0x0000000710400000| Untracked 
|  55|0x0000000710600000, 0x0000000710600000, 0x0000000710800000|  0%| F|  |TAMS 0x0000000710600000, 0x0000000710600000| Untracked 
|  56|0x0000000710800000, 0x0000000710800000, 0x0000000710a00000|  0%| F|  |TAMS 0x0000000710800000, 0x0000000710800000| Untracked 
|  57|0x0000000710a00000, 0x0000000710a00000, 0x0000000710c00000|  0%| F|  |TAMS 0x0000000710a00000, 0x0000000710a00000| Untracked 
|  58|0x0000000710c00000, 0x0000000710c00000, 0x0000000710e00000|  0%| F|  |TAMS 0x0000000710c00000, 0x0000000710c00000| Untracked 
|  59|0x0000000710e00000, 0x0000000710e00000, 0x0000000711000000|  0%| F|  |TAMS 0x0000000710e00000, 0x0000000710e00000| Untracked 
|  60|0x0000000711000000, 0x0000000711000000, 0x0000000711200000|  0%| F|  |TAMS 0x0000000711000000, 0x0000000711000000| Untracked 
|  61|0x0000000711200000, 0x0000000711200000, 0x0000000711400000|  0%| F|  |TAMS 0x0000000711200000, 0x0000000711200000| Untracked 
|  62|0x0000000711400000, 0x0000000711400000, 0x0000000711600000|  0%| F|  |TAMS 0x0000000711400000, 0x0000000711400000| Untracked 
|  63|0x0000000711600000, 0x0000000711600000, 0x0000000711800000|  0%| F|  |TAMS 0x0000000711600000, 0x0000000711600000| Untracked 
|  64|0x0000000711800000, 0x0000000711800000, 0x0000000711a00000|  0%| F|  |TAMS 0x0000000711800000, 0x0000000711800000| Untracked 
|  65|0x0000000711a00000, 0x0000000711a00000, 0x0000000711c00000|  0%| F|  |TAMS 0x0000000711a00000, 0x0000000711a00000| Untracked 
|  66|0x0000000711c00000, 0x0000000711c00000, 0x0000000711e00000|  0%| F|  |TAMS 0x0000000711c00000, 0x0000000711c00000| Untracked 
|  67|0x0000000711e00000, 0x0000000711e00000, 0x0000000712000000|  0%| F|  |TAMS 0x0000000711e00000, 0x0000000711e00000| Untracked 
|  68|0x0000000712000000, 0x0000000712000000, 0x0000000712200000|  0%| F|  |TAMS 0x0000000712000000, 0x0000000712000000| Untracked 
|  69|0x0000000712200000, 0x0000000712200000, 0x0000000712400000|  0%| F|  |TAMS 0x0000000712200000, 0x0000000712200000| Untracked 
|  70|0x0000000712400000, 0x0000000712400000, 0x0000000712600000|  0%| F|  |TAMS 0x0000000712400000, 0x0000000712400000| Untracked 
|  71|0x0000000712600000, 0x0000000712600000, 0x0000000712800000|  0%| F|  |TAMS 0x0000000712600000, 0x0000000712600000| Untracked 
|  72|0x0000000712800000, 0x0000000712800000, 0x0000000712a00000|  0%| F|  |TAMS 0x0000000712800000, 0x0000000712800000| Untracked 
|  73|0x0000000712a00000, 0x0000000712a00000, 0x0000000712c00000|  0%| F|  |TAMS 0x0000000712a00000, 0x0000000712a00000| Untracked 
|  74|0x0000000712c00000, 0x0000000712c00000, 0x0000000712e00000|  0%| F|  |TAMS 0x0000000712c00000, 0x0000000712c00000| Untracked 
|  75|0x0000000712e00000, 0x0000000712e00000, 0x0000000713000000|  0%| F|  |TAMS 0x0000000712e00000, 0x0000000712e00000| Untracked 
|  76|0x0000000713000000, 0x0000000713000000, 0x0000000713200000|  0%| F|  |TAMS 0x0000000713000000, 0x0000000713000000| Untracked 
|  77|0x0000000713200000, 0x0000000713200000, 0x0000000713400000|  0%| F|  |TAMS 0x0000000713200000, 0x0000000713200000| Untracked 
|  78|0x0000000713400000, 0x0000000713400000, 0x0000000713600000|  0%| F|  |TAMS 0x0000000713400000, 0x0000000713400000| Untracked 
|  79|0x0000000713600000, 0x0000000713600000, 0x0000000713800000|  0%| F|  |TAMS 0x0000000713600000, 0x0000000713600000| Untracked 
|  80|0x0000000713800000, 0x0000000713800000, 0x0000000713a00000|  0%| F|  |TAMS 0x0000000713800000, 0x0000000713800000| Untracked 
|  81|0x0000000713a00000, 0x0000000713a00000, 0x0000000713c00000|  0%| F|  |TAMS 0x0000000713a00000, 0x0000000713a00000| Untracked 
|  82|0x0000000713c00000, 0x0000000713c00000, 0x0000000713e00000|  0%| F|  |TAMS 0x0000000713c00000, 0x0000000713c00000| Untracked 
|  83|0x0000000713e00000, 0x0000000713e00000, 0x0000000714000000|  0%| F|  |TAMS 0x0000000713e00000, 0x0000000713e00000| Untracked 
|  84|0x0000000714000000, 0x0000000714000000, 0x0000000714200000|  0%| F|  |TAMS 0x0000000714000000, 0x0000000714000000| Untracked 
|  85|0x0000000714200000, 0x0000000714200000, 0x0000000714400000|  0%| F|  |TAMS 0x0000000714200000, 0x0000000714200000| Untracked 
|  86|0x0000000714400000, 0x0000000714400000, 0x0000000714600000|  0%| F|  |TAMS 0x0000000714400000, 0x0000000714400000| Untracked 
|  87|0x0000000714600000, 0x0000000714600000, 0x0000000714800000|  0%| F|  |TAMS 0x0000000714600000, 0x0000000714600000| Untracked 
|  88|0x0000000714800000, 0x0000000714800000, 0x0000000714a00000|  0%| F|  |TAMS 0x0000000714800000, 0x0000000714800000| Untracked 
|  89|0x0000000714a00000, 0x0000000714a00000, 0x0000000714c00000|  0%| F|  |TAMS 0x0000000714a00000, 0x0000000714a00000| Untracked 
|  90|0x0000000714c00000, 0x0000000714c00000, 0x0000000714e00000|  0%| F|  |TAMS 0x0000000714c00000, 0x0000000714c00000| Untracked 
|  91|0x0000000714e00000, 0x0000000714e00000, 0x0000000715000000|  0%| F|  |TAMS 0x0000000714e00000, 0x0000000714e00000| Untracked 
|  92|0x0000000715000000, 0x0000000715000000, 0x0000000715200000|  0%| F|  |TAMS 0x0000000715000000, 0x0000000715000000| Untracked 
|  93|0x0000000715200000, 0x0000000715200000, 0x0000000715400000|  0%| F|  |TAMS 0x0000000715200000, 0x0000000715200000| Untracked 
|  94|0x0000000715400000, 0x0000000715400000, 0x0000000715600000|  0%| F|  |TAMS 0x0000000715400000, 0x0000000715400000| Untracked 
|  95|0x0000000715600000, 0x0000000715600000, 0x0000000715800000|  0%| F|  |TAMS 0x0000000715600000, 0x0000000715600000| Untracked 
|  96|0x0000000715800000, 0x0000000715800000, 0x0000000715a00000|  0%| F|  |TAMS 0x0000000715800000, 0x0000000715800000| Untracked 
|  97|0x0000000715a00000, 0x0000000715a00000, 0x0000000715c00000|  0%| F|  |TAMS 0x0000000715a00000, 0x0000000715a00000| Untracked 
|  98|0x0000000715c00000, 0x0000000715c00000, 0x0000000715e00000|  0%| F|  |TAMS 0x0000000715c00000, 0x0000000715c00000| Untracked 
|  99|0x0000000715e00000, 0x0000000715e00000, 0x0000000716000000|  0%| F|  |TAMS 0x0000000715e00000, 0x0000000715e00000| Untracked 
| 100|0x0000000716000000, 0x0000000716000000, 0x0000000716200000|  0%| F|  |TAMS 0x0000000716000000, 0x0000000716000000| Untracked 
| 101|0x0000000716200000, 0x0000000716200000, 0x0000000716400000|  0%| F|  |TAMS 0x0000000716200000, 0x0000000716200000| Untracked 
| 102|0x0000000716400000, 0x0000000716400000, 0x0000000716600000|  0%| F|  |TAMS 0x0000000716400000, 0x0000000716400000| Untracked 
| 103|0x0000000716600000, 0x0000000716600000, 0x0000000716800000|  0%| F|  |TAMS 0x0000000716600000, 0x0000000716600000| Untracked 
| 104|0x0000000716800000, 0x0000000716800000, 0x0000000716a00000|  0%| F|  |TAMS 0x0000000716800000, 0x0000000716800000| Untracked 
| 105|0x0000000716a00000, 0x0000000716a00000, 0x0000000716c00000|  0%| F|  |TAMS 0x0000000716a00000, 0x0000000716a00000| Untracked 
| 106|0x0000000716c00000, 0x0000000716c6bb20, 0x0000000716e00000| 21%| S|CS|TAMS 0x0000000716c00000, 0x0000000716c00000| Complete 
| 107|0x0000000716e00000, 0x0000000717000000, 0x0000000717000000|100%| S|CS|TAMS 0x0000000716e00000, 0x0000000716e00000| Complete 
| 108|0x0000000717000000, 0x0000000717000000, 0x0000000717200000|  0%| F|  |TAMS 0x0000000717000000, 0x0000000717000000| Untracked 
| 109|0x0000000717200000, 0x0000000717200000, 0x0000000717400000|  0%| F|  |TAMS 0x0000000717200000, 0x0000000717200000| Untracked 
| 110|0x0000000717400000, 0x0000000717400000, 0x0000000717600000|  0%| F|  |TAMS 0x0000000717400000, 0x0000000717400000| Untracked 
| 111|0x0000000717600000, 0x0000000717600000, 0x0000000717800000|  0%| F|  |TAMS 0x0000000717600000, 0x0000000717600000| Untracked 
| 112|0x0000000717800000, 0x0000000717a00000, 0x0000000717a00000|100%| E|  |TAMS 0x0000000717800000, 0x0000000717800000| Complete 
| 113|0x0000000717a00000, 0x0000000717c00000, 0x0000000717c00000|100%| E|CS|TAMS 0x0000000717a00000, 0x0000000717a00000| Complete 
| 114|0x0000000717c00000, 0x0000000717e00000, 0x0000000717e00000|100%| E|CS|TAMS 0x0000000717c00000, 0x0000000717c00000| Complete 
| 115|0x0000000717e00000, 0x0000000718000000, 0x0000000718000000|100%| E|CS|TAMS 0x0000000717e00000, 0x0000000717e00000| Complete 
| 116|0x0000000718000000, 0x0000000718200000, 0x0000000718200000|100%| E|CS|TAMS 0x0000000718000000, 0x0000000718000000| Complete 
| 117|0x0000000718200000, 0x0000000718400000, 0x0000000718400000|100%| E|CS|TAMS 0x0000000718200000, 0x0000000718200000| Complete 
| 118|0x0000000718400000, 0x0000000718600000, 0x0000000718600000|100%| E|CS|TAMS 0x0000000718400000, 0x0000000718400000| Complete 
| 119|0x0000000718600000, 0x0000000718800000, 0x0000000718800000|100%| E|  |TAMS 0x0000000718600000, 0x0000000718600000| Complete 
| 120|0x0000000718800000, 0x0000000718a00000, 0x0000000718a00000|100%| E|CS|TAMS 0x0000000718800000, 0x0000000718800000| Complete 
| 121|0x0000000718a00000, 0x0000000718c00000, 0x0000000718c00000|100%| E|CS|TAMS 0x0000000718a00000, 0x0000000718a00000| Complete 
| 122|0x0000000718c00000, 0x0000000718e00000, 0x0000000718e00000|100%| E|CS|TAMS 0x0000000718c00000, 0x0000000718c00000| Complete 
| 123|0x0000000718e00000, 0x0000000719000000, 0x0000000719000000|100%| E|CS|TAMS 0x0000000718e00000, 0x0000000718e00000| Complete 

Card table byte_map: [0x0000024048920000,0x00000240490e0000] _byte_map_base: 0x00000240450d4000

Marking Bits (Prev, Next): (CMBitMap*) 0x00000240311a46a0, (CMBitMap*) 0x00000240311a46e0
 Prev Bits: [0x00000240498a0000, 0x000002404d640000)
 Next Bits: [0x000002404d640000, 0x00000240513e0000)

Polling page: 0x00000240308f0000

Metaspace:

Usage:
  Non-class:     15.08 MB used.
      Class:      2.17 MB used.
       Both:     17.25 MB used.

Virtual space:
  Non-class space:       16.00 MB reserved,      15.25 MB ( 95%) committed,  2 nodes.
      Class space:        1.00 GB reserved,       2.31 MB ( <1%) committed,  1 nodes.
             Both:        1.02 GB reserved,      17.56 MB (  2%) committed. 

Chunk freelists:
   Non-Class:  32.00 KB
       Class:  1.67 MB
        Both:  1.70 MB

MaxMetaspaceSize: unlimited
CompressedClassSpaceSize: 1.00 GB
Initial GC threshold: 21.00 MB
Current GC threshold: 21.00 MB
CDS: on
MetaspaceReclaimPolicy: balanced
 - commit_granule_bytes: 65536.
 - commit_granule_words: 8192.
 - virtual_space_node_default_size: 1048576.
 - enlarge_chunks_in_place: 1.
 - new_chunks_are_fully_committed: 0.
 - uncommit_free_chunks: 1.
 - use_allocation_guard: 0.
 - handle_deallocations: 1.


Internal statistics:

num_allocs_failed_limit: 0.
num_arena_births: 262.
num_arena_deaths: 0.
num_vsnodes_births: 3.
num_vsnodes_deaths: 0.
num_space_committed: 281.
num_space_uncommitted: 0.
num_chunks_returned_to_freelist: 0.
num_chunks_taken_from_freelist: 873.
num_chunk_merges: 0.
num_chunk_splits: 584.
num_chunks_enlarged: 451.
num_purges: 0.
num_inconsistent_stats: 0.

CodeHeap 'non-profiled nmethods': size=120000Kb used=913Kb max_used=913Kb free=119086Kb
 bounds [0x00000240406e0000, 0x0000024040950000, 0x0000024047c10000]
CodeHeap 'profiled nmethods': size=120000Kb used=4356Kb max_used=4356Kb free=115643Kb
 bounds [0x00000240391b0000, 0x0000024039600000, 0x00000240406e0000]
CodeHeap 'non-nmethods': size=5760Kb used=1200Kb max_used=1237Kb free=4559Kb
 bounds [0x0000024038c10000, 0x0000024038e80000, 0x00000240391b0000]
 total_blobs=2739 nmethods=2236 adapters=415
 compilation: enabled
              stopped_count=0, restarted_count=0
 full_count=0

Compilation events (20 events):
Event: 1.061 Thread 0x0000024054c0d4e0 nmethod 2167 0x00000240395c4310 code [0x00000240395c44c0, 0x00000240395c46e8]
Event: 1.061 Thread 0x0000024054c0d4e0 2169       3       java.util.TreeMap::setColor (10 bytes)
Event: 1.061 Thread 0x0000024054c0d4e0 nmethod 2169 0x00000240395c4790 code [0x00000240395c4920, 0x00000240395c4a58]
Event: 1.061 Thread 0x0000024054c0d4e0 2170       3       java.util.TreeMap::leftOf (13 bytes)
Event: 1.061 Thread 0x0000024054c0d4e0 nmethod 2170 0x00000240395c4b10 code [0x00000240395c4ca0, 0x00000240395c4e18]
Event: 1.061 Thread 0x0000024054c0d4e0 2171       3       java.util.LinkedHashSet::<init> (10 bytes)
Event: 1.061 Thread 0x0000024054c0d4e0 nmethod 2171 0x00000240395c4f10 code [0x00000240395c50e0, 0x00000240395c5228]
Event: 1.065 Thread 0x0000024054c0d4e0 2174       3       org.springframework.boot.autoconfigure.AutoConfigurationMetadataLoader$PropertiesAutoConfigurationMetadata::get (8 bytes)
Event: 1.066 Thread 0x0000024054c0d4e0 nmethod 2174 0x00000240395c5310 code [0x00000240395c56c0, 0x00000240395c7338]
Event: 1.066 Thread 0x0000024054c0d4e0 2175       3       org.springframework.boot.autoconfigure.AutoConfigurationMetadataLoader$PropertiesAutoConfigurationMetadata::get (28 bytes)
Event: 1.067 Thread 0x0000024054c0d4e0 nmethod 2175 0x00000240395c7d90 code [0x00000240395c8140, 0x00000240395c9d58]
Event: 1.067 Thread 0x0000024054c0d4e0 2176       3       java.lang.reflect.Constructor::getRoot (5 bytes)
Event: 1.067 Thread 0x0000024054c0d4e0 nmethod 2176 0x00000240395ca790 code [0x00000240395ca920, 0x00000240395caa38]
Event: 1.067 Thread 0x0000024054c0d4e0 2177       3       jdk.internal.reflect.ReflectionFactory::newConstructorAccessor (155 bytes)
Event: 1.068 Thread 0x0000024054c0d4e0 nmethod 2177 0x00000240395cab10 code [0x00000240395cae80, 0x00000240395cc598]
Event: 1.068 Thread 0x0000024054c0d4e0 2178       3       java.lang.invoke.MethodType::methodType (14 bytes)
Event: 1.068 Thread 0x0000024054c0d4e0 nmethod 2178 0x00000240395ccd10 code [0x00000240395ccec0, 0x00000240395cd228]
Event: 1.073 Thread 0x00000240560c3bb0 nmethod 2155 0x00000240407b5210 code [0x00000240407b54a0, 0x00000240407b6918]
Event: 1.073 Thread 0x00000240560c3bb0 2139       4       org.springframework.boot.context.properties.source.ConfigurationPropertyName$ElementsParser::updateType (109 bytes)
Event: 1.074 Thread 0x0000024054c0d4e0 2180       3       java.util.concurrent.ConcurrentHashMap::containsKey (14 bytes)

GC Heap History (4 events):
Event: 0.568 GC heap before
{Heap before GC invocations=0 (full 0):
 garbage-first heap   total 253952K, used 20480K [0x0000000709800000, 0x0000000800000000)
  region size 2048K, 11 young (22528K), 0 survivors (0K)
 Metaspace       used 6093K, committed 6272K, reserved 1056768K
  class space    used 723K, committed 832K, reserved 1048576K
}
Event: 0.571 GC heap after
{Heap after GC invocations=1 (full 0):
 garbage-first heap   total 253952K, used 5773K [0x0000000709800000, 0x0000000800000000)
  region size 2048K, 2 young (4096K), 2 survivors (4096K)
 Metaspace       used 6093K, committed 6272K, reserved 1056768K
  class space    used 723K, committed 832K, reserved 1048576K
}
Event: 0.869 GC heap before
{Heap before GC invocations=1 (full 0):
 garbage-first heap   total 253952K, used 34445K [0x0000000709800000, 0x0000000800000000)
  region size 2048K, 16 young (32768K), 2 survivors (4096K)
 Metaspace       used 12967K, committed 13248K, reserved 1064960K
  class space    used 1613K, committed 1792K, reserved 1048576K
}
Event: 0.873 GC heap after
{Heap after GC invocations=2 (full 0):
 garbage-first heap   total 253952K, used 8311K [0x0000000709800000, 0x0000000800000000)
  region size 2048K, 2 young (4096K), 2 survivors (4096K)
 Metaspace       used 12967K, committed 13248K, reserved 1064960K
  class space    used 1613K, committed 1792K, reserved 1048576K
}

Dll operation events (11 events):
Event: 0.008 Loaded shared library C:\Program Files\Eclipse Adoptium\jdk-17.0.5.8-hotspot\bin\java.dll
Event: 0.015 Loaded shared library C:\Program Files\Eclipse Adoptium\jdk-17.0.5.8-hotspot\bin\jsvml.dll
Event: 0.084 Loaded shared library C:\Program Files\Eclipse Adoptium\jdk-17.0.5.8-hotspot\bin\zip.dll
Event: 0.086 Loaded shared library C:\Program Files\Eclipse Adoptium\jdk-17.0.5.8-hotspot\bin\instrument.dll
Event: 0.091 Loaded shared library C:\Program Files\Eclipse Adoptium\jdk-17.0.5.8-hotspot\bin\net.dll
Event: 0.093 Loaded shared library C:\Program Files\Eclipse Adoptium\jdk-17.0.5.8-hotspot\bin\nio.dll
Event: 0.094 Loaded shared library C:\Program Files\Eclipse Adoptium\jdk-17.0.5.8-hotspot\bin\zip.dll
Event: 0.255 Loaded shared library D:\Softwares\IntelliJ IDEA Community Edition 2023.1.2\bin\breakgen64.dll
Event: 0.269 Loaded shared library C:\Program Files\Eclipse Adoptium\jdk-17.0.5.8-hotspot\bin\verify.dll
Event: 0.282 Loaded shared library C:\Program Files\Eclipse Adoptium\jdk-17.0.5.8-hotspot\bin\jimage.dll
Event: 0.984 Loaded shared library C:\Program Files\Eclipse Adoptium\jdk-17.0.5.8-hotspot\bin\sunmscapi.dll

Deoptimization events (20 events):
Event: 0.971 Thread 0x00000240556c00e0 DEOPT PACKING pc=0x0000024040770af8 sp=0x00000077b7bfc920
Event: 0.971 Thread 0x00000240556c00e0 DEOPT UNPACKING pc=0x0000024038c623a3 sp=0x00000077b7bfc8a0 mode 2
Event: 0.973 Thread 0x00000240556c00e0 Uncommon trap: trap_request=0xffffffde fr.pc=0x0000024040770af8 relative=0x00000000000007f8
Event: 0.973 Thread 0x00000240556c00e0 Uncommon trap: reason=class_check action=maybe_recompile pc=0x0000024040770af8 method=java.util.HashMap.putVal(ILjava/lang/Object;Ljava/lang/Object;ZZ)Ljava/lang/Object; @ 203 c2
Event: 0.973 Thread 0x00000240556c00e0 DEOPT PACKING pc=0x0000024040770af8 sp=0x00000077b7bfc920
Event: 0.973 Thread 0x00000240556c00e0 DEOPT UNPACKING pc=0x0000024038c623a3 sp=0x00000077b7bfc8a0 mode 2
Event: 0.983 Thread 0x0000024031138710 Uncommon trap: trap_request=0xffffffc6 fr.pc=0x00000240407a5a84 relative=0x00000000000019e4
Event: 0.984 Thread 0x0000024031138710 Uncommon trap: reason=bimorphic_or_optimized_type_check action=maybe_recompile pc=0x00000240407a5a84 method=java.util.HashMap.putVal(ILjava/lang/Object;Ljava/lang/Object;ZZ)Ljava/lang/Object; @ 91 c2
Event: 0.984 Thread 0x0000024031138710 DEOPT PACKING pc=0x00000240407a5a84 sp=0x00000077b61feba0
Event: 0.984 Thread 0x0000024031138710 DEOPT UNPACKING pc=0x0000024038c623a3 sp=0x00000077b61fea58 mode 2
Event: 0.990 Thread 0x00000240556c00e0 DEOPT PACKING pc=0x00000240394ce598 sp=0x00000077b7bfe420
Event: 0.990 Thread 0x00000240556c00e0 DEOPT UNPACKING pc=0x0000024038c62b43 sp=0x00000077b7bfd928 mode 0
Event: 0.994 Thread 0x0000024031138710 Uncommon trap: trap_request=0xffffffc6 fr.pc=0x00000240407a5a84 relative=0x00000000000019e4
Event: 0.994 Thread 0x0000024031138710 Uncommon trap: reason=bimorphic_or_optimized_type_check action=maybe_recompile pc=0x00000240407a5a84 method=java.util.HashMap.putVal(ILjava/lang/Object;Ljava/lang/Object;ZZ)Ljava/lang/Object; @ 91 c2
Event: 0.994 Thread 0x0000024031138710 DEOPT PACKING pc=0x00000240407a5a84 sp=0x00000077b61feba0
Event: 0.994 Thread 0x0000024031138710 DEOPT UNPACKING pc=0x0000024038c623a3 sp=0x00000077b61fea58 mode 2
Event: 1.041 Thread 0x0000024031138710 DEOPT PACKING pc=0x00000240394ce598 sp=0x00000077b61fda20
Event: 1.041 Thread 0x0000024031138710 DEOPT UNPACKING pc=0x0000024038c62b43 sp=0x00000077b61fcf28 mode 0
Event: 1.059 Thread 0x0000024031138710 DEOPT PACKING pc=0x00000240394ce598 sp=0x00000077b61fd3e0
Event: 1.059 Thread 0x0000024031138710 DEOPT UNPACKING pc=0x0000024038c62b43 sp=0x00000077b61fc8e8 mode 0

Classes unloaded (0 events):
No events

Classes redefined (0 events):
No events

Internal exceptions (20 events):
Event: 0.673 Thread 0x0000024031138710 Exception <a 'java/lang/NoSuchMethodError'{0x0000000718b74cc0}: 'void java.lang.invoke.DirectMethodHandle$Holder.invokeStaticInit(java.lang.Object, java.lang.Object, java.lang.Object)'> (0x0000000718b74cc0) 
thrown [s\src\hotspot\share\interpreter\linkResolver.cpp, line 759]
Event: 0.675 Thread 0x0000024031138710 Exception <a 'java/lang/NoSuchMethodError'{0x0000000718b92400}: 'java.lang.Object java.lang.invoke.DirectMethodHandle$Holder.invokeVirtual(java.lang.Object, java.lang.Object, java.lang.Object)'> (0x0000000718b92400) 
thrown [s\src\hotspot\share\interpreter\linkResolver.cpp, line 759]
Event: 0.689 Thread 0x0000024031138710 Exception <a 'java/lang/NoSuchMethodError'{0x000000071883b648}: 'void java.lang.invoke.DirectMethodHandle$Holder.invokeVirtual(java.lang.Object, java.lang.Object, java.lang.Object, java.lang.Object)'> (0x000000071883b648) 
thrown [s\src\hotspot\share\interpreter\linkResolver.cpp, line 759]
Event: 0.701 Thread 0x0000024031138710 Exception <a 'java/lang/NoSuchMethodError'{0x00000007188ec450}: 'java.lang.Object java.lang.invoke.DirectMethodHandle$Holder.invokeSpecial(java.lang.Object, java.lang.Object, long, java.lang.Object, java.lang.Object, java.lang.Object, java.lang.Object, java.lang.Object, java.lang.Object)'> (0x00000007188ec450) 
thrown [s\src\hotspot\share\interpreter\linkResolver.cpp, line 759]
Event: 0.701 Thread 0x0000024031138710 Exception <a 'java/lang/NoSuchMethodError'{0x00000007188f0cd0}: 'java.lang.Object java.lang.invoke.DelegatingMethodHandle$Holder.reinvoke_L(java.lang.Object, long, java.lang.Object, java.lang.Object, java.lang.Object, java.lang.Object, java.lang.Object, java.lang.Object)'> (0x00000007188f0cd0) 
thrown [s\src\hotspot\share\interpreter\linkResolver.cpp, line 759]
Event: 0.731 Thread 0x0000024031138710 Exception <a 'java/lang/NoSuchMethodError'{0x00000007186ad5d8}: 'void java.lang.invoke.DirectMethodHandle$Holder.invokeSpecial(java.lang.Object, java.lang.Object, java.lang.Object)'> (0x00000007186ad5d8) 
thrown [s\src\hotspot\share\interpreter\linkResolver.cpp, line 759]
Event: 0.748 Thread 0x00000240556c00e0 Exception <a 'java/lang/NoClassDefFoundError'{0x00000007187b8728}: jakarta/validation/Validation> (0x00000007187b8728) 
thrown [s\src\hotspot\share\classfile\systemDictionary.cpp, line 245]
Event: 0.750 Thread 0x0000024031138710 Exception <a 'java/lang/NoSuchMethodError'{0x00000007187f9220}: 'java.lang.Object java.lang.invoke.DirectMethodHandle$Holder.invokeStatic(java.lang.Object, java.lang.Object, int)'> (0x00000007187f9220) 
thrown [s\src\hotspot\share\interpreter\linkResolver.cpp, line 759]
Event: 0.751 Thread 0x0000024031138710 Exception <a 'java/lang/NoSuchMethodError'{0x0000000718435150}: 'void java.lang.invoke.DelegatingMethodHandle$Holder.delegate(java.lang.Object, java.lang.Object, int, java.lang.Object)'> (0x0000000718435150) 
thrown [s\src\hotspot\share\interpreter\linkResolver.cpp, line 759]
Event: 0.759 Thread 0x0000024031138710 Exception <a 'java/lang/IncompatibleClassChangeError'{0x000000071859cad0}: Found class java.lang.Object, but interface was expected> (0x000000071859cad0) 
thrown [s\src\hotspot\share\interpreter\linkResolver.cpp, line 826]
Event: 0.914 Thread 0x0000024031138710 Exception <a 'sun/nio/fs/WindowsException'{0x000000071895ea10}> (0x000000071895ea10) 
thrown [s\src\hotspot\share\prims\jni.cpp, line 516]
Event: 0.915 Thread 0x0000024031138710 Exception <a 'java/lang/NoSuchMethodError'{0x0000000718960298}: 'int java.lang.invoke.DirectMethodHandle$Holder.invokeSpecial(java.lang.Object, java.lang.Object, java.lang.Object, java.lang.Object, java.lang.Object)'> (0x0000000718960298) 
thrown [s\src\hotspot\share\interpreter\linkResolver.cpp, line 759]
Event: 0.917 Thread 0x0000024031138710 Exception <a 'java/lang/NoSuchMethodError'{0x0000000718969068}: 'void java.lang.invoke.DirectMethodHandle$Holder.invokeVirtual(java.lang.Object, java.lang.Object)'> (0x0000000718969068) 
thrown [s\src\hotspot\share\interpreter\linkResolver.cpp, line 759]
Event: 0.922 Thread 0x00000240556c00e0 Exception <a 'java/lang/NoSuchMethodError'{0x0000000718678ef8}: 'long java.lang.invoke.DirectMethodHandle$Holder.invokeSpecial(java.lang.Object, java.lang.Object)'> (0x0000000718678ef8) 
thrown [s\src\hotspot\share\interpreter\linkResolver.cpp, line 759]
Event: 0.923 Thread 0x00000240556c00e0 Exception <a 'java/lang/NoSuchMethodError'{0x0000000718683aa0}: 'long java.lang.invoke.DirectMethodHandle$Holder.invokeStatic(java.lang.Object, java.lang.Object)'> (0x0000000718683aa0) 
thrown [s\src\hotspot\share\interpreter\linkResolver.cpp, line 759]
Event: 0.923 Thread 0x00000240556c00e0 Exception <a 'java/lang/NoSuchMethodError'{0x0000000718686df8}: 'long java.lang.invoke.DirectMethodHandle$Holder.invokeStaticInit(java.lang.Object, java.lang.Object)'> (0x0000000718686df8) 
thrown [s\src\hotspot\share\interpreter\linkResolver.cpp, line 759]
Event: 0.924 Thread 0x00000240556c00e0 Exception <a 'java/lang/NoSuchMethodError'{0x0000000718694700}: 'long java.lang.invoke.DirectMethodHandle$Holder.invokeInterface(java.lang.Object, java.lang.Object)'> (0x0000000718694700) 
thrown [s\src\hotspot\share\interpreter\linkResolver.cpp, line 759]
Event: 0.925 Thread 0x00000240556c00e0 Exception <a 'java/lang/IncompatibleClassChangeError'{0x00000007186979e8}: Found class java.lang.Object, but interface was expected> (0x00000007186979e8) 
thrown [s\src\hotspot\share\interpreter\linkResolver.cpp, line 826]
Event: 0.927 Thread 0x00000240556c00e0 Exception <a 'java/lang/NoSuchMethodError'{0x00000007186b2ab8}: 'java.lang.Object java.lang.invoke.DirectMethodHandle$Holder.invokeVirtual(java.lang.Object, java.lang.Object, java.lang.Object, java.lang.Object)'> (0x00000007186b2ab8) 
thrown [s\src\hotspot\share\interpreter\linkResolver.cpp, line 759]
Event: 1.066 Thread 0x0000024031138710 Exception <a 'java/lang/IncompatibleClassChangeError'{0x0000000717b8d160}: Found class java.lang.Object, but interface was expected> (0x0000000717b8d160) 
thrown [s\src\hotspot\share\interpreter\linkResolver.cpp, line 826]

VM Operations (20 events):
Event: 0.729 Executing VM operation: HandshakeAllThreads
Event: 0.729 Executing VM operation: HandshakeAllThreads done
Event: 0.747 Executing VM operation: ICBufferFull
Event: 0.747 Executing VM operation: ICBufferFull done
Event: 0.750 Executing VM operation: HandshakeAllThreads
Event: 0.750 Executing VM operation: HandshakeAllThreads done
Event: 0.821 Executing VM operation: HandshakeAllThreads
Event: 0.822 Executing VM operation: HandshakeAllThreads done
Event: 0.869 Executing VM operation: G1CollectForAllocation
Event: 0.873 Executing VM operation: G1CollectForAllocation done
Event: 0.879 Executing VM operation: HandshakeAllThreads
Event: 0.879 Executing VM operation: HandshakeAllThreads done
Event: 0.903 Executing VM operation: HandshakeAllThreads
Event: 0.903 Executing VM operation: HandshakeAllThreads done
Event: 0.956 Executing VM operation: HandshakeAllThreads
Event: 0.956 Executing VM operation: HandshakeAllThreads done
Event: 0.969 Executing VM operation: HandshakeAllThreads
Event: 0.969 Executing VM operation: HandshakeAllThreads done
Event: 1.072 Executing VM operation: HandshakeAllThreads
Event: 1.073 Executing VM operation: HandshakeAllThreads done

Events (20 events):
Event: 0.976 loading class sun/security/ssl/SunJSSE done
Event: 0.977 loading class com/sun/crypto/provider/SunJCE
Event: 0.977 loading class com/sun/crypto/provider/SunJCE done
Event: 0.987 loading class com/sun/security/sasl/Provider
Event: 0.988 loading class com/sun/security/sasl/Provider done
Event: 0.988 loading class com/sun/security/sasl/Provider$1
Event: 0.988 loading class com/sun/security/sasl/Provider$1 done
Event: 0.988 loading class com/sun/security/sasl/Provider$ProviderService
Event: 0.988 loading class com/sun/security/sasl/Provider$ProviderService done
Event: 0.988 loading class sun/security/provider/certpath/ldap/JdkLDAP
Event: 0.988 loading class sun/security/provider/certpath/ldap/JdkLDAP done
Event: 0.989 loading class sun/security/provider/certpath/ldap/JdkLDAP$ProviderService
Event: 0.989 loading class sun/security/provider/certpath/ldap/JdkLDAP$ProviderService done
Event: 0.990 Thread 0x00000240556c00e0 Thread exited: 0x00000240556c00e0
Event: 1.033 Thread 0x0000024057456580 Thread added: 0x0000024057456580
Event: 1.040 loading class javax/naming/ldap/LdapContext
Event: 1.041 loading class javax/naming/directory/DirContext
Event: 1.041 loading class javax/naming/directory/DirContext done
Event: 1.041 loading class javax/naming/ldap/LdapContext done
Event: 1.053 Thread 0x0000024057456580 Thread exited: 0x0000024057456580


Dynamic libraries:
0x00007ff698ad0000 - 0x00007ff698ade000 	C:\Program Files\Eclipse Adoptium\jdk-17.0.5.8-hotspot\bin\java.exe
0x00007ffe21b70000 - 0x00007ffe21d87000 	C:\WINDOWS\SYSTEM32\ntdll.dll
0x00007ffe211c0000 - 0x00007ffe21284000 	C:\WINDOWS\System32\KERNEL32.DLL
0x00007ffe1ed20000 - 0x00007ffe1f0f2000 	C:\WINDOWS\System32\KERNELBASE.dll
0x00007ffe1f3c0000 - 0x00007ffe1f4d1000 	C:\WINDOWS\System32\ucrtbase.dll
0x00007ffe1c7b0000 - 0x00007ffe1c7c9000 	C:\Program Files\Eclipse Adoptium\jdk-17.0.5.8-hotspot\bin\VCRUNTIME140.dll
0x00007ffe1c520000 - 0x00007ffe1c537000 	C:\Program Files\Eclipse Adoptium\jdk-17.0.5.8-hotspot\bin\jli.dll
0x00007ffe21670000 - 0x00007ffe21821000 	C:\WINDOWS\System32\USER32.dll
0x00007ffe0eab0000 - 0x00007ffe0ed4b000 	C:\WINDOWS\WinSxS\amd64_microsoft.windows.common-controls_6595b64144ccf1df_6.0.22621.5415_none_270d77d17387d7da\COMCTL32.dll
0x00007ffe1f4e0000 - 0x00007ffe1f506000 	C:\WINDOWS\System32\win32u.dll
0x00007ffe1fc20000 - 0x00007ffe1fcc7000 	C:\WINDOWS\System32\msvcrt.dll
0x00007ffe21a50000 - 0x00007ffe21a79000 	C:\WINDOWS\System32\GDI32.dll
0x00007ffe1f510000 - 0x00007ffe1f633000 	C:\WINDOWS\System32\gdi32full.dll
0x00007ffe1f2f0000 - 0x00007ffe1f38a000 	C:\WINDOWS\System32\msvcp_win.dll
0x00007ffe21290000 - 0x00007ffe212c1000 	C:\WINDOWS\System32\IMM32.DLL
0x00007ffe1c940000 - 0x00007ffe1c94c000 	C:\Program Files\Eclipse Adoptium\jdk-17.0.5.8-hotspot\bin\vcruntime140_1.dll
0x00007ffdf1200000 - 0x00007ffdf1291000 	C:\Program Files\Eclipse Adoptium\jdk-17.0.5.8-hotspot\bin\msvcp140.dll
0x00007ffd70a80000 - 0x00007ffd716c4000 	C:\Program Files\Eclipse Adoptium\jdk-17.0.5.8-hotspot\bin\server\jvm.dll
0x00007ffe20160000 - 0x00007ffe20211000 	C:\WINDOWS\System32\ADVAPI32.dll
0x00007ffe21990000 - 0x00007ffe21a38000 	C:\WINDOWS\System32\sechost.dll
0x00007ffe1f390000 - 0x00007ffe1f3b8000 	C:\WINDOWS\System32\bcrypt.dll
0x00007ffe21020000 - 0x00007ffe21134000 	C:\WINDOWS\System32\RPCRT4.dll
0x00007ffe19310000 - 0x00007ffe19344000 	C:\WINDOWS\SYSTEM32\WINMM.dll
0x00007ffe18620000 - 0x00007ffe1862a000 	C:\WINDOWS\SYSTEM32\VERSION.dll
0x00007ffe1c4c0000 - 0x00007ffe1c4c9000 	C:\WINDOWS\SYSTEM32\WSOCK32.dll
0x00007ffe21140000 - 0x00007ffe211b1000 	C:\WINDOWS\System32\WS2_32.dll
0x00007ffe1dd80000 - 0x00007ffe1dd98000 	C:\WINDOWS\SYSTEM32\kernel.appcore.dll
0x00007ffe1c510000 - 0x00007ffe1c51a000 	C:\Program Files\Eclipse Adoptium\jdk-17.0.5.8-hotspot\bin\jimage.dll
0x00007ffe1c540000 - 0x00007ffe1c773000 	C:\WINDOWS\SYSTEM32\DBGHELP.DLL
0x00007ffe20ae0000 - 0x00007ffe20e73000 	C:\WINDOWS\System32\combase.dll
0x00007ffe21350000 - 0x00007ffe21427000 	C:\WINDOWS\System32\OLEAUT32.dll
0x00007ffe01140000 - 0x00007ffe01172000 	C:\WINDOWS\SYSTEM32\dbgcore.DLL
0x00007ffe1f780000 - 0x00007ffe1f7fb000 	C:\WINDOWS\System32\bcryptPrimitives.dll
0x00007ffe1c9b0000 - 0x00007ffe1c9be000 	C:\Program Files\Eclipse Adoptium\jdk-17.0.5.8-hotspot\bin\instrument.dll
0x00007ffe07040000 - 0x00007ffe07065000 	C:\Program Files\Eclipse Adoptium\jdk-17.0.5.8-hotspot\bin\java.dll
0x00007ffdf0b70000 - 0x00007ffdf0c46000 	C:\Program Files\Eclipse Adoptium\jdk-17.0.5.8-hotspot\bin\jsvml.dll
0x00007ffe20230000 - 0x00007ffe20ad2000 	C:\WINDOWS\System32\SHELL32.dll
0x00007ffe1f640000 - 0x00007ffe1f77f000 	C:\WINDOWS\System32\wintypes.dll
0x00007ffe1cba0000 - 0x00007ffe1d4be000 	C:\WINDOWS\SYSTEM32\windows.storage.dll
0x00007ffe214f0000 - 0x00007ffe215fb000 	C:\WINDOWS\System32\SHCORE.dll
0x00007ffe1f9f0000 - 0x00007ffe1fa59000 	C:\WINDOWS\System32\shlwapi.dll
0x00007ffe1eb90000 - 0x00007ffe1ebbb000 	C:\WINDOWS\SYSTEM32\profapi.dll
0x00007ffdf3760000 - 0x00007ffdf3778000 	C:\Program Files\Eclipse Adoptium\jdk-17.0.5.8-hotspot\bin\zip.dll
0x00007ffe1c4f0000 - 0x00007ffe1c509000 	C:\Program Files\Eclipse Adoptium\jdk-17.0.5.8-hotspot\bin\net.dll
0x00007ffe1a9e0000 - 0x00007ffe1ab0c000 	C:\WINDOWS\SYSTEM32\WINHTTP.dll
0x00007ffe1e200000 - 0x00007ffe1e269000 	C:\WINDOWS\system32\mswsock.dll
0x00007ffe07020000 - 0x00007ffe07035000 	C:\Program Files\Eclipse Adoptium\jdk-17.0.5.8-hotspot\bin\nio.dll
0x00007ffe1c960000 - 0x00007ffe1c97a000 	D:\Softwares\IntelliJ IDEA Community Edition 2023.1.2\bin\breakgen64.dll
0x00007ffe092c0000 - 0x00007ffe092d0000 	C:\Program Files\Eclipse Adoptium\jdk-17.0.5.8-hotspot\bin\verify.dll
0x00007ffe1c980000 - 0x00007ffe1c98e000 	C:\Program Files\Eclipse Adoptium\jdk-17.0.5.8-hotspot\bin\sunmscapi.dll
0x00007ffe1f100000 - 0x00007ffe1f267000 	C:\WINDOWS\System32\CRYPT32.dll
0x00007ffe1e5f0000 - 0x00007ffe1e61d000 	C:\WINDOWS\SYSTEM32\ncrypt.dll
0x00007ffe1e5b0000 - 0x00007ffe1e5e7000 	C:\WINDOWS\SYSTEM32\NTASN1.dll

dbghelp: loaded successfully - version: 4.0.5 - missing functions: none
symbol engine: initialized successfully - sym options: 0x614 - pdb path: .;C:\Program Files\Eclipse Adoptium\jdk-17.0.5.8-hotspot\bin;C:\WINDOWS\SYSTEM32;C:\WINDOWS\WinSxS\amd64_microsoft.windows.common-controls_6595b64144ccf1df_6.0.22621.5415_none_270d77d17387d7da;C:\Program Files\Eclipse Adoptium\jdk-17.0.5.8-hotspot\bin\server;D:\Softwares\IntelliJ IDEA Community Edition 2023.1.2\bin

VM Arguments:
jvm_args: -javaagent:D:\Softwares\IntelliJ IDEA Community Edition 2023.1.2\lib\idea_rt.jar=7493:D:\Softwares\IntelliJ IDEA Community Edition 2023.1.2\bin -Dfile.encoding=UTF-8 
java_command: Lectra.LectraApplication
java_class_path (initial): D:\Programs\Java Programs\Spring Framework\Lectra\target\classes;C:\Users\jaisw\.m2\repository\org\springframework\boot\spring-boot-starter-data-mongodb\3.4.4\spring-boot-starter-data-mongodb-3.4.4.jar;C:\Users\jaisw\.m2\repository\org\springframework\boot\spring-boot-starter\3.4.4\spring-boot-starter-3.4.4.jar;C:\Users\jaisw\.m2\repository\org\springframework\boot\spring-boot\3.4.4\spring-boot-3.4.4.jar;C:\Users\jaisw\.m2\repository\org\springframework\boot\spring-boot-autoconfigure\3.4.4\spring-boot-autoconfigure-3.4.4.jar;C:\Users\jaisw\.m2\repository\org\springframework\boot\spring-boot-starter-logging\3.4.4\spring-boot-starter-logging-3.4.4.jar;C:\Users\jaisw\.m2\repository\ch\qos\logback\logback-classic\1.5.18\logback-classic-1.5.18.jar;C:\Users\jaisw\.m2\repository\ch\qos\logback\logback-core\1.5.18\logback-core-1.5.18.jar;C:\Users\jaisw\.m2\repository\org\apache\logging\log4j\log4j-to-slf4j\2.24.3\log4j-to-slf4j-2.24.3.jar;C:\Users\jaisw\.m2\repository\org\apache\logging\log4j\log4j-api\2.24.3\log4j-api-2.24.3.jar;C:\Users\jaisw\.m2\repository\org\slf4j\jul-to-slf4j\2.0.17\jul-to-slf4j-2.0.17.jar;C:\Users\jaisw\.m2\repository\jakarta\annotation\jakarta.annotation-api\2.1.1\jakarta.annotation-api-2.1.1.jar;C:\Users\jaisw\.m2\repository\org\yaml\snakeyaml\2.3\snakeyaml-2.3.jar;C:\Users\jaisw\.m2\repository\org\mongodb\mongodb-driver-sync\5.2.1\mongodb-driver-sync-5.2.1.jar;C:\Users\jaisw\.m2\repository\org\mongodb\bson\5.2.1\bson-5.2.1.jar;C:\Users\jaisw\.m2\repository\org\mongodb\mongodb-driver-core\5.2.1\mongodb-driver-core-5.2.1.jar;C:\Users\jaisw\.m2\repository\org\mongodb\bson-record-codec\5.2.1\bson-record-codec-5.2.1.jar;C:\Users\jaisw\.m2\repository\org\springframework\data\spring-data-mongodb\4.4.4\spring-data-mongodb-4.4.4.jar;C:\Users\jaisw\.m2\repository\org\springframework\spring-tx\6.2.5\spring-tx-6.2.5.jar;C:\Users\jaisw\.m2\repository\org\springframework\spring-context\6.2.5\spring-context-6.2.5.jar;C:\Users\jaisw\.
Launcher Type: SUN_STANDARD

[Global flags]
     intx CICompilerCount                          = 4                                         {product} {ergonomic}
     uint ConcGCThreads                            = 3                                         {product} {ergonomic}
     uint G1ConcRefinementThreads                  = 10                                        {product} {ergonomic}
   size_t G1HeapRegionSize                         = 2097152                                   {product} {ergonomic}
    uintx GCDrainStackTargetSize                   = 64                                        {product} {ergonomic}
   size_t InitialHeapSize                          = 260046848                                 {product} {ergonomic}
   size_t MarkStackSize                            = 4194304                                   {product} {ergonomic}
   size_t MaxHeapSize                              = 4135583744                                {product} {ergonomic}
   size_t MaxNewSize                               = 2480930816                                {product} {ergonomic}
   size_t MinHeapDeltaBytes                        = 2097152                                   {product} {ergonomic}
   size_t MinHeapSize                              = 8388608                                   {product} {ergonomic}
    uintx NonNMethodCodeHeapSize                   = 5839372                                {pd product} {ergonomic}
    uintx NonProfiledCodeHeapSize                  = 122909434                              {pd product} {ergonomic}
    uintx ProfiledCodeHeapSize                     = 122909434                              {pd product} {ergonomic}
    uintx ReservedCodeCacheSize                    = 251658240                              {pd product} {ergonomic}
     bool SegmentedCodeCache                       = true                                      {product} {ergonomic}
   size_t SoftMaxHeapSize                          = 4135583744                             {manageable} {ergonomic}
     bool UseCompressedClassPointers               = true                           {product lp64_product} {ergonomic}
     bool UseCompressedOops                        = true                           {product lp64_product} {ergonomic}
     bool UseG1GC                                  = true                                      {product} {ergonomic}
     bool UseLargePagesIndividualAllocation        = false                                  {pd product} {ergonomic}

Logging:
Log output configuration:
 #0: stdout all=warning uptime,level,tags
 #1: stderr all=off uptime,level,tags

Environment Variables:
JAVA_HOME=C:\Program Files\Java\jdk-17
PATH=C:\Windows\System32;C:\Program Files\Git\cmd;C:\Program Files\MongoDB\Server\8.0\bin;C:\Program Files (x86)\NVIDIA Corporation\PhysX\Common;C:\Program Files\NVIDIA Corporation\NVIDIA app\NvDLISR;C:\Program Files\nodejs\;D:\Downloads;C:\Program Files\MySQL\MySQL Shell 8.0\bin\;C:\Users\jaisw\AppData\Local\Microsoft\WindowsApps;D:\Softwares\Microsoft VS Code\bin;D:\Softwares\Mingw\bin;C:\Users\jaisw\AppData\Local\Programs\mongosh\;C:\Users\jaisw\AppData\Roaming\npm
USERNAME=jaisw
OS=Windows_NT
PROCESSOR_IDENTIFIER=AMD64 Family 25 Model 80 Stepping 0, AuthenticAMD
TMP=C:\Users\jaisw\AppData\Local\Temp
TEMP=C:\Users\jaisw\AppData\Local\Temp



---------------  S Y S T E M  ---------------

OS:
 Windows 11 , 64 bit Build 22621 (10.0.22621.5415)
OS uptime: 1 days 6:48 hours

CPU: total 12 (initial active 12) (12 cores per cpu, 2 threads per core) family 25 model 80 stepping 0 microcode 0x0, cx8, cmov, fxsr, ht, mmx, 3dnowpref, sse, sse2, sse3, ssse3, sse4a, sse4.1, sse4.2, popcnt, lzcnt, tsc, tscinvbit, avx, avx2, aes, erms, clmul, bmi1, bmi2, adx, sha, fma, vzeroupper, clflush, clflushopt

Memory: 4k page, system-wide physical 15775M (2338M free)
TotalPageFile size 15775M (AvailPageFile size 5M)
current process WorkingSet (physical memory assigned to process): 134M, peak: 135M
current process commit charge ("private bytes"): 395M, peak: 398M

vm_info: OpenJDK 64-Bit Server VM (17.0.5+8) for windows-amd64 JRE (17.0.5+8), built on Oct 19 2022 04:48:13 by "temurin" with MS VC++ 16.7 (VS2019)

END.
