#
# There is insufficient memory for the Java Runtime Environment to continue.
# Native memory allocation (mmap) failed to map 260046848 bytes for G1 virtual space
# Possible reasons:
#   The system is out of physical RAM or swap space
#   The process is running with CompressedOops enabled, and the Java Heap may be blocking the growth of the native heap
# Possible solutions:
#   Reduce memory load on the system
#   Increase physical memory or swap space
#   Check if swap backing store is full
#   Decrease Java heap size (-Xmx/-Xms)
#   Decrease number of Java threads
#   Decrease Java thread stack sizes (-Xss)
#   Set larger code cache with -XX:ReservedCodeCacheSize=
#   JVM is running with Zero Based Compressed Oops mode in which the Java heap is
#     placed in the first 32GB address space. The Java Heap base address is the
#     maximum limit for the native heap growth. Please use -XX:HeapBaseMinAddress
#     to set the Java Heap base and to place the Java Heap above 32GB virtual address.
# This output file may be truncated or incomplete.
#
#  Out of Memory Error (os_windows.cpp:3548), pid=14996, tid=2044
#
# JRE version:  (17.0.5+8) (build )
# Java VM: OpenJDK 64-Bit Server VM (17.0.5+8, mixed mode, sharing, tiered, compressed oops, compressed class ptrs, g1 gc, windows-amd64)
# No core dump will be written. Minidumps are not enabled by default on client versions of Windows
#

---------------  S U M M A R Y ------------

Command Line: -javaagent:D:\Softwares\IntelliJ IDEA Community Edition 2023.1.2\lib\idea_rt.jar=6270:D:\Softwares\IntelliJ IDEA Community Edition 2023.1.2\bin -Dfile.encoding=UTF-8 Lectra.LectraApplication

Host: AMD Ryzen 5 5600H with Radeon Graphics         , 12 cores, 15G,  Windows 11 , 64 bit Build 22621 (10.0.22621.5415)
Time: Sun Jul 20 16:25:14 2025 India Standard Time elapsed time: 0.021756 seconds (0d 0h 0m 0s)

---------------  T H R E A D  ---------------

Current thread (0x000001ef392888f0):  JavaThread "Unknown thread" [_thread_in_vm, id=2044, stack(0x00000036eaa00000,0x00000036eab00000)]

Stack: [0x00000036eaa00000,0x00000036eab00000]
Native frames: (J=compiled Java code, j=interpreted, Vv=VM code, C=native code)
V  [jvm.dll+0x676b3a]
V  [jvm.dll+0x831444]
V  [jvm.dll+0x832bee]
V  [jvm.dll+0x833253]
V  [jvm.dll+0x244ce5]
V  [jvm.dll+0x673a49]
V  [jvm.dll+0x66811a]
V  [jvm.dll+0x303ceb]
V  [jvm.dll+0x30b1e6]
V  [jvm.dll+0x35adbe]
V  [jvm.dll+0x35afef]
V  [jvm.dll+0x2dab88]
V  [jvm.dll+0x2dbaf4]
V  [jvm.dll+0x803121]
V  [jvm.dll+0x368bb1]
V  [jvm.dll+0x7e265c]
V  [jvm.dll+0x3eb17f]
V  [jvm.dll+0x3eccc1]
C  [jli.dll+0x5267]
C  [ucrtbase.dll+0x29333]
C  [KERNEL32.DLL+0x1259d]
C  [ntdll.dll+0x5af78]


---------------  P R O C E S S  ---------------

Threads class SMR info:
_java_thread_list=0x00007ffb8e1f2f18, length=0, elements={
}

Java Threads: ( => current thread )

Other Threads:
  0x000001ef392f3f50 GCTaskThread "GC Thread#0" [stack: 0x00000036eab00000,0x00000036eac00000] [id=20656]
  0x000001ef39304510 ConcurrentGCThread "G1 Main Marker" [stack: 0x00000036eac00000,0x00000036ead00000] [id=7000]
  0x000001ef393056c0 ConcurrentGCThread "G1 Conc#0" [stack: 0x00000036ead00000,0x00000036eae00000] [id=1468]

[error occurred during error reporting (printing all threads), id 0xc0000005, EXCEPTION_ACCESS_VIOLATION (0xc0000005) at pc=0x00007ffb8d9cb617]

VM state: not at safepoint (not fully initialized)

VM Mutex/Monitor currently owned by a thread:  ([mutex/lock_event])
[0x000001ef39282a80] Heap_lock - owner thread: 0x000001ef392888f0

Heap address: 0x0000000709800000, size: 3944 MB, Compressed Oops mode: Zero based, Oop shift amount: 3

CDS archive(s) mapped at: [0x0000000000000000-0x0000000000000000-0x0000000000000000), size 0, SharedBaseAddress: 0x0000000800000000, ArchiveRelocationMode: 0.
Narrow klass base: 0x0000000000000000, Narrow klass shift: 0, Narrow klass range: 0x0

GC Precious Log:
<Empty>

Heap:
 garbage-first heap   total 0K, used 0K [0x0000000709800000, 0x0000000800000000)
  region size 2048K, 0 young (0K), 0 survivors (0K)

[error occurred during error reporting (printing heap information), id 0xc0000005, EXCEPTION_ACCESS_VIOLATION (0xc0000005) at pc=0x00007ffb8ddafcb9]

GC Heap History (0 events):
No events

Dll operation events (1 events):
Event: 0.015 Loaded shared library C:\Program Files\Eclipse Adoptium\jdk-17.0.5.8-hotspot\bin\java.dll

Deoptimization events (0 events):
No events

Classes unloaded (0 events):
No events

Classes redefined (0 events):
No events

Internal exceptions (0 events):
No events

VM Operations (0 events):
No events

Events (0 events):
No events


Dynamic libraries:
0x00007ff7773f0000 - 0x00007ff7773fe000 	C:\Program Files\Eclipse Adoptium\jdk-17.0.5.8-hotspot\bin\java.exe
0x00007ffc18e70000 - 0x00007ffc19087000 	C:\WINDOWS\SYSTEM32\ntdll.dll
0x00007ffc17dc0000 - 0x00007ffc17e84000 	C:\WINDOWS\System32\KERNEL32.DLL
0x00007ffc166a0000 - 0x00007ffc16a72000 	C:\WINDOWS\System32\KERNELBASE.dll
0x00007ffc164a0000 - 0x00007ffc165b1000 	C:\WINDOWS\System32\ucrtbase.dll
0x00007ffc0cfd0000 - 0x00007ffc0cfe9000 	C:\Program Files\Eclipse Adoptium\jdk-17.0.5.8-hotspot\bin\VCRUNTIME140.dll
0x00007ffc0f270000 - 0x00007ffc0f287000 	C:\Program Files\Eclipse Adoptium\jdk-17.0.5.8-hotspot\bin\jli.dll
0x00007ffc18c70000 - 0x00007ffc18e21000 	C:\WINDOWS\System32\USER32.dll
0x00007ffc16670000 - 0x00007ffc16696000 	C:\WINDOWS\System32\win32u.dll
0x00007ffc04820000 - 0x00007ffc04abb000 	C:\WINDOWS\WinSxS\amd64_microsoft.windows.common-controls_6595b64144ccf1df_6.0.22621.5415_none_270d77d17387d7da\COMCTL32.dll
0x00007ffc18ac0000 - 0x00007ffc18ae9000 	C:\WINDOWS\System32\GDI32.dll
0x00007ffc17050000 - 0x00007ffc170f7000 	C:\WINDOWS\System32\msvcrt.dll
0x00007ffc15f60000 - 0x00007ffc16083000 	C:\WINDOWS\System32\gdi32full.dll
0x00007ffc16400000 - 0x00007ffc1649a000 	C:\WINDOWS\System32\msvcp_win.dll
0x00007ffc16b00000 - 0x00007ffc16b31000 	C:\WINDOWS\System32\IMM32.DLL
0x00007ffc11640000 - 0x00007ffc1164c000 	C:\Program Files\Eclipse Adoptium\jdk-17.0.5.8-hotspot\bin\vcruntime140_1.dll
0x00007ffc06120000 - 0x00007ffc061b1000 	C:\Program Files\Eclipse Adoptium\jdk-17.0.5.8-hotspot\bin\msvcp140.dll
0x00007ffb8d6e0000 - 0x00007ffb8e324000 	C:\Program Files\Eclipse Adoptium\jdk-17.0.5.8-hotspot\bin\server\jvm.dll
0x00007ffc18bb0000 - 0x00007ffc18c61000 	C:\WINDOWS\System32\ADVAPI32.dll
0x00007ffc18af0000 - 0x00007ffc18b98000 	C:\WINDOWS\System32\sechost.dll
0x00007ffc165c0000 - 0x00007ffc165e8000 	C:\WINDOWS\System32\bcrypt.dll
0x00007ffc18240000 - 0x00007ffc18354000 	C:\WINDOWS\System32\RPCRT4.dll
0x00007ffc102c0000 - 0x00007ffc102f4000 	C:\WINDOWS\SYSTEM32\WINMM.dll
0x00007ffbffcd0000 - 0x00007ffbffcd9000 	C:\WINDOWS\SYSTEM32\WSOCK32.dll
0x00007ffc0f8e0000 - 0x00007ffc0f8ea000 	C:\WINDOWS\SYSTEM32\VERSION.dll
0x00007ffc17100000 - 0x00007ffc17171000 	C:\WINDOWS\System32\WS2_32.dll
0x00007ffc15080000 - 0x00007ffc15098000 	C:\WINDOWS\SYSTEM32\kernel.appcore.dll
0x00007ffc0a4d0000 - 0x00007ffc0a4da000 	C:\Program Files\Eclipse Adoptium\jdk-17.0.5.8-hotspot\bin\jimage.dll
0x00007ffc13a00000 - 0x00007ffc13c33000 	C:\WINDOWS\SYSTEM32\DBGHELP.DLL
0x00007ffc18590000 - 0x00007ffc18923000 	C:\WINDOWS\System32\combase.dll
0x00007ffc17fa0000 - 0x00007ffc18077000 	C:\WINDOWS\System32\OLEAUT32.dll
0x00007ffc0a490000 - 0x00007ffc0a4c2000 	C:\WINDOWS\SYSTEM32\dbgcore.DLL
0x00007ffc165f0000 - 0x00007ffc1666b000 	C:\WINDOWS\System32\bcryptPrimitives.dll
0x00007ffc05dd0000 - 0x00007ffc05dde000 	C:\Program Files\Eclipse Adoptium\jdk-17.0.5.8-hotspot\bin\instrument.dll
0x00007ffc066e0000 - 0x00007ffc06705000 	C:\Program Files\Eclipse Adoptium\jdk-17.0.5.8-hotspot\bin\java.dll

dbghelp: loaded successfully - version: 4.0.5 - missing functions: none
symbol engine: initialized successfully - sym options: 0x614 - pdb path: .;C:\Program Files\Eclipse Adoptium\jdk-17.0.5.8-hotspot\bin;C:\WINDOWS\SYSTEM32;C:\WINDOWS\WinSxS\amd64_microsoft.windows.common-controls_6595b64144ccf1df_6.0.22621.5415_none_270d77d17387d7da;C:\Program Files\Eclipse Adoptium\jdk-17.0.5.8-hotspot\bin\server

VM Arguments:
jvm_args: -javaagent:D:\Softwares\IntelliJ IDEA Community Edition 2023.1.2\lib\idea_rt.jar=6270:D:\Softwares\IntelliJ IDEA Community Edition 2023.1.2\bin -Dfile.encoding=UTF-8 
java_command: Lectra.LectraApplication
java_class_path (initial): D:\Programs\Java Programs\Spring Framework\Lectra\target\classes;C:\Users\jaisw\.m2\repository\org\springframework\boot\spring-boot-starter-data-mongodb\3.4.4\spring-boot-starter-data-mongodb-3.4.4.jar;C:\Users\jaisw\.m2\repository\org\springframework\boot\spring-boot-starter\3.4.4\spring-boot-starter-3.4.4.jar;C:\Users\jaisw\.m2\repository\org\springframework\boot\spring-boot\3.4.4\spring-boot-3.4.4.jar;C:\Users\jaisw\.m2\repository\org\springframework\boot\spring-boot-autoconfigure\3.4.4\spring-boot-autoconfigure-3.4.4.jar;C:\Users\jaisw\.m2\repository\org\springframework\boot\spring-boot-starter-logging\3.4.4\spring-boot-starter-logging-3.4.4.jar;C:\Users\jaisw\.m2\repository\ch\qos\logback\logback-classic\1.5.18\logback-classic-1.5.18.jar;C:\Users\jaisw\.m2\repository\ch\qos\logback\logback-core\1.5.18\logback-core-1.5.18.jar;C:\Users\jaisw\.m2\repository\org\apache\logging\log4j\log4j-to-slf4j\2.24.3\log4j-to-slf4j-2.24.3.jar;C:\Users\jaisw\.m2\repository\org\apache\logging\log4j\log4j-api\2.24.3\log4j-api-2.24.3.jar;C:\Users\jaisw\.m2\repository\org\slf4j\jul-to-slf4j\2.0.17\jul-to-slf4j-2.0.17.jar;C:\Users\jaisw\.m2\repository\jakarta\annotation\jakarta.annotation-api\2.1.1\jakarta.annotation-api-2.1.1.jar;C:\Users\jaisw\.m2\repository\org\yaml\snakeyaml\2.3\snakeyaml-2.3.jar;C:\Users\jaisw\.m2\repository\org\mongodb\mongodb-driver-sync\5.2.1\mongodb-driver-sync-5.2.1.jar;C:\Users\jaisw\.m2\repository\org\mongodb\bson\5.2.1\bson-5.2.1.jar;C:\Users\jaisw\.m2\repository\org\mongodb\mongodb-driver-core\5.2.1\mongodb-driver-core-5.2.1.jar;C:\Users\jaisw\.m2\repository\org\mongodb\bson-record-codec\5.2.1\bson-record-codec-5.2.1.jar;C:\Users\jaisw\.m2\repository\org\springframework\data\spring-data-mongodb\4.4.4\spring-data-mongodb-4.4.4.jar;C:\Users\jaisw\.m2\repository\org\springframework\spring-tx\6.2.5\spring-tx-6.2.5.jar;C:\Users\jaisw\.m2\repository\org\springframework\spring-context\6.2.5\spring-context-6.2.5.jar;C:\Users\jaisw\.
Launcher Type: SUN_STANDARD

[Global flags]
     intx CICompilerCount                          = 4                                         {product} {ergonomic}
     uint ConcGCThreads                            = 3                                         {product} {ergonomic}
     uint G1ConcRefinementThreads                  = 10                                        {product} {ergonomic}
   size_t G1HeapRegionSize                         = 2097152                                   {product} {ergonomic}
    uintx GCDrainStackTargetSize                   = 64                                        {product} {ergonomic}
   size_t InitialHeapSize                          = 260046848                                 {product} {ergonomic}
   size_t MarkStackSize                            = 4194304                                   {product} {ergonomic}
   size_t MaxHeapSize                              = 4135583744                                {product} {ergonomic}
   size_t MinHeapDeltaBytes                        = 2097152                                   {product} {ergonomic}
   size_t MinHeapSize                              = 8388608                                   {product} {ergonomic}
    uintx NonNMethodCodeHeapSize                   = 5839372                                {pd product} {ergonomic}
    uintx NonProfiledCodeHeapSize                  = 122909434                              {pd product} {ergonomic}
    uintx ProfiledCodeHeapSize                     = 122909434                              {pd product} {ergonomic}
    uintx ReservedCodeCacheSize                    = 251658240                              {pd product} {ergonomic}
     bool SegmentedCodeCache                       = true                                      {product} {ergonomic}
   size_t SoftMaxHeapSize                          = 4135583744                             {manageable} {ergonomic}
     bool UseCompressedClassPointers               = true                           {product lp64_product} {ergonomic}
     bool UseCompressedOops                        = true                           {product lp64_product} {ergonomic}
     bool UseG1GC                                  = true                                      {product} {ergonomic}
     bool UseLargePagesIndividualAllocation        = false                                  {pd product} {ergonomic}

Logging:
Log output configuration:
 #0: stdout all=warning uptime,level,tags
 #1: stderr all=off uptime,level,tags

Environment Variables:
JAVA_HOME=C:\Program Files\Java\jdk-17
PATH=C:\Windows\System32;C:\Program Files\Git\cmd;C:\Program Files\MongoDB\Server\8.0\bin;C:\Program Files (x86)\NVIDIA Corporation\PhysX\Common;C:\Program Files\NVIDIA Corporation\NVIDIA app\NvDLISR;C:\Program Files\nodejs\;D:\Downloads;C:\Program Files\MySQL\MySQL Shell 8.0\bin\;C:\Users\jaisw\AppData\Local\Microsoft\WindowsApps;D:\Softwares\Microsoft VS Code\bin;D:\Softwares\Mingw\bin;C:\Users\jaisw\AppData\Local\Programs\mongosh\;C:\Users\jaisw\AppData\Roaming\npm
USERNAME=jaisw
OS=Windows_NT
PROCESSOR_IDENTIFIER=AMD64 Family 25 Model 80 Stepping 0, AuthenticAMD
TMP=C:\Users\jaisw\AppData\Local\Temp
TEMP=C:\Users\jaisw\AppData\Local\Temp



---------------  S Y S T E M  ---------------

OS:
 Windows 11 , 64 bit Build 22621 (10.0.22621.5415)
OS uptime: 0 days 2:21 hours

CPU: total 12 (initial active 12) (12 cores per cpu, 2 threads per core) family 25 model 80 stepping 0 microcode 0x0, cx8, cmov, fxsr, ht, mmx, 3dnowpref, sse, sse2, sse3, ssse3, sse4a, sse4.1, sse4.2, popcnt, lzcnt, tsc, tscinvbit, avx, avx2, aes, erms, clmul, bmi1, bmi2, adx, sha, fma, vzeroupper, clflush, clflushopt

Memory: 4k page, system-wide physical 15775M (4708M free)
TotalPageFile size 15775M (AvailPageFile size 204M)
current process WorkingSet (physical memory assigned to process): 11M, peak: 11M
current process commit charge ("private bytes"): 64M, peak: 312M

vm_info: OpenJDK 64-Bit Server VM (17.0.5+8) for windows-amd64 JRE (17.0.5+8), built on Oct 19 2022 04:48:13 by "temurin" with MS VC++ 16.7 (VS2019)

END.
