#
# There is insufficient memory for the Java Runtime Environment to continue.
# Native memory allocation (malloc) failed to allocate 267536 bytes for Chunk::new
# Possible reasons:
#   The system is out of physical RAM or swap space
#   The process is running with CompressedOops enabled, and the Java Heap may be blocking the growth of the native heap
# Possible solutions:
#   Reduce memory load on the system
#   Increase physical memory or swap space
#   Check if swap backing store is full
#   Decrease Java heap size (-Xmx/-Xms)
#   Decrease number of Java threads
#   Decrease Java thread stack sizes (-Xss)
#   Set larger code cache with -XX:ReservedCodeCacheSize=
#   JVM is running with Zero Based Compressed Oops mode in which the Java heap is
#     placed in the first 32GB address space. The Java Heap base address is the
#     maximum limit for the native heap growth. Please use -XX:HeapBaseMinAddress
#     to set the Java Heap base and to place the Java Heap above 32GB virtual address.
# This output file may be truncated or incomplete.
#
#  Out of Memory Error (arena.cpp:189), pid=23524, tid=12088
#
# JRE version: OpenJDK Runtime Environment Temurin-17.0.5+8 (17.0.5+8) (build 17.0.5+8)
# Java VM: OpenJDK 64-Bit Server VM Temurin-17.0.5+8 (17.0.5+8, mixed mode, sharing, tiered, compressed oops, compressed class ptrs, g1 gc, windows-amd64)
# No core dump will be written. Minidumps are not enabled by default on client versions of Windows
#

---------------  S U M M A R Y ------------

Command Line: -javaagent:D:\Softwares\IntelliJ IDEA Community Edition 2023.1.2\lib\idea_rt.jar=6123:D:\Softwares\IntelliJ IDEA Community Edition 2023.1.2\bin -Dfile.encoding=UTF-8 Lectra.LectraApplication

Host: AMD Ryzen 5 5600H with Radeon Graphics         , 12 cores, 15G,  Windows 11 , 64 bit Build 22621 (10.0.22621.5415)
Time: Sun Jul 20 16:22:15 2025 India Standard Time elapsed time: 1.245723 seconds (0d 0h 0m 1s)

---------------  T H R E A D  ---------------

Current thread (0x000002378c9f3120):  JavaThread "C2 CompilerThread1" daemon [_thread_in_native, id=12088, stack(0x0000005d33500000,0x0000005d33600000)]


Current CompileTask:
C2:   1245 1120   !   4       java.util.concurrent.ConcurrentHashMap::putVal (432 bytes)

Stack: [0x0000005d33500000,0x0000005d33600000]
Native frames: (J=compiled Java code, j=interpreted, Vv=VM code, C=native code)
V  [jvm.dll+0x676b3a]
V  [jvm.dll+0x831444]
V  [jvm.dll+0x832bee]
V  [jvm.dll+0x833253]
V  [jvm.dll+0x244ce5]
V  [jvm.dll+0xabbac]
V  [jvm.dll+0xac17c]
V  [jvm.dll+0x362d02]
V  [jvm.dll+0x32d591]
V  [jvm.dll+0x32ca3a]
V  [jvm.dll+0x217b51]
V  [jvm.dll+0x216f71]
V  [jvm.dll+0x1a343d]
V  [jvm.dll+0x22698a]
V  [jvm.dll+0x224ac5]
V  [jvm.dll+0x7e727b]
V  [jvm.dll+0x7e17ea]
V  [jvm.dll+0x6759e5]
C  [ucrtbase.dll+0x29333]
C  [KERNEL32.DLL+0x1259d]
C  [ntdll.dll+0x5af78]


---------------  P R O C E S S  ---------------

Threads class SMR info:
_java_thread_list=0x000002378c66f360, length=14, elements={
0x00000237e67587b0, 0x000002378b646850, 0x000002378b6474c0, 0x000002378c006c80,
0x000002378c007630, 0x000002378c007fe0, 0x000002378c0095a0, 0x000002378c00d830,
0x000002378c0182f0, 0x000002378c0474e0, 0x000002378b62d960, 0x000002378c2901d0,
0x000002378c4da150, 0x000002378c9f3120
}

Java Threads: ( => current thread )
  0x00000237e67587b0 JavaThread "main" [_thread_in_vm, id=13336, stack(0x0000005d32400000,0x0000005d32500000)]
  0x000002378b646850 JavaThread "Reference Handler" daemon [_thread_blocked, id=13376, stack(0x0000005d32b00000,0x0000005d32c00000)]
  0x000002378b6474c0 JavaThread "Finalizer" daemon [_thread_blocked, id=15796, stack(0x0000005d32c00000,0x0000005d32d00000)]
  0x000002378c006c80 JavaThread "Signal Dispatcher" daemon [_thread_blocked, id=18740, stack(0x0000005d32d00000,0x0000005d32e00000)]
  0x000002378c007630 JavaThread "Attach Listener" daemon [_thread_blocked, id=4692, stack(0x0000005d32e00000,0x0000005d32f00000)]
  0x000002378c007fe0 JavaThread "Service Thread" daemon [_thread_blocked, id=18088, stack(0x0000005d32f00000,0x0000005d33000000)]
  0x000002378c0095a0 JavaThread "Monitor Deflation Thread" daemon [_thread_blocked, id=23112, stack(0x0000005d33000000,0x0000005d33100000)]
  0x000002378c00d830 JavaThread "C2 CompilerThread0" daemon [_thread_blocked, id=23188, stack(0x0000005d33100000,0x0000005d33200000)]
  0x000002378c0182f0 JavaThread "C1 CompilerThread0" daemon [_thread_blocked, id=18572, stack(0x0000005d33200000,0x0000005d33300000)]
  0x000002378c0474e0 JavaThread "Sweeper thread" daemon [_thread_blocked, id=2140, stack(0x0000005d33300000,0x0000005d33400000)]
  0x000002378b62d960 JavaThread "Common-Cleaner" daemon [_thread_blocked, id=17820, stack(0x0000005d33400000,0x0000005d33500000)]
  0x000002378c2901d0 JavaThread "Monitor Ctrl-Break" daemon [_thread_in_native, id=12400, stack(0x0000005d33600000,0x0000005d33700000)]
  0x000002378c4da150 JavaThread "Notification Thread" daemon [_thread_blocked, id=12296, stack(0x0000005d33700000,0x0000005d33800000)]
=>0x000002378c9f3120 JavaThread "C2 CompilerThread1" daemon [_thread_in_native, id=12088, stack(0x0000005d33500000,0x0000005d33600000)]

Other Threads:
  0x000002378b640940 VMThread "VM Thread" [stack: 0x0000005d32a00000,0x0000005d32b00000] [id=12452]
  0x00000237e67eaee0 WatcherThread [stack: 0x0000005d33800000,0x0000005d33900000] [id=16436]
  0x00000237e67c3e10 GCTaskThread "GC Thread#0" [stack: 0x0000005d32500000,0x0000005d32600000] [id=16460]
  0x000002378d24aae0 GCTaskThread "GC Thread#1" [stack: 0x0000005d33900000,0x0000005d33a00000] [id=19276]
  0x000002378c6591c0 GCTaskThread "GC Thread#2" [stack: 0x0000005d33a00000,0x0000005d33b00000] [id=7824]
  0x000002378cf98d60 GCTaskThread "GC Thread#3" [stack: 0x0000005d33b00000,0x0000005d33c00000] [id=21080]
  0x000002378d1bec90 GCTaskThread "GC Thread#4" [stack: 0x0000005d33c00000,0x0000005d33d00000] [id=12044]
  0x000002378d4a9e40 GCTaskThread "GC Thread#5" [stack: 0x0000005d33d00000,0x0000005d33e00000] [id=20292]
  0x00000237e67d43d0 ConcurrentGCThread "G1 Main Marker" [stack: 0x0000005d32600000,0x0000005d32700000] [id=20720]
  0x00000237e67d5580 ConcurrentGCThread "G1 Conc#0" [stack: 0x0000005d32700000,0x0000005d32800000] [id=23344]
  0x00000237e680e680 ConcurrentGCThread "G1 Refine#0" [stack: 0x0000005d32800000,0x0000005d32900000] [id=15852]
  0x000002378b4f71c0 ConcurrentGCThread "G1 Service" [stack: 0x0000005d32900000,0x0000005d32a00000] [id=2904]

Threads with active compile tasks:
C2 CompilerThread1     1275 1120   !   4       java.util.concurrent.ConcurrentHashMap::putVal (432 bytes)

VM state: not at safepoint (normal execution)

VM Mutex/Monitor currently owned by a thread: None

Heap address: 0x0000000709800000, size: 3944 MB, Compressed Oops mode: Zero based, Oop shift amount: 3

CDS archive(s) mapped at: [0x0000000800000000-0x0000000800bc0000-0x0000000800bc0000), size 12320768, SharedBaseAddress: 0x0000000800000000, ArchiveRelocationMode: 0.
Compressed class space mapped at: 0x0000000800c00000-0x0000000840c00000, reserved size: 1073741824
Narrow klass base: 0x0000000800000000, Narrow klass shift: 0, Narrow klass range: 0x100000000

GC Precious Log:
 CPUs: 12 total, 12 available
 Memory: 15775M
 Large Page Support: Disabled
 NUMA Support: Disabled
 Compressed Oops: Enabled (Zero based)
 Heap Region Size: 2M
 Heap Min Capacity: 8M
 Heap Initial Capacity: 248M
 Heap Max Capacity: 3944M
 Pre-touch: Disabled
 Parallel Workers: 10
 Concurrent Workers: 3
 Concurrent Refinement Workers: 10
 Periodic GC: Disabled

Heap:
 garbage-first heap   total 253952K, used 7819K [0x0000000709800000, 0x0000000800000000)
  region size 2048K, 4 young (8192K), 2 survivors (4096K)
 Metaspace       used 6565K, committed 6784K, reserved 1056768K
  class space    used 793K, committed 896K, reserved 1048576K

Heap Regions: E=young(eden), S=young(survivor), O=old, HS=humongous(starts), HC=humongous(continues), CS=collection set, F=free, OA=open archive, CA=closed archive, TAMS=top-at-mark-start (previous, next)
|   0|0x0000000709800000, 0x00000007099a2e00, 0x0000000709a00000| 81%| O|  |TAMS 0x0000000709800000, 0x0000000709800000| Untracked 
|   1|0x0000000709a00000, 0x0000000709a00000, 0x0000000709c00000|  0%| F|  |TAMS 0x0000000709a00000, 0x0000000709a00000| Untracked 
|   2|0x0000000709c00000, 0x0000000709c00000, 0x0000000709e00000|  0%| F|  |TAMS 0x0000000709c00000, 0x0000000709c00000| Untracked 
|   3|0x0000000709e00000, 0x0000000709e00000, 0x000000070a000000|  0%| F|  |TAMS 0x0000000709e00000, 0x0000000709e00000| Untracked 
|   4|0x000000070a000000, 0x000000070a000000, 0x000000070a200000|  0%| F|  |TAMS 0x000000070a000000, 0x000000070a000000| Untracked 
|   5|0x000000070a200000, 0x000000070a200000, 0x000000070a400000|  0%| F|  |TAMS 0x000000070a200000, 0x000000070a200000| Untracked 
|   6|0x000000070a400000, 0x000000070a400000, 0x000000070a600000|  0%| F|  |TAMS 0x000000070a400000, 0x000000070a400000| Untracked 
|   7|0x000000070a600000, 0x000000070a600000, 0x000000070a800000|  0%| F|  |TAMS 0x000000070a600000, 0x000000070a600000| Untracked 
|   8|0x000000070a800000, 0x000000070a800000, 0x000000070aa00000|  0%| F|  |TAMS 0x000000070a800000, 0x000000070a800000| Untracked 
|   9|0x000000070aa00000, 0x000000070aa00000, 0x000000070ac00000|  0%| F|  |TAMS 0x000000070aa00000, 0x000000070aa00000| Untracked 
|  10|0x000000070ac00000, 0x000000070ac00000, 0x000000070ae00000|  0%| F|  |TAMS 0x000000070ac00000, 0x000000070ac00000| Untracked 
|  11|0x000000070ae00000, 0x000000070ae00000, 0x000000070b000000|  0%| F|  |TAMS 0x000000070ae00000, 0x000000070ae00000| Untracked 
|  12|0x000000070b000000, 0x000000070b000000, 0x000000070b200000|  0%| F|  |TAMS 0x000000070b000000, 0x000000070b000000| Untracked 
|  13|0x000000070b200000, 0x000000070b200000, 0x000000070b400000|  0%| F|  |TAMS 0x000000070b200000, 0x000000070b200000| Untracked 
|  14|0x000000070b400000, 0x000000070b400000, 0x000000070b600000|  0%| F|  |TAMS 0x000000070b400000, 0x000000070b400000| Untracked 
|  15|0x000000070b600000, 0x000000070b600000, 0x000000070b800000|  0%| F|  |TAMS 0x000000070b600000, 0x000000070b600000| Untracked 
|  16|0x000000070b800000, 0x000000070b800000, 0x000000070ba00000|  0%| F|  |TAMS 0x000000070b800000, 0x000000070b800000| Untracked 
|  17|0x000000070ba00000, 0x000000070ba00000, 0x000000070bc00000|  0%| F|  |TAMS 0x000000070ba00000, 0x000000070ba00000| Untracked 
|  18|0x000000070bc00000, 0x000000070bc00000, 0x000000070be00000|  0%| F|  |TAMS 0x000000070bc00000, 0x000000070bc00000| Untracked 
|  19|0x000000070be00000, 0x000000070be00000, 0x000000070c000000|  0%| F|  |TAMS 0x000000070be00000, 0x000000070be00000| Untracked 
|  20|0x000000070c000000, 0x000000070c000000, 0x000000070c200000|  0%| F|  |TAMS 0x000000070c000000, 0x000000070c000000| Untracked 
|  21|0x000000070c200000, 0x000000070c200000, 0x000000070c400000|  0%| F|  |TAMS 0x000000070c200000, 0x000000070c200000| Untracked 
|  22|0x000000070c400000, 0x000000070c400000, 0x000000070c600000|  0%| F|  |TAMS 0x000000070c400000, 0x000000070c400000| Untracked 
|  23|0x000000070c600000, 0x000000070c600000, 0x000000070c800000|  0%| F|  |TAMS 0x000000070c600000, 0x000000070c600000| Untracked 
|  24|0x000000070c800000, 0x000000070c800000, 0x000000070ca00000|  0%| F|  |TAMS 0x000000070c800000, 0x000000070c800000| Untracked 
|  25|0x000000070ca00000, 0x000000070ca00000, 0x000000070cc00000|  0%| F|  |TAMS 0x000000070ca00000, 0x000000070ca00000| Untracked 
|  26|0x000000070cc00000, 0x000000070cc00000, 0x000000070ce00000|  0%| F|  |TAMS 0x000000070cc00000, 0x000000070cc00000| Untracked 
|  27|0x000000070ce00000, 0x000000070ce00000, 0x000000070d000000|  0%| F|  |TAMS 0x000000070ce00000, 0x000000070ce00000| Untracked 
|  28|0x000000070d000000, 0x000000070d000000, 0x000000070d200000|  0%| F|  |TAMS 0x000000070d000000, 0x000000070d000000| Untracked 
|  29|0x000000070d200000, 0x000000070d200000, 0x000000070d400000|  0%| F|  |TAMS 0x000000070d200000, 0x000000070d200000| Untracked 
|  30|0x000000070d400000, 0x000000070d400000, 0x000000070d600000|  0%| F|  |TAMS 0x000000070d400000, 0x000000070d400000| Untracked 
|  31|0x000000070d600000, 0x000000070d600000, 0x000000070d800000|  0%| F|  |TAMS 0x000000070d600000, 0x000000070d600000| Untracked 
|  32|0x000000070d800000, 0x000000070d800000, 0x000000070da00000|  0%| F|  |TAMS 0x000000070d800000, 0x000000070d800000| Untracked 
|  33|0x000000070da00000, 0x000000070da00000, 0x000000070dc00000|  0%| F|  |TAMS 0x000000070da00000, 0x000000070da00000| Untracked 
|  34|0x000000070dc00000, 0x000000070dc00000, 0x000000070de00000|  0%| F|  |TAMS 0x000000070dc00000, 0x000000070dc00000| Untracked 
|  35|0x000000070de00000, 0x000000070de00000, 0x000000070e000000|  0%| F|  |TAMS 0x000000070de00000, 0x000000070de00000| Untracked 
|  36|0x000000070e000000, 0x000000070e000000, 0x000000070e200000|  0%| F|  |TAMS 0x000000070e000000, 0x000000070e000000| Untracked 
|  37|0x000000070e200000, 0x000000070e200000, 0x000000070e400000|  0%| F|  |TAMS 0x000000070e200000, 0x000000070e200000| Untracked 
|  38|0x000000070e400000, 0x000000070e400000, 0x000000070e600000|  0%| F|  |TAMS 0x000000070e400000, 0x000000070e400000| Untracked 
|  39|0x000000070e600000, 0x000000070e600000, 0x000000070e800000|  0%| F|  |TAMS 0x000000070e600000, 0x000000070e600000| Untracked 
|  40|0x000000070e800000, 0x000000070e800000, 0x000000070ea00000|  0%| F|  |TAMS 0x000000070e800000, 0x000000070e800000| Untracked 
|  41|0x000000070ea00000, 0x000000070ea00000, 0x000000070ec00000|  0%| F|  |TAMS 0x000000070ea00000, 0x000000070ea00000| Untracked 
|  42|0x000000070ec00000, 0x000000070ec00000, 0x000000070ee00000|  0%| F|  |TAMS 0x000000070ec00000, 0x000000070ec00000| Untracked 
|  43|0x000000070ee00000, 0x000000070ee00000, 0x000000070f000000|  0%| F|  |TAMS 0x000000070ee00000, 0x000000070ee00000| Untracked 
|  44|0x000000070f000000, 0x000000070f000000, 0x000000070f200000|  0%| F|  |TAMS 0x000000070f000000, 0x000000070f000000| Untracked 
|  45|0x000000070f200000, 0x000000070f200000, 0x000000070f400000|  0%| F|  |TAMS 0x000000070f200000, 0x000000070f200000| Untracked 
|  46|0x000000070f400000, 0x000000070f400000, 0x000000070f600000|  0%| F|  |TAMS 0x000000070f400000, 0x000000070f400000| Untracked 
|  47|0x000000070f600000, 0x000000070f600000, 0x000000070f800000|  0%| F|  |TAMS 0x000000070f600000, 0x000000070f600000| Untracked 
|  48|0x000000070f800000, 0x000000070f800000, 0x000000070fa00000|  0%| F|  |TAMS 0x000000070f800000, 0x000000070f800000| Untracked 
|  49|0x000000070fa00000, 0x000000070fa00000, 0x000000070fc00000|  0%| F|  |TAMS 0x000000070fa00000, 0x000000070fa00000| Untracked 
|  50|0x000000070fc00000, 0x000000070fc00000, 0x000000070fe00000|  0%| F|  |TAMS 0x000000070fc00000, 0x000000070fc00000| Untracked 
|  51|0x000000070fe00000, 0x000000070fe00000, 0x0000000710000000|  0%| F|  |TAMS 0x000000070fe00000, 0x000000070fe00000| Untracked 
|  52|0x0000000710000000, 0x0000000710000000, 0x0000000710200000|  0%| F|  |TAMS 0x0000000710000000, 0x0000000710000000| Untracked 
|  53|0x0000000710200000, 0x0000000710200000, 0x0000000710400000|  0%| F|  |TAMS 0x0000000710200000, 0x0000000710200000| Untracked 
|  54|0x0000000710400000, 0x0000000710400000, 0x0000000710600000|  0%| F|  |TAMS 0x0000000710400000, 0x0000000710400000| Untracked 
|  55|0x0000000710600000, 0x0000000710600000, 0x0000000710800000|  0%| F|  |TAMS 0x0000000710600000, 0x0000000710600000| Untracked 
|  56|0x0000000710800000, 0x0000000710800000, 0x0000000710a00000|  0%| F|  |TAMS 0x0000000710800000, 0x0000000710800000| Untracked 
|  57|0x0000000710a00000, 0x0000000710a00000, 0x0000000710c00000|  0%| F|  |TAMS 0x0000000710a00000, 0x0000000710a00000| Untracked 
|  58|0x0000000710c00000, 0x0000000710c00000, 0x0000000710e00000|  0%| F|  |TAMS 0x0000000710c00000, 0x0000000710c00000| Untracked 
|  59|0x0000000710e00000, 0x0000000710e00000, 0x0000000711000000|  0%| F|  |TAMS 0x0000000710e00000, 0x0000000710e00000| Untracked 
|  60|0x0000000711000000, 0x0000000711000000, 0x0000000711200000|  0%| F|  |TAMS 0x0000000711000000, 0x0000000711000000| Untracked 
|  61|0x0000000711200000, 0x0000000711200000, 0x0000000711400000|  0%| F|  |TAMS 0x0000000711200000, 0x0000000711200000| Untracked 
|  62|0x0000000711400000, 0x0000000711400000, 0x0000000711600000|  0%| F|  |TAMS 0x0000000711400000, 0x0000000711400000| Untracked 
|  63|0x0000000711600000, 0x0000000711600000, 0x0000000711800000|  0%| F|  |TAMS 0x0000000711600000, 0x0000000711600000| Untracked 
|  64|0x0000000711800000, 0x0000000711800000, 0x0000000711a00000|  0%| F|  |TAMS 0x0000000711800000, 0x0000000711800000| Untracked 
|  65|0x0000000711a00000, 0x0000000711a00000, 0x0000000711c00000|  0%| F|  |TAMS 0x0000000711a00000, 0x0000000711a00000| Untracked 
|  66|0x0000000711c00000, 0x0000000711c00000, 0x0000000711e00000|  0%| F|  |TAMS 0x0000000711c00000, 0x0000000711c00000| Untracked 
|  67|0x0000000711e00000, 0x0000000711e00000, 0x0000000712000000|  0%| F|  |TAMS 0x0000000711e00000, 0x0000000711e00000| Untracked 
|  68|0x0000000712000000, 0x0000000712000000, 0x0000000712200000|  0%| F|  |TAMS 0x0000000712000000, 0x0000000712000000| Untracked 
|  69|0x0000000712200000, 0x0000000712200000, 0x0000000712400000|  0%| F|  |TAMS 0x0000000712200000, 0x0000000712200000| Untracked 
|  70|0x0000000712400000, 0x0000000712400000, 0x0000000712600000|  0%| F|  |TAMS 0x0000000712400000, 0x0000000712400000| Untracked 
|  71|0x0000000712600000, 0x0000000712600000, 0x0000000712800000|  0%| F|  |TAMS 0x0000000712600000, 0x0000000712600000| Untracked 
|  72|0x0000000712800000, 0x0000000712800000, 0x0000000712a00000|  0%| F|  |TAMS 0x0000000712800000, 0x0000000712800000| Untracked 
|  73|0x0000000712a00000, 0x0000000712a00000, 0x0000000712c00000|  0%| F|  |TAMS 0x0000000712a00000, 0x0000000712a00000| Untracked 
|  74|0x0000000712c00000, 0x0000000712c00000, 0x0000000712e00000|  0%| F|  |TAMS 0x0000000712c00000, 0x0000000712c00000| Untracked 
|  75|0x0000000712e00000, 0x0000000712e00000, 0x0000000713000000|  0%| F|  |TAMS 0x0000000712e00000, 0x0000000712e00000| Untracked 
|  76|0x0000000713000000, 0x0000000713000000, 0x0000000713200000|  0%| F|  |TAMS 0x0000000713000000, 0x0000000713000000| Untracked 
|  77|0x0000000713200000, 0x0000000713200000, 0x0000000713400000|  0%| F|  |TAMS 0x0000000713200000, 0x0000000713200000| Untracked 
|  78|0x0000000713400000, 0x0000000713400000, 0x0000000713600000|  0%| F|  |TAMS 0x0000000713400000, 0x0000000713400000| Untracked 
|  79|0x0000000713600000, 0x0000000713600000, 0x0000000713800000|  0%| F|  |TAMS 0x0000000713600000, 0x0000000713600000| Untracked 
|  80|0x0000000713800000, 0x0000000713800000, 0x0000000713a00000|  0%| F|  |TAMS 0x0000000713800000, 0x0000000713800000| Untracked 
|  81|0x0000000713a00000, 0x0000000713a00000, 0x0000000713c00000|  0%| F|  |TAMS 0x0000000713a00000, 0x0000000713a00000| Untracked 
|  82|0x0000000713c00000, 0x0000000713c00000, 0x0000000713e00000|  0%| F|  |TAMS 0x0000000713c00000, 0x0000000713c00000| Untracked 
|  83|0x0000000713e00000, 0x0000000713e00000, 0x0000000714000000|  0%| F|  |TAMS 0x0000000713e00000, 0x0000000713e00000| Untracked 
|  84|0x0000000714000000, 0x0000000714000000, 0x0000000714200000|  0%| F|  |TAMS 0x0000000714000000, 0x0000000714000000| Untracked 
|  85|0x0000000714200000, 0x0000000714200000, 0x0000000714400000|  0%| F|  |TAMS 0x0000000714200000, 0x0000000714200000| Untracked 
|  86|0x0000000714400000, 0x0000000714400000, 0x0000000714600000|  0%| F|  |TAMS 0x0000000714400000, 0x0000000714400000| Untracked 
|  87|0x0000000714600000, 0x0000000714600000, 0x0000000714800000|  0%| F|  |TAMS 0x0000000714600000, 0x0000000714600000| Untracked 
|  88|0x0000000714800000, 0x0000000714800000, 0x0000000714a00000|  0%| F|  |TAMS 0x0000000714800000, 0x0000000714800000| Untracked 
|  89|0x0000000714a00000, 0x0000000714a00000, 0x0000000714c00000|  0%| F|  |TAMS 0x0000000714a00000, 0x0000000714a00000| Untracked 
|  90|0x0000000714c00000, 0x0000000714c00000, 0x0000000714e00000|  0%| F|  |TAMS 0x0000000714c00000, 0x0000000714c00000| Untracked 
|  91|0x0000000714e00000, 0x0000000714e00000, 0x0000000715000000|  0%| F|  |TAMS 0x0000000714e00000, 0x0000000714e00000| Untracked 
|  92|0x0000000715000000, 0x0000000715000000, 0x0000000715200000|  0%| F|  |TAMS 0x0000000715000000, 0x0000000715000000| Untracked 
|  93|0x0000000715200000, 0x0000000715200000, 0x0000000715400000|  0%| F|  |TAMS 0x0000000715200000, 0x0000000715200000| Untracked 
|  94|0x0000000715400000, 0x0000000715400000, 0x0000000715600000|  0%| F|  |TAMS 0x0000000715400000, 0x0000000715400000| Untracked 
|  95|0x0000000715600000, 0x0000000715600000, 0x0000000715800000|  0%| F|  |TAMS 0x0000000715600000, 0x0000000715600000| Untracked 
|  96|0x0000000715800000, 0x0000000715800000, 0x0000000715a00000|  0%| F|  |TAMS 0x0000000715800000, 0x0000000715800000| Untracked 
|  97|0x0000000715a00000, 0x0000000715a00000, 0x0000000715c00000|  0%| F|  |TAMS 0x0000000715a00000, 0x0000000715a00000| Untracked 
|  98|0x0000000715c00000, 0x0000000715c00000, 0x0000000715e00000|  0%| F|  |TAMS 0x0000000715c00000, 0x0000000715c00000| Untracked 
|  99|0x0000000715e00000, 0x0000000715e00000, 0x0000000716000000|  0%| F|  |TAMS 0x0000000715e00000, 0x0000000715e00000| Untracked 
| 100|0x0000000716000000, 0x0000000716000000, 0x0000000716200000|  0%| F|  |TAMS 0x0000000716000000, 0x0000000716000000| Untracked 
| 101|0x0000000716200000, 0x0000000716200000, 0x0000000716400000|  0%| F|  |TAMS 0x0000000716200000, 0x0000000716200000| Untracked 
| 102|0x0000000716400000, 0x0000000716400000, 0x0000000716600000|  0%| F|  |TAMS 0x0000000716400000, 0x0000000716400000| Untracked 
| 103|0x0000000716600000, 0x0000000716600000, 0x0000000716800000|  0%| F|  |TAMS 0x0000000716600000, 0x0000000716600000| Untracked 
| 104|0x0000000716800000, 0x0000000716800000, 0x0000000716a00000|  0%| F|  |TAMS 0x0000000716800000, 0x0000000716800000| Untracked 
| 105|0x0000000716a00000, 0x0000000716a00000, 0x0000000716c00000|  0%| F|  |TAMS 0x0000000716a00000, 0x0000000716a00000| Untracked 
| 106|0x0000000716c00000, 0x0000000716c00000, 0x0000000716e00000|  0%| F|  |TAMS 0x0000000716c00000, 0x0000000716c00000| Untracked 
| 107|0x0000000716e00000, 0x0000000716e00000, 0x0000000717000000|  0%| F|  |TAMS 0x0000000716e00000, 0x0000000716e00000| Untracked 
| 108|0x0000000717000000, 0x0000000717000000, 0x0000000717200000|  0%| F|  |TAMS 0x0000000717000000, 0x0000000717000000| Untracked 
| 109|0x0000000717200000, 0x0000000717200000, 0x0000000717400000|  0%| F|  |TAMS 0x0000000717200000, 0x0000000717200000| Untracked 
| 110|0x0000000717400000, 0x0000000717400000, 0x0000000717600000|  0%| F|  |TAMS 0x0000000717400000, 0x0000000717400000| Untracked 
| 111|0x0000000717600000, 0x0000000717800000, 0x0000000717800000|100%| S|CS|TAMS 0x0000000717600000, 0x0000000717600000| Complete 
| 112|0x0000000717800000, 0x0000000717a00000, 0x0000000717a00000|100%| S|CS|TAMS 0x0000000717800000, 0x0000000717800000| Complete 
| 113|0x0000000717a00000, 0x0000000717a00000, 0x0000000717c00000|  0%| F|  |TAMS 0x0000000717a00000, 0x0000000717a00000| Untracked 
| 114|0x0000000717c00000, 0x0000000717c00000, 0x0000000717e00000|  0%| F|  |TAMS 0x0000000717c00000, 0x0000000717c00000| Untracked 
| 115|0x0000000717e00000, 0x0000000717e00000, 0x0000000718000000|  0%| F|  |TAMS 0x0000000717e00000, 0x0000000717e00000| Untracked 
| 116|0x0000000718000000, 0x0000000718000000, 0x0000000718200000|  0%| F|  |TAMS 0x0000000718000000, 0x0000000718000000| Untracked 
| 117|0x0000000718200000, 0x0000000718200000, 0x0000000718400000|  0%| F|  |TAMS 0x0000000718200000, 0x0000000718200000| Untracked 
| 118|0x0000000718400000, 0x0000000718400000, 0x0000000718600000|  0%| F|  |TAMS 0x0000000718400000, 0x0000000718400000| Untracked 
| 119|0x0000000718600000, 0x0000000718600000, 0x0000000718800000|  0%| F|  |TAMS 0x0000000718600000, 0x0000000718600000| Untracked 
| 120|0x0000000718800000, 0x0000000718800000, 0x0000000718a00000|  0%| F|  |TAMS 0x0000000718800000, 0x0000000718800000| Untracked 
| 121|0x0000000718a00000, 0x0000000718a00000, 0x0000000718c00000|  0%| F|  |TAMS 0x0000000718a00000, 0x0000000718a00000| Untracked 
| 122|0x0000000718c00000, 0x0000000718c93cb0, 0x0000000718e00000| 28%| E|  |TAMS 0x0000000718c00000, 0x0000000718c00000| Complete 
| 123|0x0000000718e00000, 0x0000000719000000, 0x0000000719000000|100%| E|CS|TAMS 0x0000000718e00000, 0x0000000718e00000| Complete 

Card table byte_map: [0x0000023780000000,0x00000237807c0000] _byte_map_base: 0x000002377c7b4000

Marking Bits (Prev, Next): (CMBitMap*) 0x00000237e67c4420, (CMBitMap*) 0x00000237e67c4460
 Prev Bits: [0x0000023780f80000, 0x0000023784d20000)
 Next Bits: [0x0000023784d20000, 0x0000023788ac0000)

Polling page: 0x00000237e6810000

Metaspace:

Usage:
  Non-class:      5.67 MB used.
      Class:    801.96 KB used.
       Both:      6.45 MB used.

Virtual space:
  Non-class space:        8.00 MB reserved,       5.81 MB ( 73%) committed,  1 nodes.
      Class space:        1.00 GB reserved,     896.00 KB ( <1%) committed,  1 nodes.
             Both:        1.01 GB reserved,       6.69 MB ( <1%) committed. 

Chunk freelists:
   Non-Class:  872.00 KB
       Class:  2.94 MB
        Both:  3.79 MB

MaxMetaspaceSize: unlimited
CompressedClassSpaceSize: 1.00 GB
Initial GC threshold: 21.00 MB
Current GC threshold: 21.00 MB
CDS: on
MetaspaceReclaimPolicy: balanced
 - commit_granule_bytes: 65536.
 - commit_granule_words: 8192.
 - virtual_space_node_default_size: 1048576.
 - enlarge_chunks_in_place: 1.
 - new_chunks_are_fully_committed: 0.
 - uncommit_free_chunks: 1.
 - use_allocation_guard: 0.
 - handle_deallocations: 1.


Internal statistics:

num_allocs_failed_limit: 0.
num_arena_births: 126.
num_arena_deaths: 0.
num_vsnodes_births: 2.
num_vsnodes_deaths: 0.
num_space_committed: 107.
num_space_uncommitted: 0.
num_chunks_returned_to_freelist: 0.
num_chunks_taken_from_freelist: 332.
num_chunk_merges: 0.
num_chunk_splits: 197.
num_chunks_enlarged: 143.
num_purges: 0.
num_inconsistent_stats: 0.

CodeHeap 'non-profiled nmethods': size=120000Kb used=449Kb max_used=449Kb free=119551Kb
 bounds [0x00000237f74d0000, 0x00000237f7740000, 0x00000237fea00000]
CodeHeap 'profiled nmethods': size=120000Kb used=2090Kb max_used=2090Kb free=117909Kb
 bounds [0x00000237effa0000, 0x00000237f0210000, 0x00000237f74d0000]
CodeHeap 'non-nmethods': size=5760Kb used=1152Kb max_used=1180Kb free=4607Kb
 bounds [0x00000237efa00000, 0x00000237efc70000, 0x00000237effa0000]
 total_blobs=1640 nmethods=1198 adapters=354
 compilation: enabled
              stopped_count=0, restarted_count=0
 full_count=0

Compilation events (20 events):
Event: 1.236 Thread 0x000002378c0182f0 1123       3       java.lang.ref.Reference::<init> (7 bytes)
Event: 1.237 Thread 0x000002378c0182f0 nmethod 1123 0x00000237f018ca90 code [0x00000237f018cc40, 0x00000237f018cef8]
Event: 1.238 Thread 0x000002378c00d830 nmethod 1124 0x00000237f753a390 code [0x00000237f753a520, 0x00000237f753a6d8]
Event: 1.238 Thread 0x000002378c00d830 1125       4       java.lang.invoke.MemberName::getReferenceKind (12 bytes)
Event: 1.239 Thread 0x000002378c00d830 nmethod 1125 0x00000237f753ab10 code [0x00000237f753ac80, 0x00000237f753acf8]
Event: 1.239 Thread 0x000002378c0182f0 1128       3       java.lang.invoke.LambdaForm::parameterType (9 bytes)
Event: 1.239 Thread 0x000002378c0182f0 nmethod 1128 0x00000237f018d010 code [0x00000237f018d1c0, 0x00000237f018d308]
Event: 1.240 Thread 0x000002378c00d830 1132       4       java.util.concurrent.ConcurrentHashMap::addCount (280 bytes)
Event: 1.240 Thread 0x000002378c0182f0 1136       3       java.lang.Character::charCount (12 bytes)
Event: 1.241 Thread 0x000002378c0182f0 nmethod 1136 0x00000237f018d410 code [0x00000237f018d5a0, 0x00000237f018d718]
Event: 1.241 Thread 0x000002378c0182f0 1137       1       java.lang.invoke.DirectMethodHandle::isCrackable (5 bytes)
Event: 1.241 Thread 0x000002378c0182f0 nmethod 1137 0x00000237f753c310 code [0x00000237f753c4a0, 0x00000237f753c578]
Event: 1.241 Thread 0x000002378c0182f0 1138       3       jdk.internal.misc.CDS::isDumpingArchive (4 bytes)
Event: 1.241 Thread 0x000002378c0182f0 nmethod 1138 0x00000237f018d790 code [0x00000237f018d920, 0x00000237f018da18]
Event: 1.243 Thread 0x000002378c0182f0 1140       3       java.lang.invoke.Invokers$Holder::linkToTargetMethod (9 bytes)
Event: 1.243 Thread 0x000002378c0182f0 nmethod 1140 0x00000237f018da90 code [0x00000237f018dc40, 0x00000237f018df98]
Event: 1.243 Thread 0x000002378c0182f0 1141       3       org.springframework.core.env.PropertiesPropertySource$$Lambda$102/0x0000000800cb3d08::test (5 bytes)
Event: 1.243 Thread 0x000002378c0182f0 nmethod 1141 0x00000237f018e090 code [0x00000237f018e240, 0x00000237f018e4b8]
Event: 1.244 Thread 0x000002378c0182f0 1142       3       org.springframework.core.env.PropertiesPropertySource::lambda$getPropertyNames$0 (5 bytes)
Event: 1.244 Thread 0x000002378c0182f0 nmethod 1142 0x00000237f018e590 code [0x00000237f018e720, 0x00000237f018e918]

GC Heap History (2 events):
Event: 1.199 GC heap before
{Heap before GC invocations=0 (full 0):
 garbage-first heap   total 253952K, used 20480K [0x0000000709800000, 0x0000000800000000)
  region size 2048K, 11 young (22528K), 0 survivors (0K)
 Metaspace       used 6102K, committed 6272K, reserved 1056768K
  class space    used 724K, committed 832K, reserved 1048576K
}
Event: 1.204 GC heap after
{Heap after GC invocations=1 (full 0):
 garbage-first heap   total 253952K, used 5771K [0x0000000709800000, 0x0000000800000000)
  region size 2048K, 2 young (4096K), 2 survivors (4096K)
 Metaspace       used 6102K, committed 6272K, reserved 1056768K
  class space    used 724K, committed 832K, reserved 1048576K
}

Dll operation events (10 events):
Event: 0.014 Loaded shared library C:\Program Files\Eclipse Adoptium\jdk-17.0.5.8-hotspot\bin\java.dll
Event: 0.030 Loaded shared library C:\Program Files\Eclipse Adoptium\jdk-17.0.5.8-hotspot\bin\jsvml.dll
Event: 0.197 Loaded shared library C:\Program Files\Eclipse Adoptium\jdk-17.0.5.8-hotspot\bin\zip.dll
Event: 0.202 Loaded shared library C:\Program Files\Eclipse Adoptium\jdk-17.0.5.8-hotspot\bin\instrument.dll
Event: 0.214 Loaded shared library C:\Program Files\Eclipse Adoptium\jdk-17.0.5.8-hotspot\bin\net.dll
Event: 0.217 Loaded shared library C:\Program Files\Eclipse Adoptium\jdk-17.0.5.8-hotspot\bin\nio.dll
Event: 0.222 Loaded shared library C:\Program Files\Eclipse Adoptium\jdk-17.0.5.8-hotspot\bin\zip.dll
Event: 0.513 Loaded shared library D:\Softwares\IntelliJ IDEA Community Edition 2023.1.2\bin\breakgen64.dll
Event: 0.551 Loaded shared library C:\Program Files\Eclipse Adoptium\jdk-17.0.5.8-hotspot\bin\verify.dll
Event: 0.576 Loaded shared library C:\Program Files\Eclipse Adoptium\jdk-17.0.5.8-hotspot\bin\jimage.dll

Deoptimization events (20 events):
Event: 1.014 Thread 0x00000237e67587b0 DEOPT PACKING pc=0x00000237f751cef8 sp=0x0000005d324fe2a0
Event: 1.014 Thread 0x00000237e67587b0 DEOPT UNPACKING pc=0x00000237efa523a3 sp=0x0000005d324fe1d0 mode 2
Event: 1.049 Thread 0x00000237e67587b0 DEOPT PACKING pc=0x00000237f00411c8 sp=0x0000005d324fe3b0
Event: 1.049 Thread 0x00000237e67587b0 DEOPT UNPACKING pc=0x00000237efa52b43 sp=0x0000005d324fd8c8 mode 0
Event: 1.238 Thread 0x00000237e67587b0 Uncommon trap: trap_request=0xffffffde fr.pc=0x00000237f753a62c relative=0x000000000000010c
Event: 1.238 Thread 0x00000237e67587b0 Uncommon trap: reason=class_check action=maybe_recompile pc=0x00000237f753a62c method=jdk.internal.misc.Unsafe.allocateUninitializedArray(Ljava/lang/Class;I)Ljava/lang/Object; @ 51 c2
Event: 1.238 Thread 0x00000237e67587b0 DEOPT PACKING pc=0x00000237f753a62c sp=0x0000005d324fc930
Event: 1.238 Thread 0x00000237e67587b0 DEOPT UNPACKING pc=0x00000237efa523a3 sp=0x0000005d324fc8b8 mode 2
Event: 1.239 Thread 0x00000237e67587b0 Uncommon trap: trap_request=0xffffffde fr.pc=0x00000237f753a62c relative=0x000000000000010c
Event: 1.239 Thread 0x00000237e67587b0 Uncommon trap: reason=class_check action=maybe_recompile pc=0x00000237f753a62c method=jdk.internal.misc.Unsafe.allocateUninitializedArray(Ljava/lang/Class;I)Ljava/lang/Object; @ 51 c2
Event: 1.239 Thread 0x00000237e67587b0 DEOPT PACKING pc=0x00000237f753a62c sp=0x0000005d324fc8c0
Event: 1.239 Thread 0x00000237e67587b0 DEOPT UNPACKING pc=0x00000237efa523a3 sp=0x0000005d324fc848 mode 2
Event: 1.239 Thread 0x00000237e67587b0 Uncommon trap: trap_request=0xffffffde fr.pc=0x00000237f753a62c relative=0x000000000000010c
Event: 1.239 Thread 0x00000237e67587b0 Uncommon trap: reason=class_check action=maybe_recompile pc=0x00000237f753a62c method=jdk.internal.misc.Unsafe.allocateUninitializedArray(Ljava/lang/Class;I)Ljava/lang/Object; @ 51 c2
Event: 1.239 Thread 0x00000237e67587b0 DEOPT PACKING pc=0x00000237f753a62c sp=0x0000005d324fc9b0
Event: 1.239 Thread 0x00000237e67587b0 DEOPT UNPACKING pc=0x00000237efa523a3 sp=0x0000005d324fc938 mode 2
Event: 1.239 Thread 0x00000237e67587b0 Uncommon trap: trap_request=0xffffffde fr.pc=0x00000237f753a62c relative=0x000000000000010c
Event: 1.239 Thread 0x00000237e67587b0 Uncommon trap: reason=class_check action=maybe_recompile pc=0x00000237f753a62c method=jdk.internal.misc.Unsafe.allocateUninitializedArray(Ljava/lang/Class;I)Ljava/lang/Object; @ 51 c2
Event: 1.239 Thread 0x00000237e67587b0 DEOPT PACKING pc=0x00000237f753a62c sp=0x0000005d324fc7a0
Event: 1.239 Thread 0x00000237e67587b0 DEOPT UNPACKING pc=0x00000237efa523a3 sp=0x0000005d324fc728 mode 2

Classes unloaded (0 events):
No events

Classes redefined (0 events):
No events

Internal exceptions (20 events):
Event: 0.821 Thread 0x00000237e67587b0 Exception <a 'java/lang/NoSuchMethodError'{0x000000071830f070}: 'void java.lang.invoke.DirectMethodHandle$Holder.invokeInterface(java.lang.Object, java.lang.Object, java.lang.Object, java.lang.Object)'> (0x000000071830f070) 
thrown [s\src\hotspot\share\interpreter\linkResolver.cpp, line 759]
Event: 0.884 Thread 0x00000237e67587b0 Exception <a 'java/lang/NoSuchMethodError'{0x00000007180b0fb0}: 'java.lang.Object java.lang.invoke.DirectMethodHandle$Holder.invokeInterface(java.lang.Object, java.lang.Object)'> (0x00000007180b0fb0) 
thrown [s\src\hotspot\share\interpreter\linkResolver.cpp, line 759]
Event: 0.893 Thread 0x00000237e67587b0 Exception <a 'java/lang/NoSuchMethodError'{0x00000007180e7e28}: 'void java.lang.invoke.DirectMethodHandle$Holder.invokeStatic(java.lang.Object, java.lang.Object, java.lang.Object)'> (0x00000007180e7e28) 
thrown [s\src\hotspot\share\interpreter\linkResolver.cpp, line 759]
Event: 0.896 Thread 0x00000237e67587b0 Exception <a 'java/lang/NoSuchMethodError'{0x00000007180fda38}: 'java.lang.Object java.lang.invoke.DirectMethodHandle$Holder.invokeSpecialIFC(java.lang.Object, java.lang.Object, java.lang.Object, java.lang.Object)'> (0x00000007180fda38) 
thrown [s\src\hotspot\share\interpreter\linkResolver.cpp, line 759]
Event: 0.900 Thread 0x00000237e67587b0 Exception <a 'java/lang/NoSuchMethodError'{0x00000007181199a8}: 'java.lang.Object java.lang.invoke.DirectMethodHandle$Holder.invokeInterface(java.lang.Object, java.lang.Object, java.lang.Object)'> (0x00000007181199a8) 
thrown [s\src\hotspot\share\interpreter\linkResolver.cpp, line 759]
Event: 0.928 Thread 0x00000237e67587b0 Exception <a 'java/lang/NoSuchMethodError'{0x00000007181d54c8}: 'int java.lang.invoke.DirectMethodHandle$Holder.invokeStaticInit(java.lang.Object, java.lang.Object, java.lang.Object)'> (0x00000007181d54c8) 
thrown [s\src\hotspot\share\interpreter\linkResolver.cpp, line 759]
Event: 0.941 Thread 0x00000237e67587b0 Exception <a 'java/lang/NoSuchMethodError'{0x0000000717e2f2c8}: 'java.lang.Object java.lang.invoke.DirectMethodHandle$Holder.newInvokeSpecial(java.lang.Object, java.lang.Object, java.lang.Object, java.lang.Object, java.lang.Object)'> (0x0000000717e2f2c8) 
thrown [s\src\hotspot\share\interpreter\linkResolver.cpp, line 759]
Event: 0.951 Thread 0x00000237e67587b0 Exception <a 'java/lang/NoSuchMethodError'{0x0000000717e7ec28}: 'java.lang.Object java.lang.invoke.DirectMethodHandle$Holder.invokeStaticInit(java.lang.Object, java.lang.Object, java.lang.Object)'> (0x0000000717e7ec28) 
thrown [s\src\hotspot\share\interpreter\linkResolver.cpp, line 759]
Event: 0.982 Thread 0x00000237e67587b0 Exception <a 'java/lang/IncompatibleClassChangeError'{0x0000000717f07a98}: Found class java.lang.Object, but interface was expected> (0x0000000717f07a98) 
thrown [s\src\hotspot\share\interpreter\linkResolver.cpp, line 826]
Event: 1.012 Thread 0x00000237e67587b0 Exception <a 'sun/nio/fs/WindowsException'{0x0000000717f9f880}> (0x0000000717f9f880) 
thrown [s\src\hotspot\share\prims\jni.cpp, line 516]
Event: 1.059 Thread 0x00000237e67587b0 Exception <a 'java/lang/NoSuchMethodError'{0x0000000717ca3b10}: 'java.lang.Object java.lang.invoke.Invokers$Holder.invokeExact_MT(java.lang.Object, java.lang.Object, java.lang.Object, java.lang.Object, java.lang.Object, java.lang.Object)'> (0x0000000717ca3b10) 
thrown [s\src\hotspot\share\interpreter\linkResolver.cpp, line 759]
Event: 1.125 Thread 0x00000237e67587b0 Exception <a 'java/lang/NoSuchMethodError'{0x0000000717a29f40}: 'java.lang.Object java.lang.invoke.DirectMethodHandle$Holder.invokeStatic(java.lang.Object, java.lang.Object, long, java.lang.Object)'> (0x0000000717a29f40) 
thrown [s\src\hotspot\share\interpreter\linkResolver.cpp, line 759]
Event: 1.126 Thread 0x00000237e67587b0 Exception <a 'java/lang/NoSuchMethodError'{0x0000000717a2d730}: 'java.lang.Object java.lang.invoke.DirectMethodHandle$Holder.invokeStaticInit(java.lang.Object, java.lang.Object, long, java.lang.Object)'> (0x0000000717a2d730) 
thrown [s\src\hotspot\share\interpreter\linkResolver.cpp, line 759]
Event: 1.127 Thread 0x00000237e67587b0 Exception <a 'java/lang/NoSuchMethodError'{0x0000000717a33b80}: 'java.lang.Object java.lang.invoke.DirectMethodHandle$Holder.newInvokeSpecial(java.lang.Object, java.lang.Object, long)'> (0x0000000717a33b80) 
thrown [s\src\hotspot\share\interpreter\linkResolver.cpp, line 759]
Event: 1.127 Thread 0x00000237e67587b0 Exception <a 'java/lang/NoSuchMethodError'{0x0000000717a376f0}: 'java.lang.Object java.lang.invoke.Invokers$Holder.linkToTargetMethod(java.lang.Object, long, java.lang.Object)'> (0x0000000717a376f0) 
thrown [s\src\hotspot\share\interpreter\linkResolver.cpp, line 759]
Event: 1.150 Thread 0x00000237e67587b0 Exception <a 'java/lang/NoSuchMethodError'{0x0000000717ad95c8}: 'int java.lang.invoke.DirectMethodHandle$Holder.invokeSpecial(java.lang.Object, java.lang.Object, java.lang.Object)'> (0x0000000717ad95c8) 
thrown [s\src\hotspot\share\interpreter\linkResolver.cpp, line 759]
Event: 1.223 Thread 0x00000237e67587b0 Exception <a 'java/lang/NoSuchMethodError'{0x0000000718e8cf70}: 'java.lang.Object java.lang.invoke.DirectMethodHandle$Holder.newInvokeSpecial(java.lang.Object, java.lang.Object, java.lang.Object, java.lang.Object, java.lang.Object, java.lang.Object, java.lang.Object)'> (0x0000000718e8cf70) 
thrown [s\src\hotspot\share\interpreter\linkResolver.cpp, line 759]
Event: 1.224 Thread 0x00000237e67587b0 Exception <a 'java/lang/NoSuchMethodError'{0x0000000718e91bd8}: 'java.lang.Object java.lang.invoke.Invokers$Holder.linkToTargetMethod(java.lang.Object, java.lang.Object, java.lang.Object, java.lang.Object, java.lang.Object, java.lang.Object, java.lang.Object)'> (0x0000000718e91bd8) 
thrown [s\src\hotspot\share\interpreter\linkResolver.cpp, line 759]
Event: 1.227 Thread 0x00000237e67587b0 Exception <a 'java/lang/NoSuchMethodError'{0x0000000718eac418}: 'void java.lang.invoke.DirectMethodHandle$Holder.invokeStaticInit(java.lang.Object, java.lang.Object)'> (0x0000000718eac418) 
thrown [s\src\hotspot\share\interpreter\linkResolver.cpp, line 759]
Event: 1.235 Thread 0x00000237e67587b0 Exception <a 'java/lang/NoSuchMethodError'{0x0000000718ef1b88}: 'int java.lang.invoke.DirectMethodHandle$Holder.invokeStatic(java.lang.Object, java.lang.Object, java.lang.Object, java.lang.Object)'> (0x0000000718ef1b88) 
thrown [s\src\hotspot\share\interpreter\linkResolver.cpp, line 759]

VM Operations (10 events):
Event: 0.518 Executing VM operation: HandshakeAllThreads
Event: 0.518 Executing VM operation: HandshakeAllThreads done
Event: 0.584 Executing VM operation: HandshakeAllThreads
Event: 0.584 Executing VM operation: HandshakeAllThreads done
Event: 0.606 Executing VM operation: HandshakeAllThreads
Event: 0.606 Executing VM operation: HandshakeAllThreads done
Event: 1.014 Executing VM operation: HandshakeAllThreads
Event: 1.014 Executing VM operation: HandshakeAllThreads done
Event: 1.199 Executing VM operation: G1CollectForAllocation
Event: 1.204 Executing VM operation: G1CollectForAllocation done

Events (20 events):
Event: 1.158 loading class java/util/concurrent/ConcurrentHashMap$KeySpliterator
Event: 1.159 loading class java/util/concurrent/ConcurrentHashMap$KeySpliterator done
Event: 1.169 loading class java/lang/ProcessEnvironment$CheckedKeySet
Event: 1.169 loading class java/lang/ProcessEnvironment$CheckedKeySet done
Event: 1.171 loading class java/util/stream/MatchOps$MatchKind
Event: 1.171 loading class java/util/stream/MatchOps$MatchKind done
Event: 1.171 loading class java/util/stream/MatchOps
Event: 1.171 loading class java/util/stream/MatchOps done
Event: 1.171 loading class java/util/stream/MatchOps$MatchOp
Event: 1.171 loading class java/util/stream/MatchOps$MatchOp done
Event: 1.171 loading class java/util/stream/MatchOps$BooleanTerminalSink
Event: 1.171 loading class java/util/stream/MatchOps$BooleanTerminalSink done
Event: 1.172 loading class java/util/stream/MatchOps$2MatchSink
Event: 1.172 loading class java/util/stream/MatchOps$2MatchSink done
Event: 1.196 loading class java/beans/PropertyEditorSupport
Event: 1.197 loading class java/beans/PropertyEditor
Event: 1.197 loading class java/beans/PropertyEditor done
Event: 1.197 loading class java/beans/PropertyEditorSupport done
Event: 1.241 loading class java/util/regex/Pattern$Neg
Event: 1.241 loading class java/util/regex/Pattern$Neg done


Dynamic libraries:
0x00007ff7773f0000 - 0x00007ff7773fe000 	C:\Program Files\Eclipse Adoptium\jdk-17.0.5.8-hotspot\bin\java.exe
0x00007ffc18e70000 - 0x00007ffc19087000 	C:\WINDOWS\SYSTEM32\ntdll.dll
0x00007ffc17dc0000 - 0x00007ffc17e84000 	C:\WINDOWS\System32\KERNEL32.DLL
0x00007ffc166a0000 - 0x00007ffc16a72000 	C:\WINDOWS\System32\KERNELBASE.dll
0x00007ffc164a0000 - 0x00007ffc165b1000 	C:\WINDOWS\System32\ucrtbase.dll
0x00007ffc0f270000 - 0x00007ffc0f287000 	C:\Program Files\Eclipse Adoptium\jdk-17.0.5.8-hotspot\bin\jli.dll
0x00007ffc0cfd0000 - 0x00007ffc0cfe9000 	C:\Program Files\Eclipse Adoptium\jdk-17.0.5.8-hotspot\bin\VCRUNTIME140.dll
0x00007ffc18c70000 - 0x00007ffc18e21000 	C:\WINDOWS\System32\USER32.dll
0x00007ffc16670000 - 0x00007ffc16696000 	C:\WINDOWS\System32\win32u.dll
0x00007ffc04820000 - 0x00007ffc04abb000 	C:\WINDOWS\WinSxS\amd64_microsoft.windows.common-controls_6595b64144ccf1df_6.0.22621.5415_none_270d77d17387d7da\COMCTL32.dll
0x00007ffc18ac0000 - 0x00007ffc18ae9000 	C:\WINDOWS\System32\GDI32.dll
0x00007ffc17050000 - 0x00007ffc170f7000 	C:\WINDOWS\System32\msvcrt.dll
0x00007ffc15f60000 - 0x00007ffc16083000 	C:\WINDOWS\System32\gdi32full.dll
0x00007ffc16400000 - 0x00007ffc1649a000 	C:\WINDOWS\System32\msvcp_win.dll
0x00007ffc16b00000 - 0x00007ffc16b31000 	C:\WINDOWS\System32\IMM32.DLL
0x00007ffc11640000 - 0x00007ffc1164c000 	C:\Program Files\Eclipse Adoptium\jdk-17.0.5.8-hotspot\bin\vcruntime140_1.dll
0x00007ffc06120000 - 0x00007ffc061b1000 	C:\Program Files\Eclipse Adoptium\jdk-17.0.5.8-hotspot\bin\msvcp140.dll
0x00007ffb8d6e0000 - 0x00007ffb8e324000 	C:\Program Files\Eclipse Adoptium\jdk-17.0.5.8-hotspot\bin\server\jvm.dll
0x00007ffc18bb0000 - 0x00007ffc18c61000 	C:\WINDOWS\System32\ADVAPI32.dll
0x00007ffc18af0000 - 0x00007ffc18b98000 	C:\WINDOWS\System32\sechost.dll
0x00007ffc165c0000 - 0x00007ffc165e8000 	C:\WINDOWS\System32\bcrypt.dll
0x00007ffc18240000 - 0x00007ffc18354000 	C:\WINDOWS\System32\RPCRT4.dll
0x00007ffbffcd0000 - 0x00007ffbffcd9000 	C:\WINDOWS\SYSTEM32\WSOCK32.dll
0x00007ffc102c0000 - 0x00007ffc102f4000 	C:\WINDOWS\SYSTEM32\WINMM.dll
0x00007ffc0f8e0000 - 0x00007ffc0f8ea000 	C:\WINDOWS\SYSTEM32\VERSION.dll
0x00007ffc17100000 - 0x00007ffc17171000 	C:\WINDOWS\System32\WS2_32.dll
0x00007ffc15080000 - 0x00007ffc15098000 	C:\WINDOWS\SYSTEM32\kernel.appcore.dll
0x00007ffc0a4d0000 - 0x00007ffc0a4da000 	C:\Program Files\Eclipse Adoptium\jdk-17.0.5.8-hotspot\bin\jimage.dll
0x00007ffc13a00000 - 0x00007ffc13c33000 	C:\WINDOWS\SYSTEM32\DBGHELP.DLL
0x00007ffc18590000 - 0x00007ffc18923000 	C:\WINDOWS\System32\combase.dll
0x00007ffc17fa0000 - 0x00007ffc18077000 	C:\WINDOWS\System32\OLEAUT32.dll
0x00007ffc0a490000 - 0x00007ffc0a4c2000 	C:\WINDOWS\SYSTEM32\dbgcore.DLL
0x00007ffc165f0000 - 0x00007ffc1666b000 	C:\WINDOWS\System32\bcryptPrimitives.dll
0x00007ffc10340000 - 0x00007ffc1034e000 	C:\Program Files\Eclipse Adoptium\jdk-17.0.5.8-hotspot\bin\instrument.dll
0x00007ffc066e0000 - 0x00007ffc06705000 	C:\Program Files\Eclipse Adoptium\jdk-17.0.5.8-hotspot\bin\java.dll
0x00007ffc06040000 - 0x00007ffc06116000 	C:\Program Files\Eclipse Adoptium\jdk-17.0.5.8-hotspot\bin\jsvml.dll
0x00007ffc17200000 - 0x00007ffc17aa2000 	C:\WINDOWS\System32\SHELL32.dll
0x00007ffc16090000 - 0x00007ffc161cf000 	C:\WINDOWS\System32\wintypes.dll
0x00007ffc13ea0000 - 0x00007ffc147be000 	C:\WINDOWS\SYSTEM32\windows.storage.dll
0x00007ffc17e90000 - 0x00007ffc17f9b000 	C:\WINDOWS\System32\SHCORE.dll
0x00007ffc16fe0000 - 0x00007ffc17049000 	C:\WINDOWS\System32\shlwapi.dll
0x00007ffc15e90000 - 0x00007ffc15ebb000 	C:\WINDOWS\SYSTEM32\profapi.dll
0x00007ffc06680000 - 0x00007ffc06698000 	C:\Program Files\Eclipse Adoptium\jdk-17.0.5.8-hotspot\bin\zip.dll
0x00007ffc066c0000 - 0x00007ffc066d9000 	C:\Program Files\Eclipse Adoptium\jdk-17.0.5.8-hotspot\bin\net.dll
0x00007ffc11d80000 - 0x00007ffc11eac000 	C:\WINDOWS\SYSTEM32\WINHTTP.dll
0x00007ffc15500000 - 0x00007ffc15569000 	C:\WINDOWS\system32\mswsock.dll
0x00007ffc066a0000 - 0x00007ffc066b5000 	C:\Program Files\Eclipse Adoptium\jdk-17.0.5.8-hotspot\bin\nio.dll
0x00007ffc05ed0000 - 0x00007ffc05eea000 	D:\Softwares\IntelliJ IDEA Community Edition 2023.1.2\bin\breakgen64.dll
0x00007ffc05810000 - 0x00007ffc05820000 	C:\Program Files\Eclipse Adoptium\jdk-17.0.5.8-hotspot\bin\verify.dll

dbghelp: loaded successfully - version: 4.0.5 - missing functions: none
symbol engine: initialized successfully - sym options: 0x614 - pdb path: .;C:\Program Files\Eclipse Adoptium\jdk-17.0.5.8-hotspot\bin;C:\WINDOWS\SYSTEM32;C:\WINDOWS\WinSxS\amd64_microsoft.windows.common-controls_6595b64144ccf1df_6.0.22621.5415_none_270d77d17387d7da;C:\Program Files\Eclipse Adoptium\jdk-17.0.5.8-hotspot\bin\server;D:\Softwares\IntelliJ IDEA Community Edition 2023.1.2\bin

VM Arguments:
jvm_args: -javaagent:D:\Softwares\IntelliJ IDEA Community Edition 2023.1.2\lib\idea_rt.jar=6123:D:\Softwares\IntelliJ IDEA Community Edition 2023.1.2\bin -Dfile.encoding=UTF-8 
java_command: Lectra.LectraApplication
java_class_path (initial): D:\Programs\Java Programs\Spring Framework\Lectra\target\classes;C:\Users\jaisw\.m2\repository\org\springframework\boot\spring-boot-starter-data-mongodb\3.4.4\spring-boot-starter-data-mongodb-3.4.4.jar;C:\Users\jaisw\.m2\repository\org\springframework\boot\spring-boot-starter\3.4.4\spring-boot-starter-3.4.4.jar;C:\Users\jaisw\.m2\repository\org\springframework\boot\spring-boot\3.4.4\spring-boot-3.4.4.jar;C:\Users\jaisw\.m2\repository\org\springframework\boot\spring-boot-autoconfigure\3.4.4\spring-boot-autoconfigure-3.4.4.jar;C:\Users\jaisw\.m2\repository\org\springframework\boot\spring-boot-starter-logging\3.4.4\spring-boot-starter-logging-3.4.4.jar;C:\Users\jaisw\.m2\repository\ch\qos\logback\logback-classic\1.5.18\logback-classic-1.5.18.jar;C:\Users\jaisw\.m2\repository\ch\qos\logback\logback-core\1.5.18\logback-core-1.5.18.jar;C:\Users\jaisw\.m2\repository\org\apache\logging\log4j\log4j-to-slf4j\2.24.3\log4j-to-slf4j-2.24.3.jar;C:\Users\jaisw\.m2\repository\org\apache\logging\log4j\log4j-api\2.24.3\log4j-api-2.24.3.jar;C:\Users\jaisw\.m2\repository\org\slf4j\jul-to-slf4j\2.0.17\jul-to-slf4j-2.0.17.jar;C:\Users\jaisw\.m2\repository\jakarta\annotation\jakarta.annotation-api\2.1.1\jakarta.annotation-api-2.1.1.jar;C:\Users\jaisw\.m2\repository\org\yaml\snakeyaml\2.3\snakeyaml-2.3.jar;C:\Users\jaisw\.m2\repository\org\mongodb\mongodb-driver-sync\5.2.1\mongodb-driver-sync-5.2.1.jar;C:\Users\jaisw\.m2\repository\org\mongodb\bson\5.2.1\bson-5.2.1.jar;C:\Users\jaisw\.m2\repository\org\mongodb\mongodb-driver-core\5.2.1\mongodb-driver-core-5.2.1.jar;C:\Users\jaisw\.m2\repository\org\mongodb\bson-record-codec\5.2.1\bson-record-codec-5.2.1.jar;C:\Users\jaisw\.m2\repository\org\springframework\data\spring-data-mongodb\4.4.4\spring-data-mongodb-4.4.4.jar;C:\Users\jaisw\.m2\repository\org\springframework\spring-tx\6.2.5\spring-tx-6.2.5.jar;C:\Users\jaisw\.m2\repository\org\springframework\spring-context\6.2.5\spring-context-6.2.5.jar;C:\Users\jaisw\.
Launcher Type: SUN_STANDARD

[Global flags]
     intx CICompilerCount                          = 4                                         {product} {ergonomic}
     uint ConcGCThreads                            = 3                                         {product} {ergonomic}
     uint G1ConcRefinementThreads                  = 10                                        {product} {ergonomic}
   size_t G1HeapRegionSize                         = 2097152                                   {product} {ergonomic}
    uintx GCDrainStackTargetSize                   = 64                                        {product} {ergonomic}
   size_t InitialHeapSize                          = 260046848                                 {product} {ergonomic}
   size_t MarkStackSize                            = 4194304                                   {product} {ergonomic}
   size_t MaxHeapSize                              = 4135583744                                {product} {ergonomic}
   size_t MaxNewSize                               = 2480930816                                {product} {ergonomic}
   size_t MinHeapDeltaBytes                        = 2097152                                   {product} {ergonomic}
   size_t MinHeapSize                              = 8388608                                   {product} {ergonomic}
    uintx NonNMethodCodeHeapSize                   = 5839372                                {pd product} {ergonomic}
    uintx NonProfiledCodeHeapSize                  = 122909434                              {pd product} {ergonomic}
    uintx ProfiledCodeHeapSize                     = 122909434                              {pd product} {ergonomic}
    uintx ReservedCodeCacheSize                    = 251658240                              {pd product} {ergonomic}
     bool SegmentedCodeCache                       = true                                      {product} {ergonomic}
   size_t SoftMaxHeapSize                          = 4135583744                             {manageable} {ergonomic}
     bool UseCompressedClassPointers               = true                           {product lp64_product} {ergonomic}
     bool UseCompressedOops                        = true                           {product lp64_product} {ergonomic}
     bool UseG1GC                                  = true                                      {product} {ergonomic}
     bool UseLargePagesIndividualAllocation        = false                                  {pd product} {ergonomic}

Logging:
Log output configuration:
 #0: stdout all=warning uptime,level,tags
 #1: stderr all=off uptime,level,tags

Environment Variables:
JAVA_HOME=C:\Program Files\Java\jdk-17
PATH=C:\Windows\System32;C:\Program Files\Git\cmd;C:\Program Files\MongoDB\Server\8.0\bin;C:\Program Files (x86)\NVIDIA Corporation\PhysX\Common;C:\Program Files\NVIDIA Corporation\NVIDIA app\NvDLISR;C:\Program Files\nodejs\;D:\Downloads;C:\Program Files\MySQL\MySQL Shell 8.0\bin\;C:\Users\jaisw\AppData\Local\Microsoft\WindowsApps;D:\Softwares\Microsoft VS Code\bin;D:\Softwares\Mingw\bin;C:\Users\jaisw\AppData\Local\Programs\mongosh\;C:\Users\jaisw\AppData\Roaming\npm
USERNAME=jaisw
OS=Windows_NT
PROCESSOR_IDENTIFIER=AMD64 Family 25 Model 80 Stepping 0, AuthenticAMD
TMP=C:\Users\jaisw\AppData\Local\Temp
TEMP=C:\Users\jaisw\AppData\Local\Temp



---------------  S Y S T E M  ---------------

OS:
 Windows 11 , 64 bit Build 22621 (10.0.22621.5415)
OS uptime: 0 days 2:18 hours

CPU: total 12 (initial active 12) (12 cores per cpu, 2 threads per core) family 25 model 80 stepping 0 microcode 0x0, cx8, cmov, fxsr, ht, mmx, 3dnowpref, sse, sse2, sse3, ssse3, sse4a, sse4.1, sse4.2, popcnt, lzcnt, tsc, tscinvbit, avx, avx2, aes, erms, clmul, bmi1, bmi2, adx, sha, fma, vzeroupper, clflush, clflushopt

Memory: 4k page, system-wide physical 15775M (4984M free)
TotalPageFile size 15775M (AvailPageFile size 374M)
current process WorkingSet (physical memory assigned to process): 90M, peak: 90M
current process commit charge ("private bytes"): 364M, peak: 365M

vm_info: OpenJDK 64-Bit Server VM (17.0.5+8) for windows-amd64 JRE (17.0.5+8), built on Oct 19 2022 04:48:13 by "temurin" with MS VC++ 16.7 (VS2019)

END.
