#
# There is insufficient memory for the Java Runtime Environment to continue.
# Native memory allocation (malloc) failed to allocate 400768 bytes for Chunk::new
# Possible reasons:
#   The system is out of physical RAM or swap space
#   The process is running with CompressedOops enabled, and the Java Heap may be blocking the growth of the native heap
# Possible solutions:
#   Reduce memory load on the system
#   Increase physical memory or swap space
#   Check if swap backing store is full
#   Decrease Java heap size (-Xmx/-Xms)
#   Decrease number of Java threads
#   Decrease Java thread stack sizes (-Xss)
#   Set larger code cache with -XX:ReservedCodeCacheSize=
#   JVM is running with Zero Based Compressed Oops mode in which the Java heap is
#     placed in the first 32GB address space. The Java Heap base address is the
#     maximum limit for the native heap growth. Please use -XX:HeapBaseMinAddress
#     to set the Java Heap base and to place the Java Heap above 32GB virtual address.
# This output file may be truncated or incomplete.
#
#  Out of Memory Error (arena.cpp:189), pid=4812, tid=17952
#
# JRE version: OpenJDK Runtime Environment Temurin-17.0.5+8 (17.0.5+8) (build 17.0.5+8)
# Java VM: OpenJDK 64-Bit Server VM Temurin-17.0.5+8 (17.0.5+8, mixed mode, sharing, tiered, compressed oops, compressed class ptrs, g1 gc, windows-amd64)
# No core dump will be written. Minidumps are not enabled by default on client versions of Windows
#

---------------  S U M M A R Y ------------

Command Line: -javaagent:D:\Softwares\IntelliJ IDEA Community Edition 2023.1.2\lib\idea_rt.jar=9760:D:\Softwares\IntelliJ IDEA Community Edition 2023.1.2\bin -Dfile.encoding=UTF-8 Lectra.LectraApplication

Host: AMD Ryzen 5 5600H with Radeon Graphics         , 12 cores, 15G,  Windows 11 , 64 bit Build 22621 (10.0.22621.5415)
Time: Sun Jul 13 18:12:13 2025 India Standard Time elapsed time: 149.997547 seconds (0d 0h 2m 29s)

---------------  T H R E A D  ---------------

Current thread (0x000001fb5b00afd0):  JavaThread "C2 CompilerThread0" daemon [_thread_in_native, id=17952, stack(0x000000d819200000,0x000000d819300000)]


Current CompileTask:
C2: 149997 5373       4       java.lang.String::<init> (830 bytes)

Stack: [0x000000d819200000,0x000000d819300000]
Native frames: (J=compiled Java code, j=interpreted, Vv=VM code, C=native code)
V  [jvm.dll+0x676b3a]
V  [jvm.dll+0x831444]
V  [jvm.dll+0x832bee]
V  [jvm.dll+0x833253]
V  [jvm.dll+0x244ce5]
V  [jvm.dll+0xabbac]
V  [jvm.dll+0xac17c]
V  [jvm.dll+0x362d57]
V  [jvm.dll+0x32d591]
V  [jvm.dll+0x32ca3a]
V  [jvm.dll+0x217b51]
V  [jvm.dll+0x216f71]
V  [jvm.dll+0x1a343d]
V  [jvm.dll+0x22698a]
V  [jvm.dll+0x224ac5]
V  [jvm.dll+0x7e727b]
V  [jvm.dll+0x7e17ea]
V  [jvm.dll+0x6759e5]
C  [ucrtbase.dll+0x29333]
C  [KERNEL32.DLL+0x1259d]
C  [ntdll.dll+0x5af78]


---------------  P R O C E S S  ---------------

Threads class SMR info:
_java_thread_list=0x000001fb5d6fbf30, length=83, elements={
0x000001fb5a413670, 0x000001fb5a4142e0, 0x000001fb5b004ad0, 0x000001fb5b005480,
0x000001fb5b006440, 0x000001fb5b006df0, 0x000001fb5b00afd0, 0x000001fb5b00ba70,
0x000001fb5b01ecb0, 0x000001fb5a3fa770, 0x000001fb5b279620, 0x000001fb5b3fded0,
0x000001fb5c39a7e0, 0x000001fb5e6f6eb0, 0x000001fb5edef010, 0x000001fb5e968ce0,
0x000001fb5e76a020, 0x000001fb5eda4200, 0x000001fb5d7c1980, 0x000001fb5d7c3660,
0x000001fb5d7c3190, 0x000001fb5d7c3b30, 0x000001fb5d7c4000, 0x000001fb5d7c0640,
0x000001fb5d7c2cc0, 0x000001fb5d7c1e50, 0x000001fb5d7c2320, 0x000001fb5d7c27f0,
0x000001fb5d7c0fe0, 0x000001fb5d7c0b10, 0x000001fb5d7c14b0, 0x000001fb60eab7b0,
0x000001fb60ea9ad0, 0x000001fb60ea5c40, 0x000001fb60eaae10, 0x000001fb5c38b7f0,
0x000001fb5c38a4b0, 0x000001fb5c38e340, 0x000001fb5c38e810, 0x000001fb5c389b10,
0x000001fb5c387960, 0x000001fb5c387e30, 0x000001fb5c388300, 0x000001fb5c3887d0,
0x000001fb5c389170, 0x000001fb5c38de70, 0x000001fb5c389640, 0x000001fb5c38bcc0,
0x000001fb5c38c190, 0x000001fb5c38c660, 0x000001fb5c386fc0, 0x000001fb5c38cb30,
0x000001fb5c388ca0, 0x000001fb5c38d000, 0x000001fb5c38d4d0, 0x000001fb5c38b320,
0x000001fb5c38d9a0, 0x000001fb5c387490, 0x000001fb5c389fe0, 0x000001fb5c38a980,
0x000001fb5c38ae50, 0x000001fb60ea9130, 0x000001fb60ead490, 0x000001fb60ea6110,
0x000001fb60ea65e0, 0x000001fb60eabc80, 0x000001fb60ea9fa0, 0x000001fb60eac150,
0x000001fb60eacfc0, 0x000001fb60ea82c0, 0x000001fb60eab2e0, 0x000001fb60ea6ab0,
0x000001fb60eac620, 0x000001fb60eacaf0, 0x000001fb60ea6f80, 0x000001fb60ea7450,
0x000001fb60eaa940, 0x000001fb60ea7920, 0x000001fb60ea9600, 0x000001fb60eaa470,
0x000001fb60ea8790, 0x000001fb60ea7df0, 0x000001fb60ea8c60
}

Java Threads: ( => current thread )
  0x000001fb5a413670 JavaThread "Reference Handler" daemon [_thread_blocked, id=18060, stack(0x000000d818c00000,0x000000d818d00000)]
  0x000001fb5a4142e0 JavaThread "Finalizer" daemon [_thread_blocked, id=13892, stack(0x000000d818d00000,0x000000d818e00000)]
  0x000001fb5b004ad0 JavaThread "Signal Dispatcher" daemon [_thread_blocked, id=22780, stack(0x000000d818e00000,0x000000d818f00000)]
  0x000001fb5b005480 JavaThread "Attach Listener" daemon [_thread_blocked, id=3756, stack(0x000000d818f00000,0x000000d819000000)]
  0x000001fb5b006440 JavaThread "Service Thread" daemon [_thread_blocked, id=19724, stack(0x000000d819000000,0x000000d819100000)]
  0x000001fb5b006df0 JavaThread "Monitor Deflation Thread" daemon [_thread_blocked, id=3436, stack(0x000000d819100000,0x000000d819200000)]
=>0x000001fb5b00afd0 JavaThread "C2 CompilerThread0" daemon [_thread_in_native, id=17952, stack(0x000000d819200000,0x000000d819300000)]
  0x000001fb5b00ba70 JavaThread "C1 CompilerThread0" daemon [_thread_blocked, id=30508, stack(0x000000d819300000,0x000000d819400000)]
  0x000001fb5b01ecb0 JavaThread "Sweeper thread" daemon [_thread_blocked, id=20980, stack(0x000000d819400000,0x000000d819500000)]
  0x000001fb5a3fa770 JavaThread "Common-Cleaner" daemon [_thread_blocked, id=32176, stack(0x000000d819500000,0x000000d819600000)]
  0x000001fb5b279620 JavaThread "Monitor Ctrl-Break" daemon [_thread_in_native, id=34776, stack(0x000000d819700000,0x000000d819800000)]
  0x000001fb5b3fded0 JavaThread "Notification Thread" daemon [_thread_blocked, id=10448, stack(0x000000d819800000,0x000000d819900000)]
  0x000001fb5c39a7e0 JavaThread "Catalina-utility-1" [_thread_blocked, id=24360, stack(0x000000d81a700000,0x000000d81a800000)]
  0x000001fb5e6f6eb0 JavaThread "Catalina-utility-2" [_thread_blocked, id=34560, stack(0x000000d81a800000,0x000000d81a900000)]
  0x000001fb5edef010 JavaThread "container-0" [_thread_blocked, id=27740, stack(0x000000d81a900000,0x000000d81aa00000)]
  0x000001fb5e968ce0 JavaThread "BufferPoolPruner-1-thread-1" daemon [_thread_blocked, id=29828, stack(0x000000d81aa00000,0x000000d81ab00000)]
  0x000001fb5e76a020 JavaThread "cluster-ClusterId{value='6873a913e87e9b3173c4696a', description='null'}-localhost:27017" daemon [_thread_in_native, id=19780, stack(0x000000d81ab00000,0x000000d81ac00000)]
  0x000001fb5eda4200 JavaThread "cluster-rtt-ClusterId{value='6873a913e87e9b3173c4696a', description='null'}-localhost:27017" daemon [_thread_blocked, id=1580, stack(0x000000d81ad00000,0x000000d81ae00000)]
  0x000001fb5d7c1980 JavaThread "MaintenanceTimer-2-thread-1" daemon [_thread_blocked, id=34196, stack(0x000000d81ae00000,0x000000d81af00000)]
  0x000001fb5d7c3660 JavaThread "MessageBroker-1" [_thread_blocked, id=18544, stack(0x000000d81af00000,0x000000d81b000000)]
  0x000001fb5d7c3190 JavaThread "http-nio-8080-exec-1" daemon [_thread_blocked, id=32968, stack(0x000000d81b000000,0x000000d81b100000)]
  0x000001fb5d7c3b30 JavaThread "http-nio-8080-exec-2" daemon [_thread_blocked, id=31484, stack(0x000000d81b100000,0x000000d81b200000)]
  0x000001fb5d7c4000 JavaThread "http-nio-8080-exec-3" daemon [_thread_blocked, id=2456, stack(0x000000d81b200000,0x000000d81b300000)]
  0x000001fb5d7c0640 JavaThread "http-nio-8080-exec-4" daemon [_thread_blocked, id=15004, stack(0x000000d81b300000,0x000000d81b400000)]
  0x000001fb5d7c2cc0 JavaThread "http-nio-8080-exec-5" daemon [_thread_blocked, id=12100, stack(0x000000d81b400000,0x000000d81b500000)]
  0x000001fb5d7c1e50 JavaThread "http-nio-8080-exec-6" daemon [_thread_blocked, id=31332, stack(0x000000d81b500000,0x000000d81b600000)]
  0x000001fb5d7c2320 JavaThread "http-nio-8080-exec-7" daemon [_thread_blocked, id=4396, stack(0x000000d81b600000,0x000000d81b700000)]
  0x000001fb5d7c27f0 JavaThread "http-nio-8080-exec-8" daemon [_thread_blocked, id=32848, stack(0x000000d81b700000,0x000000d81b800000)]
  0x000001fb5d7c0fe0 JavaThread "http-nio-8080-exec-9" daemon [_thread_blocked, id=33648, stack(0x000000d81b800000,0x000000d81b900000)]
  0x000001fb5d7c0b10 JavaThread "http-nio-8080-exec-10" daemon [_thread_blocked, id=34240, stack(0x000000d81b900000,0x000000d81ba00000)]
  0x000001fb5d7c14b0 JavaThread "http-nio-8080-Poller" daemon [_thread_in_native, id=22088, stack(0x000000d81ba00000,0x000000d81bb00000)]
  0x000001fb60eab7b0 JavaThread "http-nio-8080-Acceptor" daemon [_thread_in_native, id=11004, stack(0x000000d81bb00000,0x000000d81bc00000)]
  0x000001fb60ea9ad0 JavaThread "DestroyJavaVM" [_thread_blocked, id=13660, stack(0x000000d818500000,0x000000d818600000)]
  0x000001fb60ea5c40 JavaThread "WebSocket background processing" daemon [_thread_blocked, id=28836, stack(0x000000d81a400000,0x000000d81a500000)]
  0x000001fb60eaae10 JavaThread "clientInboundChannel-1" [_thread_blocked, id=31064, stack(0x000000d81bc00000,0x000000d81bd00000)]
  0x000001fb5c38b7f0 JavaThread "clientInboundChannel-22" [_thread_blocked, id=30864, stack(0x000000d81d700000,0x000000d81d800000)]
  0x000001fb5c38a4b0 JavaThread "clientInboundChannel-23" [_thread_blocked, id=16788, stack(0x000000d81d800000,0x000000d81d900000)]
  0x000001fb5c38e340 JavaThread "MessageBroker-2" [_thread_blocked, id=34360, stack(0x000000d81da00000,0x000000d81db00000)]
  0x000001fb5c38e810 JavaThread "clientInboundChannel-25" [_thread_blocked, id=3580, stack(0x000000d81bd00000,0x000000d81be00000)]
  0x000001fb5c389b10 JavaThread "clientInboundChannel-26" [_thread_blocked, id=4688, stack(0x000000d81bf00000,0x000000d81c000000)]
  0x000001fb5c387960 JavaThread "clientInboundChannel-27" [_thread_blocked, id=33380, stack(0x000000d81c400000,0x000000d81c500000)]
  0x000001fb5c387e30 JavaThread "clientOutboundChannel-10" [_thread_blocked, id=33812, stack(0x000000d81c600000,0x000000d81c700000)]
  0x000001fb5c388300 JavaThread "clientOutboundChannel-11" [_thread_blocked, id=32808, stack(0x000000d81c800000,0x000000d81c900000)]
  0x000001fb5c3887d0 JavaThread "clientOutboundChannel-12" [_thread_blocked, id=13300, stack(0x000000d81dc00000,0x000000d81dd00000)]
  0x000001fb5c389170 JavaThread "clientOutboundChannel-13" [_thread_blocked, id=6664, stack(0x000000d81dd00000,0x000000d81de00000)]
  0x000001fb5c38de70 JavaThread "clientInboundChannel-28" [_thread_blocked, id=22432, stack(0x000000d818200000,0x000000d818300000)]
  0x000001fb5c389640 JavaThread "clientInboundChannel-29" [_thread_blocked, id=14804, stack(0x000000d818300000,0x000000d818400000)]
  0x000001fb5c38bcc0 JavaThread "clientInboundChannel-30" [_thread_blocked, id=31380, stack(0x000000d818400000,0x000000d818500000)]
  0x000001fb5c38c190 JavaThread "clientInboundChannel-31" [_thread_blocked, id=25612, stack(0x000000d819600000,0x000000d819700000)]
  0x000001fb5c38c660 JavaThread "clientInboundChannel-32" [_thread_blocked, id=17780, stack(0x000000d81be00000,0x000000d81bf00000)]
  0x000001fb5c386fc0 JavaThread "clientInboundChannel-33" [_thread_blocked, id=7704, stack(0x000000d81c000000,0x000000d81c100000)]
  0x000001fb5c38cb30 JavaThread "clientOutboundChannel-14" [_thread_blocked, id=15624, stack(0x000000d81c100000,0x000000d81c200000)]
  0x000001fb5c388ca0 JavaThread "clientOutboundChannel-15" [_thread_blocked, id=31580, stack(0x000000d81c200000,0x000000d81c300000)]
  0x000001fb5c38d000 JavaThread "clientOutboundChannel-16" [_thread_blocked, id=34720, stack(0x000000d81c300000,0x000000d81c400000)]
  0x000001fb5c38d4d0 JavaThread "clientOutboundChannel-17" [_thread_blocked, id=20636, stack(0x000000d81c500000,0x000000d81c600000)]
  0x000001fb5c38b320 JavaThread "clientInboundChannel-34" [_thread_blocked, id=14288, stack(0x000000d81c700000,0x000000d81c800000)]
  0x000001fb5c38d9a0 JavaThread "clientInboundChannel-35" [_thread_blocked, id=33200, stack(0x000000d81c900000,0x000000d81ca00000)]
  0x000001fb5c387490 JavaThread "clientInboundChannel-36" [_thread_blocked, id=29376, stack(0x000000d81ca00000,0x000000d81cb00000)]
  0x000001fb5c389fe0 JavaThread "clientOutboundChannel-18" [_thread_blocked, id=34656, stack(0x000000d81cb00000,0x000000d81cc00000)]
  0x000001fb5c38a980 JavaThread "clientOutboundChannel-19" [_thread_blocked, id=31212, stack(0x000000d81cc00000,0x000000d81cd00000)]
  0x000001fb5c38ae50 JavaThread "clientInboundChannel-37" [_thread_blocked, id=13820, stack(0x000000d81cd00000,0x000000d81ce00000)]
  0x000001fb60ea9130 JavaThread "clientInboundChannel-38" [_thread_blocked, id=7796, stack(0x000000d81ce00000,0x000000d81cf00000)]
  0x000001fb60ead490 JavaThread "clientInboundChannel-39" [_thread_blocked, id=21224, stack(0x000000d81cf00000,0x000000d81d000000)]
  0x000001fb60ea6110 JavaThread "clientOutboundChannel-20" [_thread_blocked, id=8728, stack(0x000000d81d000000,0x000000d81d100000)]
  0x000001fb60ea65e0 JavaThread "clientOutboundChannel-21" [_thread_blocked, id=32948, stack(0x000000d81d100000,0x000000d81d200000)]
  0x000001fb60eabc80 JavaThread "clientInboundChannel-40" [_thread_blocked, id=19196, stack(0x000000d81d200000,0x000000d81d300000)]
  0x000001fb60ea9fa0 JavaThread "clientInboundChannel-41" [_thread_blocked, id=12948, stack(0x000000d81d300000,0x000000d81d400000)]
  0x000001fb60eac150 JavaThread "clientInboundChannel-42" [_thread_blocked, id=13640, stack(0x000000d81d400000,0x000000d81d500000)]
  0x000001fb60eacfc0 JavaThread "clientOutboundChannel-22" [_thread_blocked, id=12504, stack(0x000000d81d500000,0x000000d81d600000)]
  0x000001fb60ea82c0 JavaThread "clientOutboundChannel-23" [_thread_blocked, id=34168, stack(0x000000d81d600000,0x000000d81d700000)]
  0x000001fb60eab2e0 JavaThread "clientInboundChannel-43" [_thread_blocked, id=21616, stack(0x000000d81d900000,0x000000d81da00000)]
  0x000001fb60ea6ab0 JavaThread "clientInboundChannel-44" [_thread_blocked, id=19948, stack(0x000000d81db00000,0x000000d81dc00000)]
  0x000001fb60eac620 JavaThread "clientInboundChannel-45" [_thread_blocked, id=32344, stack(0x000000d81de00000,0x000000d81df00000)]
  0x000001fb60eacaf0 JavaThread "clientOutboundChannel-24" [_thread_blocked, id=30288, stack(0x000000d81df00000,0x000000d81e000000)]
  0x000001fb60ea6f80 JavaThread "clientOutboundChannel-25" [_thread_blocked, id=6848, stack(0x000000d81e000000,0x000000d81e100000)]
  0x000001fb60ea7450 JavaThread "clientOutboundChannel-26" [_thread_blocked, id=29952, stack(0x000000d81e100000,0x000000d81e200000)]
  0x000001fb60eaa940 JavaThread "clientOutboundChannel-27" [_thread_blocked, id=29948, stack(0x000000d81e200000,0x000000d81e300000)]
  0x000001fb60ea7920 JavaThread "clientOutboundChannel-28" [_thread_blocked, id=1672, stack(0x000000d81e300000,0x000000d81e400000)]
  0x000001fb60ea9600 JavaThread "clientOutboundChannel-29" [_thread_blocked, id=33868, stack(0x000000d81e400000,0x000000d81e500000)]
  0x000001fb60eaa470 JavaThread "clientOutboundChannel-30" [_thread_blocked, id=6140, stack(0x000000d81e500000,0x000000d81e600000)]
  0x000001fb60ea8790 JavaThread "clientOutboundChannel-31" [_thread_blocked, id=23812, stack(0x000000d81e600000,0x000000d81e700000)]
  0x000001fb60ea7df0 JavaThread "clientOutboundChannel-32" [_thread_blocked, id=33632, stack(0x000000d81e700000,0x000000d81e800000)]
  0x000001fb60ea8c60 JavaThread "clientOutboundChannel-33" [_thread_blocked, id=34472, stack(0x000000d81e800000,0x000000d81e900000)]

Other Threads:
  0x000001fb5a40d760 VMThread "VM Thread" [stack: 0x000000d818b00000,0x000000d818c00000] [id=10300]
  0x000001fb5b31a870 WatcherThread [stack: 0x000000d819900000,0x000000d819a00000] [id=5356]
  0x000001fb37542470 GCTaskThread "GC Thread#0" [stack: 0x000000d818600000,0x000000d818700000] [id=15468]
  0x000001fb5bd474a0 GCTaskThread "GC Thread#1" [stack: 0x000000d819a00000,0x000000d819b00000] [id=32224]
  0x000001fb5ba63080 GCTaskThread "GC Thread#2" [stack: 0x000000d819b00000,0x000000d819c00000] [id=9260]
  0x000001fb5ba6db70 GCTaskThread "GC Thread#3" [stack: 0x000000d819c00000,0x000000d819d00000] [id=20812]
  0x000001fb5babe840 GCTaskThread "GC Thread#4" [stack: 0x000000d819d00000,0x000000d819e00000] [id=5164]
  0x000001fb5bb1d900 GCTaskThread "GC Thread#5" [stack: 0x000000d819e00000,0x000000d819f00000] [id=23976]
  0x000001fb5bf47c50 GCTaskThread "GC Thread#6" [stack: 0x000000d81a000000,0x000000d81a100000] [id=18256]
  0x000001fb5c260cd0 GCTaskThread "GC Thread#7" [stack: 0x000000d81a100000,0x000000d81a200000] [id=9224]
  0x000001fb5bb6c990 GCTaskThread "GC Thread#8" [stack: 0x000000d81a200000,0x000000d81a300000] [id=28160]
  0x000001fb5c183190 GCTaskThread "GC Thread#9" [stack: 0x000000d81a300000,0x000000d81a400000] [id=24204]
  0x000001fb37552a30 ConcurrentGCThread "G1 Main Marker" [stack: 0x000000d818700000,0x000000d818800000] [id=32476]
  0x000001fb37553be0 ConcurrentGCThread "G1 Conc#0" [stack: 0x000000d818800000,0x000000d818900000] [id=31636]
  0x000001fb5cb51590 ConcurrentGCThread "G1 Conc#1" [stack: 0x000000d819f00000,0x000000d81a000000] [id=16868]
  0x000001fb5cb51af0 ConcurrentGCThread "G1 Conc#2" [stack: 0x000000d81a500000,0x000000d81a600000] [id=12968]
  0x000001fb3758ec50 ConcurrentGCThread "G1 Refine#0" [stack: 0x000000d818900000,0x000000d818a00000] [id=33364]
  0x000001fb5ded0f90 ConcurrentGCThread "G1 Refine#1" [stack: 0x000000d81a600000,0x000000d81a700000] [id=32744]
  0x000001fb5a2c47e0 ConcurrentGCThread "G1 Service" [stack: 0x000000d818a00000,0x000000d818b00000] [id=15504]

Threads with active compile tasks:
C2 CompilerThread0   150041 5373       4       java.lang.String::<init> (830 bytes)

VM state: not at safepoint (normal execution)

VM Mutex/Monitor currently owned by a thread: None

Heap address: 0x0000000709800000, size: 3944 MB, Compressed Oops mode: Zero based, Oop shift amount: 3

CDS archive(s) mapped at: [0x0000000800000000-0x0000000800bc0000-0x0000000800bc0000), size 12320768, SharedBaseAddress: 0x0000000800000000, ArchiveRelocationMode: 0.
Compressed class space mapped at: 0x0000000800c00000-0x0000000840c00000, reserved size: 1073741824
Narrow klass base: 0x0000000800000000, Narrow klass shift: 0, Narrow klass range: 0x100000000

GC Precious Log:
 CPUs: 12 total, 12 available
 Memory: 15775M
 Large Page Support: Disabled
 NUMA Support: Disabled
 Compressed Oops: Enabled (Zero based)
 Heap Region Size: 2M
 Heap Min Capacity: 8M
 Heap Initial Capacity: 248M
 Heap Max Capacity: 3944M
 Pre-touch: Disabled
 Parallel Workers: 10
 Concurrent Workers: 3
 Concurrent Refinement Workers: 10
 Periodic GC: Disabled

Heap:
 garbage-first heap   total 69632K, used 37058K [0x0000000709800000, 0x0000000800000000)
  region size 2048K, 10 young (20480K), 1 survivors (2048K)
 Metaspace       used 44263K, committed 44800K, reserved 1089536K
  class space    used 5898K, committed 6144K, reserved 1048576K

Heap Regions: E=young(eden), S=young(survivor), O=old, HS=humongous(starts), HC=humongous(continues), CS=collection set, F=free, OA=open archive, CA=closed archive, TAMS=top-at-mark-start (previous, next)
|   0|0x0000000709800000, 0x0000000709a00000, 0x0000000709a00000|100%| O|  |TAMS 0x0000000709a00000, 0x0000000709800000| Untracked 
|   1|0x0000000709a00000, 0x0000000709c00000, 0x0000000709c00000|100%| O|  |TAMS 0x0000000709c00000, 0x0000000709a00000| Untracked 
|   2|0x0000000709c00000, 0x0000000709e00000, 0x0000000709e00000|100%| O|  |TAMS 0x0000000709c00000, 0x0000000709c00000| Untracked 
|   3|0x0000000709e00000, 0x000000070a000000, 0x000000070a000000|100%| O|  |TAMS 0x000000070a000000, 0x0000000709e00000| Untracked 
|   4|0x000000070a000000, 0x000000070a200000, 0x000000070a200000|100%| O|  |TAMS 0x000000070a200000, 0x000000070a000000| Untracked 
|   5|0x000000070a200000, 0x000000070a400000, 0x000000070a400000|100%| O|  |TAMS 0x000000070a400000, 0x000000070a200000| Untracked 
|   6|0x000000070a400000, 0x000000070a600000, 0x000000070a600000|100%| O|  |TAMS 0x000000070a600000, 0x000000070a400000| Untracked 
|   7|0x000000070a600000, 0x000000070a600000, 0x000000070a800000|  0%| F|  |TAMS 0x000000070a600000, 0x000000070a600000| Untracked 
|   8|0x000000070a800000, 0x000000070aa00000, 0x000000070aa00000|100%| O|  |TAMS 0x000000070a800000, 0x000000070a800000| Untracked 
|   9|0x000000070aa00000, 0x000000070ac00000, 0x000000070ac00000|100%| O|  |TAMS 0x000000070aa00000, 0x000000070aa00000| Untracked 
|  10|0x000000070ac00000, 0x000000070adb4200, 0x000000070ae00000| 85%| O|  |TAMS 0x000000070ac00000, 0x000000070ac00000| Untracked 
|  11|0x000000070ae00000, 0x000000070ae00000, 0x000000070b000000|  0%| F|  |TAMS 0x000000070ae00000, 0x000000070ae00000| Untracked 
|  12|0x000000070b000000, 0x000000070b000000, 0x000000070b200000|  0%| F|  |TAMS 0x000000070b000000, 0x000000070b000000| Untracked 
|  13|0x000000070b200000, 0x000000070b200000, 0x000000070b400000|  0%| F|  |TAMS 0x000000070b200000, 0x000000070b200000| Untracked 
|  14|0x000000070b400000, 0x000000070b400000, 0x000000070b600000|  0%| F|  |TAMS 0x000000070b400000, 0x000000070b400000| Untracked 
|  15|0x000000070b600000, 0x000000070b600000, 0x000000070b800000|  0%| F|  |TAMS 0x000000070b600000, 0x000000070b600000| Untracked 
|  16|0x000000070b800000, 0x000000070b800000, 0x000000070ba00000|  0%| F|  |TAMS 0x000000070b800000, 0x000000070b800000| Untracked 
|  17|0x000000070ba00000, 0x000000070ba00000, 0x000000070bc00000|  0%| F|  |TAMS 0x000000070ba00000, 0x000000070ba00000| Untracked 
|  18|0x000000070bc00000, 0x000000070bc00000, 0x000000070be00000|  0%| F|  |TAMS 0x000000070bc00000, 0x000000070bc00000| Untracked 
|  19|0x000000070be00000, 0x000000070be00000, 0x000000070c000000|  0%| F|  |TAMS 0x000000070be00000, 0x000000070be00000| Untracked 
|  20|0x000000070c000000, 0x000000070c000000, 0x000000070c200000|  0%| F|  |TAMS 0x000000070c000000, 0x000000070c000000| Untracked 
|  21|0x000000070c200000, 0x000000070c200000, 0x000000070c400000|  0%| F|  |TAMS 0x000000070c200000, 0x000000070c200000| Untracked 
|  22|0x000000070c400000, 0x000000070c400000, 0x000000070c600000|  0%| F|  |TAMS 0x000000070c400000, 0x000000070c400000| Untracked 
|  23|0x000000070c600000, 0x000000070c600000, 0x000000070c800000|  0%| F|  |TAMS 0x000000070c600000, 0x000000070c600000| Untracked 
|  24|0x000000070c800000, 0x000000070c88fee8, 0x000000070ca00000| 28%| E|  |TAMS 0x000000070c800000, 0x000000070c800000| Complete 
|  25|0x000000070ca00000, 0x000000070cc00000, 0x000000070cc00000|100%| E|CS|TAMS 0x000000070ca00000, 0x000000070ca00000| Complete 
|  26|0x000000070cc00000, 0x000000070ce00000, 0x000000070ce00000|100%| E|CS|TAMS 0x000000070cc00000, 0x000000070cc00000| Complete 
|  27|0x000000070ce00000, 0x000000070d000000, 0x000000070d000000|100%| E|CS|TAMS 0x000000070ce00000, 0x000000070ce00000| Complete 
|  28|0x000000070d000000, 0x000000070d200000, 0x000000070d200000|100%| E|CS|TAMS 0x000000070d000000, 0x000000070d000000| Complete 
|  29|0x000000070d200000, 0x000000070d400000, 0x000000070d400000|100%| E|CS|TAMS 0x000000070d200000, 0x000000070d200000| Complete 
|  30|0x000000070d400000, 0x000000070d600000, 0x000000070d600000|100%| E|CS|TAMS 0x000000070d400000, 0x000000070d400000| Complete 
|  52|0x0000000710000000, 0x0000000710200000, 0x0000000710200000|100%| E|CS|TAMS 0x0000000710000000, 0x0000000710000000| Complete 
|  53|0x0000000710200000, 0x000000071027c670, 0x0000000710400000| 24%| S|CS|TAMS 0x0000000710200000, 0x0000000710200000| Complete 
| 123|0x0000000718e00000, 0x0000000719000000, 0x0000000719000000|100%| E|CS|TAMS 0x0000000718e00000, 0x0000000718e00000| Complete 

Card table byte_map: [0x000001fb4ecc0000,0x000001fb4f480000] _byte_map_base: 0x000001fb4b474000

Marking Bits (Prev, Next): (CMBitMap*) 0x000001fb37542a80, (CMBitMap*) 0x000001fb37542ac0
 Prev Bits: [0x000001fb4fc40000, 0x000001fb539e0000)
 Next Bits: [0x000001fb539e0000, 0x000001fb57780000)

Polling page: 0x000001fb36c90000

Metaspace:

Usage:
  Non-class:     37.47 MB used.
      Class:      5.76 MB used.
       Both:     43.23 MB used.

Virtual space:
  Non-class space:       40.00 MB reserved,      37.75 MB ( 94%) committed,  5 nodes.
      Class space:        1.00 GB reserved,       6.00 MB ( <1%) committed,  1 nodes.
             Both:        1.04 GB reserved,      43.75 MB (  4%) committed. 

Chunk freelists:
   Non-Class:  2.30 MB
       Class:  1.90 MB
        Both:  4.20 MB

MaxMetaspaceSize: unlimited
CompressedClassSpaceSize: 1.00 GB
Initial GC threshold: 21.00 MB
Current GC threshold: 58.69 MB
CDS: on
MetaspaceReclaimPolicy: balanced
 - commit_granule_bytes: 65536.
 - commit_granule_words: 8192.
 - virtual_space_node_default_size: 1048576.
 - enlarge_chunks_in_place: 1.
 - new_chunks_are_fully_committed: 0.
 - uncommit_free_chunks: 1.
 - use_allocation_guard: 0.
 - handle_deallocations: 1.


Internal statistics:

num_allocs_failed_limit: 6.
num_arena_births: 762.
num_arena_deaths: 0.
num_vsnodes_births: 6.
num_vsnodes_deaths: 0.
num_space_committed: 700.
num_space_uncommitted: 0.
num_chunks_returned_to_freelist: 6.
num_chunks_taken_from_freelist: 2368.
num_chunk_merges: 6.
num_chunk_splits: 1672.
num_chunks_enlarged: 1270.
num_purges: 0.
num_inconsistent_stats: 0.

CodeHeap 'non-profiled nmethods': size=120000Kb used=2891Kb max_used=3131Kb free=117108Kb
 bounds [0x000001fb46a80000, 0x000001fb46dd0000, 0x000001fb4dfb0000]
CodeHeap 'profiled nmethods': size=120000Kb used=8977Kb max_used=9899Kb free=111023Kb
 bounds [0x000001fb3f550000, 0x000001fb3ff00000, 0x000001fb46a80000]
CodeHeap 'non-nmethods': size=5760Kb used=1274Kb max_used=1328Kb free=4485Kb
 bounds [0x000001fb3efb0000, 0x000001fb3f220000, 0x000001fb3f550000]
 total_blobs=5221 nmethods=4629 adapters=504
 compilation: enabled
              stopped_count=0, restarted_count=0
 full_count=0

Compilation events (20 events):
Event: 149.443 Thread 0x000001fb5b00ba70 nmethod 5362 0x000001fb3f58e290 code [0x000001fb3f58e520, 0x000001fb3f58f0b8]
Event: 149.443 Thread 0x000001fb5b00ba70 5364       3       java.util.TreeMap$ValueIterator::next (8 bytes)
Event: 149.443 Thread 0x000001fb5b00ba70 nmethod 5364 0x000001fb3fc23210 code [0x000001fb3fc233c0, 0x000001fb3fc23508]
Event: 149.704 Thread 0x000001fb5b00ba70 5365       3       com.fasterxml.jackson.databind.ObjectMapper::_assertNotNull (27 bytes)
Event: 149.705 Thread 0x000001fb5b00ba70 nmethod 5365 0x000001fb3fc22090 code [0x000001fb3fc22300, 0x000001fb3fc22e58]
Event: 149.705 Thread 0x000001fb5b00ba70 5366       3       org.springframework.messaging.support.MessageHeaderAccessor::getContentType (37 bytes)
Event: 149.705 Thread 0x000001fb5b00ba70 nmethod 5366 0x000001fb3fc21490 code [0x000001fb3fc216a0, 0x000001fb3fc21e68]
Event: 149.705 Thread 0x000001fb5b00ba70 5367       3       java.time.LocalTime::<init> (29 bytes)
Event: 149.705 Thread 0x000001fb5b00ba70 nmethod 5367 0x000001fb3fc21090 code [0x000001fb3fc21220, 0x000001fb3fc21398]
Event: 149.965 Thread 0x000001fb5b00ba70 5368       3       java.util.concurrent.atomic.AtomicInteger::getAndDecrement (12 bytes)
Event: 149.965 Thread 0x000001fb5b00ba70 nmethod 5368 0x000001fb3f831f10 code [0x000001fb3f8320a0, 0x000001fb3f8321b8]
Event: 149.965 Thread 0x000001fb5b00ba70 5369       3       org.springframework.messaging.simp.stomp.StompDecoder::unescape (192 bytes)
Event: 149.966 Thread 0x000001fb5b00afd0 5372       4       java.lang.invoke.VarForm::getMemberName (31 bytes)
Event: 149.967 Thread 0x000001fb5b00afd0 nmethod 5372 0x000001fb46b21890 code [0x000001fb46b21a20, 0x000001fb46b21b28]
Event: 149.967 Thread 0x000001fb5b00ba70 nmethod 5369 0x000001fb3f581c10 code [0x000001fb3f582020, 0x000001fb3f583a38]
Event: 149.967 Thread 0x000001fb5b00ba70 5370   !   3       java.util.concurrent.locks.AbstractQueuedSynchronizer$ConditionObject::await (183 bytes)
Event: 149.968 Thread 0x000001fb5b00afd0 5373       4       java.lang.String::<init> (830 bytes)
Event: 149.969 Thread 0x000001fb5b00ba70 nmethod 5370 0x000001fb3f633f90 code [0x000001fb3f6342e0, 0x000001fb3f635838]
Event: 149.970 Thread 0x000001fb5b00ba70 5371       3       java.util.concurrent.ForkJoinPool::managedBlock (36 bytes)
Event: 149.970 Thread 0x000001fb5b00ba70 nmethod 5371 0x000001fb3f97fd10 code [0x000001fb3f97ff20, 0x000001fb3f9806d8]

GC Heap History (16 events):
Event: 0.929 GC heap before
{Heap before GC invocations=0 (full 0):
 garbage-first heap   total 253952K, used 22528K [0x0000000709800000, 0x0000000800000000)
  region size 2048K, 11 young (22528K), 0 survivors (0K)
 Metaspace       used 6183K, committed 6336K, reserved 1056768K
  class space    used 741K, committed 832K, reserved 1048576K
}
Event: 0.940 GC heap after
{Heap after GC invocations=1 (full 0):
 garbage-first heap   total 253952K, used 5380K [0x0000000709800000, 0x0000000800000000)
  region size 2048K, 2 young (4096K), 2 survivors (4096K)
 Metaspace       used 6183K, committed 6336K, reserved 1056768K
  class space    used 741K, committed 832K, reserved 1048576K
}
Event: 1.529 GC heap before
{Heap before GC invocations=1 (full 0):
 garbage-first heap   total 253952K, used 34052K [0x0000000709800000, 0x0000000800000000)
  region size 2048K, 16 young (32768K), 2 survivors (4096K)
 Metaspace       used 13105K, committed 13440K, reserved 1064960K
  class space    used 1628K, committed 1792K, reserved 1048576K
}
Event: 1.540 GC heap after
{Heap after GC invocations=2 (full 0):
 garbage-first heap   total 253952K, used 8081K [0x0000000709800000, 0x0000000800000000)
  region size 2048K, 2 young (4096K), 2 survivors (4096K)
 Metaspace       used 13105K, committed 13440K, reserved 1064960K
  class space    used 1628K, committed 1792K, reserved 1048576K
}
Event: 2.780 GC heap before
{Heap before GC invocations=2 (full 0):
 garbage-first heap   total 253952K, used 59281K [0x0000000709800000, 0x0000000800000000)
  region size 2048K, 28 young (57344K), 2 survivors (4096K)
 Metaspace       used 21238K, committed 21504K, reserved 1073152K
  class space    used 2676K, committed 2816K, reserved 1048576K
}
Event: 2.788 GC heap after
{Heap after GC invocations=3 (full 0):
 garbage-first heap   total 253952K, used 11924K [0x0000000709800000, 0x0000000800000000)
  region size 2048K, 4 young (8192K), 4 survivors (8192K)
 Metaspace       used 21238K, committed 21504K, reserved 1073152K
  class space    used 2676K, committed 2816K, reserved 1048576K
}
Event: 3.577 GC heap before
{Heap before GC invocations=4 (full 0):
 garbage-first heap   total 55296K, used 36500K [0x0000000709800000, 0x0000000800000000)
  region size 2048K, 16 young (32768K), 4 survivors (8192K)
 Metaspace       used 26513K, committed 26880K, reserved 1073152K
  class space    used 3388K, committed 3520K, reserved 1048576K
}
Event: 3.591 GC heap after
{Heap after GC invocations=5 (full 0):
 garbage-first heap   total 55296K, used 14236K [0x0000000709800000, 0x0000000800000000)
  region size 2048K, 2 young (4096K), 2 survivors (4096K)
 Metaspace       used 26513K, committed 26880K, reserved 1073152K
  class space    used 3388K, committed 3520K, reserved 1048576K
}
Event: 3.667 GC heap before
{Heap before GC invocations=5 (full 0):
 garbage-first heap   total 55296K, used 14236K [0x0000000709800000, 0x0000000800000000)
  region size 2048K, 3 young (6144K), 2 survivors (4096K)
 Metaspace       used 27060K, committed 27520K, reserved 1073152K
  class space    used 3448K, committed 3648K, reserved 1048576K
}
Event: 3.679 GC heap after
{Heap after GC invocations=6 (full 0):
 garbage-first heap   total 155648K, used 14864K [0x0000000709800000, 0x0000000800000000)
  region size 2048K, 1 young (2048K), 1 survivors (2048K)
 Metaspace       used 27060K, committed 27520K, reserved 1073152K
  class space    used 3448K, committed 3648K, reserved 1048576K
}
Event: 4.815 GC heap before
{Heap before GC invocations=6 (full 0):
 garbage-first heap   total 155648K, used 55824K [0x0000000709800000, 0x0000000800000000)
  region size 2048K, 22 young (45056K), 1 survivors (2048K)
 Metaspace       used 35588K, committed 35968K, reserved 1081344K
  class space    used 4728K, committed 4928K, reserved 1048576K
}
Event: 4.822 GC heap after
{Heap after GC invocations=7 (full 0):
 garbage-first heap   total 155648K, used 17935K [0x0000000709800000, 0x0000000800000000)
  region size 2048K, 2 young (4096K), 2 survivors (4096K)
 Metaspace       used 35588K, committed 35968K, reserved 1081344K
  class space    used 4728K, committed 4928K, reserved 1048576K
}
Event: 7.273 GC heap before
{Heap before GC invocations=8 (full 0):
 garbage-first heap   total 69632K, used 54799K [0x0000000709800000, 0x0000000800000000)
  region size 2048K, 20 young (40960K), 2 survivors (4096K)
 Metaspace       used 41663K, committed 42176K, reserved 1089536K
  class space    used 5588K, committed 5824K, reserved 1048576K
}
Event: 7.284 GC heap after
{Heap after GC invocations=9 (full 0):
 garbage-first heap   total 69632K, used 21105K [0x0000000709800000, 0x0000000800000000)
  region size 2048K, 2 young (4096K), 2 survivors (4096K)
 Metaspace       used 41663K, committed 42176K, reserved 1089536K
  class space    used 5588K, committed 5824K, reserved 1048576K
}
Event: 7.364 GC heap before
{Heap before GC invocations=9 (full 0):
 garbage-first heap   total 69632K, used 21105K [0x0000000709800000, 0x0000000800000000)
  region size 2048K, 3 young (6144K), 2 survivors (4096K)
 Metaspace       used 42195K, committed 42688K, reserved 1089536K
  class space    used 5659K, committed 5888K, reserved 1048576K
}
Event: 7.373 GC heap after
{Heap after GC invocations=10 (full 0):
 garbage-first heap   total 69632K, used 20674K [0x0000000709800000, 0x0000000800000000)
  region size 2048K, 1 young (2048K), 1 survivors (2048K)
 Metaspace       used 42195K, committed 42688K, reserved 1089536K
  class space    used 5659K, committed 5888K, reserved 1048576K
}

Dll operation events (12 events):
Event: 0.014 Loaded shared library C:\Program Files\Eclipse Adoptium\jdk-17.0.5.8-hotspot\bin\java.dll
Event: 0.032 Loaded shared library C:\Program Files\Eclipse Adoptium\jdk-17.0.5.8-hotspot\bin\jsvml.dll
Event: 0.188 Loaded shared library C:\Program Files\Eclipse Adoptium\jdk-17.0.5.8-hotspot\bin\zip.dll
Event: 0.191 Loaded shared library C:\Program Files\Eclipse Adoptium\jdk-17.0.5.8-hotspot\bin\instrument.dll
Event: 0.200 Loaded shared library C:\Program Files\Eclipse Adoptium\jdk-17.0.5.8-hotspot\bin\net.dll
Event: 0.202 Loaded shared library C:\Program Files\Eclipse Adoptium\jdk-17.0.5.8-hotspot\bin\nio.dll
Event: 0.207 Loaded shared library C:\Program Files\Eclipse Adoptium\jdk-17.0.5.8-hotspot\bin\zip.dll
Event: 0.299 Loaded shared library D:\Softwares\IntelliJ IDEA Community Edition 2023.1.2\bin\breakgen64.dll
Event: 0.354 Loaded shared library C:\Program Files\Eclipse Adoptium\jdk-17.0.5.8-hotspot\bin\jimage.dll
Event: 1.739 Loaded shared library C:\Program Files\Eclipse Adoptium\jdk-17.0.5.8-hotspot\bin\sunmscapi.dll
Event: 3.624 Loaded shared library C:\Program Files\Eclipse Adoptium\jdk-17.0.5.8-hotspot\bin\management.dll
Event: 3.626 Loaded shared library C:\Program Files\Eclipse Adoptium\jdk-17.0.5.8-hotspot\bin\management_ext.dll

Deoptimization events (20 events):
Event: 136.188 Thread 0x000001fb5c38de70 Uncommon trap: trap_request=0xffffff45 fr.pc=0x000001fb46ccce30 relative=0x0000000000003b50
Event: 136.188 Thread 0x000001fb5c38de70 Uncommon trap: reason=unstable_if action=reinterpret pc=0x000001fb46ccce30 method=java.util.concurrent.locks.ReentrantLock$Sync.lock()V @ 4 c2
Event: 136.189 Thread 0x000001fb5c38de70 DEOPT PACKING pc=0x000001fb46ccce30 sp=0x000000d8182fec00
Event: 136.189 Thread 0x000001fb5c38de70 DEOPT UNPACKING pc=0x000001fb3f0023a3 sp=0x000000d8182fe970 mode 2
Event: 136.192 Thread 0x000001fb5c38de70 Uncommon trap: trap_request=0xffffffde fr.pc=0x000001fb46b83cb4 relative=0x0000000000001194
Event: 136.193 Thread 0x000001fb5c38de70 Uncommon trap: reason=class_check action=maybe_recompile pc=0x000001fb46b83cb4 method=java.util.concurrent.ConcurrentHashMap.putVal(Ljava/lang/Object;Ljava/lang/Object;Z)Ljava/lang/Object; @ 159 c2
Event: 136.193 Thread 0x000001fb5c38de70 DEOPT PACKING pc=0x000001fb46b83cb4 sp=0x000000d8182fe710
Event: 136.193 Thread 0x000001fb5c38de70 DEOPT UNPACKING pc=0x000001fb3f0023a3 sp=0x000000d8182fe6a0 mode 2
Event: 136.193 Thread 0x000001fb5c38de70 Uncommon trap: trap_request=0xffffffde fr.pc=0x000001fb46b83cb4 relative=0x0000000000001194
Event: 136.193 Thread 0x000001fb5c38de70 Uncommon trap: reason=class_check action=maybe_recompile pc=0x000001fb46b83cb4 method=java.util.concurrent.ConcurrentHashMap.putVal(Ljava/lang/Object;Ljava/lang/Object;Z)Ljava/lang/Object; @ 159 c2
Event: 136.193 Thread 0x000001fb5c38de70 DEOPT PACKING pc=0x000001fb46b83cb4 sp=0x000000d8182fe710
Event: 136.193 Thread 0x000001fb5c38de70 DEOPT UNPACKING pc=0x000001fb3f0023a3 sp=0x000000d8182fe6a0 mode 2
Event: 136.193 Thread 0x000001fb5c38c190 Uncommon trap: trap_request=0xffffffde fr.pc=0x000001fb46b83cb4 relative=0x0000000000001194
Event: 136.193 Thread 0x000001fb5c38c190 Uncommon trap: reason=class_check action=maybe_recompile pc=0x000001fb46b83cb4 method=java.util.concurrent.ConcurrentHashMap.putVal(Ljava/lang/Object;Ljava/lang/Object;Z)Ljava/lang/Object; @ 159 c2
Event: 136.193 Thread 0x000001fb5c38c190 DEOPT PACKING pc=0x000001fb46b83cb4 sp=0x000000d8196fe990
Event: 136.193 Thread 0x000001fb5c38c190 DEOPT UNPACKING pc=0x000001fb3f0023a3 sp=0x000000d8196fe920 mode 2
Event: 136.196 Thread 0x000001fb5c38de70 Uncommon trap: trap_request=0xffffff45 fr.pc=0x000001fb46cb0a04 relative=0x0000000000000264
Event: 136.196 Thread 0x000001fb5c38de70 Uncommon trap: reason=unstable_if action=reinterpret pc=0x000001fb46cb0a04 method=java.util.concurrent.ConcurrentHashMap.get(Ljava/lang/Object;)Ljava/lang/Object; @ 86 c2
Event: 136.196 Thread 0x000001fb5c38de70 DEOPT PACKING pc=0x000001fb46cb0a04 sp=0x000000d8182fe700
Event: 136.196 Thread 0x000001fb5c38de70 DEOPT UNPACKING pc=0x000001fb3f0023a3 sp=0x000000d8182fe678 mode 2

Classes unloaded (0 events):
No events

Classes redefined (0 events):
No events

Internal exceptions (20 events):
Event: 4.244 Thread 0x000001fb374d69a0 Exception <a 'java/lang/IncompatibleClassChangeError'{0x0000000711ae3120}: Found class java.lang.Object, but interface was expected> (0x0000000711ae3120) 
thrown [s\src\hotspot\share\interpreter\linkResolver.cpp, line 826]
Event: 4.278 Thread 0x000001fb374d69a0 Exception <a 'sun/nio/fs/WindowsException'{0x00000007118228f0}> (0x00000007118228f0) 
thrown [s\src\hotspot\share\prims\jni.cpp, line 516]
Event: 4.285 Thread 0x000001fb374d69a0 Exception <a 'java/lang/IncompatibleClassChangeError'{0x0000000711852b08}: Found class java.lang.Object, but interface was expected> (0x0000000711852b08) 
thrown [s\src\hotspot\share\interpreter\linkResolver.cpp, line 826]
Event: 4.366 Thread 0x000001fb374d69a0 Exception <a 'java/lang/IncompatibleClassChangeError'{0x0000000711786478}: Found class java.lang.Object, but interface was expected> (0x0000000711786478) 
thrown [s\src\hotspot\share\interpreter\linkResolver.cpp, line 826]
Event: 4.546 Thread 0x000001fb374d69a0 Exception <a 'java/lang/IncompatibleClassChangeError'{0x00000007111cd6f8}: Found class java.lang.Object, but interface was expected> (0x00000007111cd6f8) 
thrown [s\src\hotspot\share\interpreter\linkResolver.cpp, line 826]
Event: 4.619 Thread 0x000001fb374d69a0 Exception <a 'java/lang/NoSuchMethodError'{0x0000000710c56800}: 'int java.lang.invoke.DirectMethodHandle$Holder.invokeStatic(java.lang.Object, java.lang.Object, int)'> (0x0000000710c56800) 
thrown [s\src\hotspot\share\interpreter\linkResolver.cpp, line 759]
Event: 4.622 Thread 0x000001fb374d69a0 Exception <a 'java/lang/NoSuchMethodError'{0x0000000710c6fdc8}: 'java.lang.Object java.lang.invoke.DirectMethodHandle$Holder.invokeStatic(java.lang.Object, java.lang.Object, int, java.lang.Object)'> (0x0000000710c6fdc8) 
thrown [s\src\hotspot\share\interpreter\linkResolver.cpp, line 759]
Event: 4.622 Thread 0x000001fb374d69a0 Exception <a 'java/lang/NoSuchMethodError'{0x0000000710c772e0}: 'java.lang.Object java.lang.invoke.DirectMethodHandle$Holder.newInvokeSpecial(java.lang.Object, java.lang.Object, int)'> (0x0000000710c772e0) 
thrown [s\src\hotspot\share\interpreter\linkResolver.cpp, line 759]
Event: 4.869 Thread 0x000001fb374d69a0 Exception <a 'sun/nio/fs/WindowsException'{0x0000000718f9bdf0}> (0x0000000718f9bdf0) 
thrown [s\src\hotspot\share\prims\jni.cpp, line 516]
Event: 5.129 Thread 0x000001fb374d69a0 Exception <a 'java/lang/IncompatibleClassChangeError'{0x000000070cf6ed88}: Found class java.lang.Object, but interface was expected> (0x000000070cf6ed88) 
thrown [s\src\hotspot\share\interpreter\linkResolver.cpp, line 826]
Event: 5.465 Thread 0x000001fb374d69a0 Exception <a 'java/lang/NoSuchMethodError'{0x000000070c380fb8}: 'int java.lang.invoke.DirectMethodHandle$Holder.invokeStaticInit(java.lang.Object, java.lang.Object, java.lang.Object, java.lang.Object)'> (0x000000070c380fb8) 
thrown [s\src\hotspot\share\interpreter\linkResolver.cpp, line 759]
Event: 5.644 Thread 0x000001fb374d69a0 Exception <a 'java/lang/NoSuchMethodError'{0x000000070bd40d48}: 'java.lang.Object java.lang.invoke.DirectMethodHandle$Holder.newInvokeSpecial(java.lang.Object, java.lang.Object, int, java.lang.Object, java.lang.Object)'> (0x000000070bd40d48) 
thrown [s\src\hotspot\share\interpreter\linkResolver.cpp, line 759]
Event: 7.152 Thread 0x000001fb5d7c3190 Exception <a 'java/lang/NoSuchMethodError'{0x000000070b6dd000}: 'java.lang.Object java.lang.invoke.DirectMethodHandle$Holder.invokeSpecial(java.lang.Object, java.lang.Object, java.lang.Object, java.lang.Object, java.lang.Object, long)'> (0x000000070b6dd000) 
thrown [s\src\hotspot\share\interpreter\linkResolver.cpp, line 759]
Event: 7.152 Thread 0x000001fb5d7c3190 Exception <a 'java/lang/NoSuchMethodError'{0x000000070b6e0a40}: 'java.lang.Object java.lang.invoke.Invokers$Holder.linkToTargetMethod(java.lang.Object, java.lang.Object, java.lang.Object, long, java.lang.Object)'> (0x000000070b6e0a40) 
thrown [s\src\hotspot\share\interpreter\linkResolver.cpp, line 759]
Event: 57.883 Thread 0x000001fb5d7c1e50 Exception <a 'java/lang/NoSuchMethodError'{0x00000007101c1ed8}: 'java.lang.Object java.lang.invoke.DirectMethodHandle$Holder.invokeStaticInit(java.lang.Object, int)'> (0x00000007101c1ed8) 
thrown [s\src\hotspot\share\interpreter\linkResolver.cpp, line 759]
Event: 62.490 Thread 0x000001fb60ea6110 Exception <a 'java/lang/NoSuchMethodError'{0x000000070d0932d8}: 'java.lang.Object java.lang.invoke.DirectMethodHandle$Holder.newInvokeSpecial(java.lang.Object, java.lang.Object, java.lang.Object, long)'> (0x000000070d0932d8) 
thrown [s\src\hotspot\share\interpreter\linkResolver.cpp, line 759]
Event: 62.490 Thread 0x000001fb60ea6110 Exception <a 'java/lang/NoSuchMethodError'{0x000000070d097360}: 'java.lang.Object java.lang.invoke.DirectMethodHandle$Holder.invokeSpecial(java.lang.Object, java.lang.Object, java.lang.Object, java.lang.Object, long)'> (0x000000070d097360) 
thrown [s\src\hotspot\share\interpreter\linkResolver.cpp, line 759]
Event: 62.491 Thread 0x000001fb60ea6110 Exception <a 'java/lang/NoSuchMethodError'{0x000000070d09afb0}: 'java.lang.Object java.lang.invoke.Invokers$Holder.linkToTargetMethod(java.lang.Object, java.lang.Object, long, java.lang.Object)'> (0x000000070d09afb0) 
thrown [s\src\hotspot\share\interpreter\linkResolver.cpp, line 759]
Event: 65.645 Thread 0x000001fb5d7c3660 Exception <a 'java/lang/NoSuchMethodError'{0x000000070ce0c9c0}: 'java.lang.Object java.lang.invoke.DirectMethodHandle$Holder.invokeSpecial(java.lang.Object, java.lang.Object, long, int, int, int, int, int, int, int, int, int)'> (0x000000070ce0c9c0) 
thrown [s\src\hotspot\share\interpreter\linkResolver.cpp, line 759]
Event: 65.645 Thread 0x000001fb5d7c3660 Exception <a 'java/lang/NoSuchMethodError'{0x000000070ce10658}: 'java.lang.Object java.lang.invoke.DelegatingMethodHandle$Holder.reinvoke_L(java.lang.Object, long, int, int, int, int, int, int, int, int, int)'> (0x000000070ce10658) 
thrown [s\src\hotspot\share\interpreter\linkResolver.cpp, line 759]

VM Operations (20 events):
Event: 140.128 Executing VM operation: Cleanup
Event: 140.128 Executing VM operation: Cleanup done
Event: 141.143 Executing VM operation: Cleanup
Event: 141.143 Executing VM operation: Cleanup done
Event: 142.146 Executing VM operation: Cleanup
Event: 142.146 Executing VM operation: Cleanup done
Event: 143.160 Executing VM operation: Cleanup
Event: 143.160 Executing VM operation: Cleanup done
Event: 144.164 Executing VM operation: Cleanup
Event: 144.164 Executing VM operation: Cleanup done
Event: 145.177 Executing VM operation: Cleanup
Event: 145.177 Executing VM operation: Cleanup done
Event: 146.190 Executing VM operation: Cleanup
Event: 146.191 Executing VM operation: Cleanup done
Event: 147.203 Executing VM operation: Cleanup
Event: 147.203 Executing VM operation: Cleanup done
Event: 148.207 Executing VM operation: Cleanup
Event: 148.207 Executing VM operation: Cleanup done
Event: 149.219 Executing VM operation: Cleanup
Event: 149.219 Executing VM operation: Cleanup done

Events (20 events):
Event: 136.685 Thread 0x000001fb60ea6110 Thread added: 0x000001fb60ea6110
Event: 136.685 Thread 0x000001fb60ea65e0 Thread added: 0x000001fb60ea65e0
Event: 136.944 Thread 0x000001fb60eabc80 Thread added: 0x000001fb60eabc80
Event: 136.944 Thread 0x000001fb60ea9fa0 Thread added: 0x000001fb60ea9fa0
Event: 136.944 Thread 0x000001fb60eac150 Thread added: 0x000001fb60eac150
Event: 136.947 Thread 0x000001fb60eacfc0 Thread added: 0x000001fb60eacfc0
Event: 136.947 Thread 0x000001fb60ea82c0 Thread added: 0x000001fb60ea82c0
Event: 137.222 Thread 0x000001fb60eab2e0 Thread added: 0x000001fb60eab2e0
Event: 137.222 Thread 0x000001fb60ea6ab0 Thread added: 0x000001fb60ea6ab0
Event: 137.223 Thread 0x000001fb60eac620 Thread added: 0x000001fb60eac620
Event: 137.226 Thread 0x000001fb60eacaf0 Thread added: 0x000001fb60eacaf0
Event: 137.226 Thread 0x000001fb60ea6f80 Thread added: 0x000001fb60ea6f80
Event: 137.486 Thread 0x000001fb60ea7450 Thread added: 0x000001fb60ea7450
Event: 137.486 Thread 0x000001fb60eaa940 Thread added: 0x000001fb60eaa940
Event: 137.745 Thread 0x000001fb60ea7920 Thread added: 0x000001fb60ea7920
Event: 137.745 Thread 0x000001fb60ea9600 Thread added: 0x000001fb60ea9600
Event: 138.009 Thread 0x000001fb60eaa470 Thread added: 0x000001fb60eaa470
Event: 138.009 Thread 0x000001fb60ea8790 Thread added: 0x000001fb60ea8790
Event: 138.275 Thread 0x000001fb60ea7df0 Thread added: 0x000001fb60ea7df0
Event: 138.275 Thread 0x000001fb60ea8c60 Thread added: 0x000001fb60ea8c60


Dynamic libraries:
0x00007ff790960000 - 0x00007ff79096e000 	C:\Program Files\Eclipse Adoptium\jdk-17.0.5.8-hotspot\bin\java.exe
0x00007fff90530000 - 0x00007fff90747000 	C:\WINDOWS\SYSTEM32\ntdll.dll
0x00007fff8f020000 - 0x00007fff8f0e4000 	C:\WINDOWS\System32\KERNEL32.DLL
0x00007fff8d9c0000 - 0x00007fff8dd92000 	C:\WINDOWS\System32\KERNELBASE.dll
0x00007fff8de60000 - 0x00007fff8df71000 	C:\WINDOWS\System32\ucrtbase.dll
0x00007fff8b2a0000 - 0x00007fff8b2b9000 	C:\Program Files\Eclipse Adoptium\jdk-17.0.5.8-hotspot\bin\VCRUNTIME140.dll
0x00007fff8b320000 - 0x00007fff8b337000 	C:\Program Files\Eclipse Adoptium\jdk-17.0.5.8-hotspot\bin\jli.dll
0x00007fff8ff40000 - 0x00007fff900f1000 	C:\WINDOWS\System32\USER32.dll
0x00007fff7d210000 - 0x00007fff7d4ab000 	C:\WINDOWS\WinSxS\amd64_microsoft.windows.common-controls_6595b64144ccf1df_6.0.22621.5415_none_270d77d17387d7da\COMCTL32.dll
0x00007fff8d990000 - 0x00007fff8d9b6000 	C:\WINDOWS\System32\win32u.dll
0x00007fff8f120000 - 0x00007fff8f1c7000 	C:\WINDOWS\System32\msvcrt.dll
0x00007fff8f0f0000 - 0x00007fff8f119000 	C:\WINDOWS\System32\GDI32.dll
0x00007fff8d620000 - 0x00007fff8d743000 	C:\WINDOWS\System32\gdi32full.dll
0x00007fff8e120000 - 0x00007fff8e1ba000 	C:\WINDOWS\System32\msvcp_win.dll
0x00007fff8e560000 - 0x00007fff8e591000 	C:\WINDOWS\System32\IMM32.DLL
0x00007fff8b390000 - 0x00007fff8b39c000 	C:\Program Files\Eclipse Adoptium\jdk-17.0.5.8-hotspot\bin\vcruntime140_1.dll
0x00007fff610f0000 - 0x00007fff61181000 	C:\Program Files\Eclipse Adoptium\jdk-17.0.5.8-hotspot\bin\msvcp140.dll
0x00007fff09260000 - 0x00007fff09ea4000 	C:\Program Files\Eclipse Adoptium\jdk-17.0.5.8-hotspot\bin\server\jvm.dll
0x00007fff8e210000 - 0x00007fff8e2c1000 	C:\WINDOWS\System32\ADVAPI32.dll
0x00007fff8e740000 - 0x00007fff8e7e8000 	C:\WINDOWS\System32\sechost.dll
0x00007fff8e0f0000 - 0x00007fff8e118000 	C:\WINDOWS\System32\bcrypt.dll
0x00007fff90340000 - 0x00007fff90454000 	C:\WINDOWS\System32\RPCRT4.dll
0x00007fff87660000 - 0x00007fff87694000 	C:\WINDOWS\SYSTEM32\WINMM.dll
0x00007fff8b280000 - 0x00007fff8b289000 	C:\WINDOWS\SYSTEM32\WSOCK32.dll
0x00007fff85150000 - 0x00007fff8515a000 	C:\WINDOWS\SYSTEM32\VERSION.dll
0x00007fff90100000 - 0x00007fff90171000 	C:\WINDOWS\System32\WS2_32.dll
0x00007fff8c740000 - 0x00007fff8c758000 	C:\WINDOWS\SYSTEM32\kernel.appcore.dll
0x00007fff8b1c0000 - 0x00007fff8b1ca000 	C:\Program Files\Eclipse Adoptium\jdk-17.0.5.8-hotspot\bin\jimage.dll
0x00007fff8af00000 - 0x00007fff8b133000 	C:\WINDOWS\SYSTEM32\DBGHELP.DLL
0x00007fff8ec70000 - 0x00007fff8f003000 	C:\WINDOWS\System32\combase.dll
0x00007fff8e360000 - 0x00007fff8e437000 	C:\WINDOWS\System32\OLEAUT32.dll
0x00007fff6f4c0000 - 0x00007fff6f4f2000 	C:\WINDOWS\SYSTEM32\dbgcore.DLL
0x00007fff8d750000 - 0x00007fff8d7cb000 	C:\WINDOWS\System32\bcryptPrimitives.dll
0x00007fff7fdd0000 - 0x00007fff7fdde000 	C:\Program Files\Eclipse Adoptium\jdk-17.0.5.8-hotspot\bin\instrument.dll
0x00007fff7fc60000 - 0x00007fff7fc85000 	C:\Program Files\Eclipse Adoptium\jdk-17.0.5.8-hotspot\bin\java.dll
0x00007fff55b10000 - 0x00007fff55be6000 	C:\Program Files\Eclipse Adoptium\jdk-17.0.5.8-hotspot\bin\jsvml.dll
0x00007fff8f1d0000 - 0x00007fff8fa72000 	C:\WINDOWS\System32\SHELL32.dll
0x00007fff8d7d0000 - 0x00007fff8d90f000 	C:\WINDOWS\System32\wintypes.dll
0x00007fff8b560000 - 0x00007fff8be7e000 	C:\WINDOWS\SYSTEM32\windows.storage.dll
0x00007fff8e630000 - 0x00007fff8e73b000 	C:\WINDOWS\System32\SHCORE.dll
0x00007fff90460000 - 0x00007fff904c9000 	C:\WINDOWS\System32\shlwapi.dll
0x00007fff8d550000 - 0x00007fff8d57b000 	C:\WINDOWS\SYSTEM32\profapi.dll
0x00007fff78590000 - 0x00007fff785a8000 	C:\Program Files\Eclipse Adoptium\jdk-17.0.5.8-hotspot\bin\zip.dll
0x00007fff7fd80000 - 0x00007fff7fd99000 	C:\Program Files\Eclipse Adoptium\jdk-17.0.5.8-hotspot\bin\net.dll
0x00007fff89180000 - 0x00007fff892ac000 	C:\WINDOWS\SYSTEM32\WINHTTP.dll
0x00007fff8cbc0000 - 0x00007fff8cc29000 	C:\WINDOWS\system32\mswsock.dll
0x00007fff7fc40000 - 0x00007fff7fc55000 	C:\Program Files\Eclipse Adoptium\jdk-17.0.5.8-hotspot\bin\nio.dll
0x00007fff7fdb0000 - 0x00007fff7fdca000 	D:\Softwares\IntelliJ IDEA Community Edition 2023.1.2\bin\breakgen64.dll
0x00007fff7fce0000 - 0x00007fff7fcee000 	C:\Program Files\Eclipse Adoptium\jdk-17.0.5.8-hotspot\bin\sunmscapi.dll
0x00007fff8df80000 - 0x00007fff8e0e7000 	C:\WINDOWS\System32\CRYPT32.dll
0x00007fff8cfb0000 - 0x00007fff8cfdd000 	C:\WINDOWS\SYSTEM32\ncrypt.dll
0x00007fff8cf70000 - 0x00007fff8cfa7000 	C:\WINDOWS\SYSTEM32\NTASN1.dll
0x00007fff8ce10000 - 0x00007fff8ce2b000 	C:\WINDOWS\SYSTEM32\CRYPTSP.dll
0x00007fff8c6a0000 - 0x00007fff8c6d7000 	C:\WINDOWS\system32\rsaenh.dll
0x00007fff8ccb0000 - 0x00007fff8ccd8000 	C:\WINDOWS\SYSTEM32\USERENV.dll
0x00007fff8ce30000 - 0x00007fff8ce3c000 	C:\WINDOWS\SYSTEM32\CRYPTBASE.dll
0x00007fff8c190000 - 0x00007fff8c1bd000 	C:\WINDOWS\SYSTEM32\IPHLPAPI.DLL
0x00007fff8f010000 - 0x00007fff8f019000 	C:\WINDOWS\System32\NSI.dll
0x00007fff884e0000 - 0x00007fff884f9000 	C:\WINDOWS\SYSTEM32\dhcpcsvc6.DLL
0x00007fff88500000 - 0x00007fff8851f000 	C:\WINDOWS\SYSTEM32\dhcpcsvc.DLL
0x00007fff8c1c0000 - 0x00007fff8c2b8000 	C:\WINDOWS\SYSTEM32\DNSAPI.dll
0x00007fff7fda0000 - 0x00007fff7fda9000 	C:\Program Files\Eclipse Adoptium\jdk-17.0.5.8-hotspot\bin\management.dll
0x00007fff7fcf0000 - 0x00007fff7fcfb000 	C:\Program Files\Eclipse Adoptium\jdk-17.0.5.8-hotspot\bin\management_ext.dll
0x00007fff8e350000 - 0x00007fff8e358000 	C:\WINDOWS\System32\PSAPI.DLL
0x00007fff884a0000 - 0x00007fff884aa000 	C:\Windows\System32\rasadhlp.dll
0x00007fff875d0000 - 0x00007fff87654000 	C:\WINDOWS\System32\fwpuclnt.dll
0x00007fff877d0000 - 0x00007fff877d8000 	C:\WINDOWS\system32\wshunix.dll

dbghelp: loaded successfully - version: 4.0.5 - missing functions: none
symbol engine: initialized successfully - sym options: 0x614 - pdb path: .;C:\Program Files\Eclipse Adoptium\jdk-17.0.5.8-hotspot\bin;C:\WINDOWS\SYSTEM32;C:\WINDOWS\WinSxS\amd64_microsoft.windows.common-controls_6595b64144ccf1df_6.0.22621.5415_none_270d77d17387d7da;C:\Program Files\Eclipse Adoptium\jdk-17.0.5.8-hotspot\bin\server;D:\Softwares\IntelliJ IDEA Community Edition 2023.1.2\bin

VM Arguments:
jvm_args: -javaagent:D:\Softwares\IntelliJ IDEA Community Edition 2023.1.2\lib\idea_rt.jar=9760:D:\Softwares\IntelliJ IDEA Community Edition 2023.1.2\bin -Dfile.encoding=UTF-8 
java_command: Lectra.LectraApplication
java_class_path (initial): D:\Programs\Java Programs\Spring Framework\Lectra\target\classes;C:\Users\jaisw\.m2\repository\org\springframework\boot\spring-boot-starter-data-mongodb\3.4.4\spring-boot-starter-data-mongodb-3.4.4.jar;C:\Users\jaisw\.m2\repository\org\springframework\boot\spring-boot-starter\3.4.4\spring-boot-starter-3.4.4.jar;C:\Users\jaisw\.m2\repository\org\springframework\boot\spring-boot\3.4.4\spring-boot-3.4.4.jar;C:\Users\jaisw\.m2\repository\org\springframework\boot\spring-boot-autoconfigure\3.4.4\spring-boot-autoconfigure-3.4.4.jar;C:\Users\jaisw\.m2\repository\org\springframework\boot\spring-boot-starter-logging\3.4.4\spring-boot-starter-logging-3.4.4.jar;C:\Users\jaisw\.m2\repository\ch\qos\logback\logback-classic\1.5.18\logback-classic-1.5.18.jar;C:\Users\jaisw\.m2\repository\ch\qos\logback\logback-core\1.5.18\logback-core-1.5.18.jar;C:\Users\jaisw\.m2\repository\org\apache\logging\log4j\log4j-to-slf4j\2.24.3\log4j-to-slf4j-2.24.3.jar;C:\Users\jaisw\.m2\repository\org\apache\logging\log4j\log4j-api\2.24.3\log4j-api-2.24.3.jar;C:\Users\jaisw\.m2\repository\org\slf4j\jul-to-slf4j\2.0.17\jul-to-slf4j-2.0.17.jar;C:\Users\jaisw\.m2\repository\jakarta\annotation\jakarta.annotation-api\2.1.1\jakarta.annotation-api-2.1.1.jar;C:\Users\jaisw\.m2\repository\org\yaml\snakeyaml\2.3\snakeyaml-2.3.jar;C:\Users\jaisw\.m2\repository\org\mongodb\mongodb-driver-sync\5.2.1\mongodb-driver-sync-5.2.1.jar;C:\Users\jaisw\.m2\repository\org\mongodb\bson\5.2.1\bson-5.2.1.jar;C:\Users\jaisw\.m2\repository\org\mongodb\mongodb-driver-core\5.2.1\mongodb-driver-core-5.2.1.jar;C:\Users\jaisw\.m2\repository\org\mongodb\bson-record-codec\5.2.1\bson-record-codec-5.2.1.jar;C:\Users\jaisw\.m2\repository\org\springframework\data\spring-data-mongodb\4.4.4\spring-data-mongodb-4.4.4.jar;C:\Users\jaisw\.m2\repository\org\springframework\spring-tx\6.2.5\spring-tx-6.2.5.jar;C:\Users\jaisw\.m2\repository\org\springframework\spring-context\6.2.5\spring-context-6.2.5.jar;C:\Users\jaisw\.
Launcher Type: SUN_STANDARD

[Global flags]
     intx CICompilerCount                          = 4                                         {product} {ergonomic}
     uint ConcGCThreads                            = 3                                         {product} {ergonomic}
     uint G1ConcRefinementThreads                  = 10                                        {product} {ergonomic}
   size_t G1HeapRegionSize                         = 2097152                                   {product} {ergonomic}
    uintx GCDrainStackTargetSize                   = 64                                        {product} {ergonomic}
   size_t InitialHeapSize                          = 260046848                                 {product} {ergonomic}
   size_t MarkStackSize                            = 4194304                                   {product} {ergonomic}
   size_t MaxHeapSize                              = 4135583744                                {product} {ergonomic}
   size_t MaxNewSize                               = 2480930816                                {product} {ergonomic}
   size_t MinHeapDeltaBytes                        = 2097152                                   {product} {ergonomic}
   size_t MinHeapSize                              = 8388608                                   {product} {ergonomic}
    uintx NonNMethodCodeHeapSize                   = 5839372                                {pd product} {ergonomic}
    uintx NonProfiledCodeHeapSize                  = 122909434                              {pd product} {ergonomic}
    uintx ProfiledCodeHeapSize                     = 122909434                              {pd product} {ergonomic}
    uintx ReservedCodeCacheSize                    = 251658240                              {pd product} {ergonomic}
     bool SegmentedCodeCache                       = true                                      {product} {ergonomic}
   size_t SoftMaxHeapSize                          = 4135583744                             {manageable} {ergonomic}
     bool UseCompressedClassPointers               = true                           {product lp64_product} {ergonomic}
     bool UseCompressedOops                        = true                           {product lp64_product} {ergonomic}
     bool UseG1GC                                  = true                                      {product} {ergonomic}
     bool UseLargePagesIndividualAllocation        = false                                  {pd product} {ergonomic}

Logging:
Log output configuration:
 #0: stdout all=warning uptime,level,tags
 #1: stderr all=off uptime,level,tags

Environment Variables:
JAVA_HOME=C:\Program Files\Java\jdk-17
PATH=C:\Windows\System32;C:\Program Files\Git\cmd;C:\Program Files\MongoDB\Server\8.0\bin;C:\Program Files (x86)\NVIDIA Corporation\PhysX\Common;C:\Program Files\NVIDIA Corporation\NVIDIA app\NvDLISR;C:\Program Files\nodejs\;D:\Downloads;C:\Program Files\MySQL\MySQL Shell 8.0\bin\;C:\Users\jaisw\AppData\Local\Microsoft\WindowsApps;D:\Softwares\Microsoft VS Code\bin;D:\Softwares\Mingw\bin;C:\Users\jaisw\AppData\Local\Programs\mongosh\;C:\Users\jaisw\AppData\Roaming\npm
USERNAME=jaisw
OS=Windows_NT
PROCESSOR_IDENTIFIER=AMD64 Family 25 Model 80 Stepping 0, AuthenticAMD
TMP=C:\Users\jaisw\AppData\Local\Temp
TEMP=C:\Users\jaisw\AppData\Local\Temp



---------------  S Y S T E M  ---------------

OS:
 Windows 11 , 64 bit Build 22621 (10.0.22621.5415)
OS uptime: 7 days 0:06 hours

CPU: total 12 (initial active 12) (12 cores per cpu, 2 threads per core) family 25 model 80 stepping 0 microcode 0x0, cx8, cmov, fxsr, ht, mmx, 3dnowpref, sse, sse2, sse3, ssse3, sse4a, sse4.1, sse4.2, popcnt, lzcnt, tsc, tscinvbit, avx, avx2, aes, erms, clmul, bmi1, bmi2, adx, sha, fma, vzeroupper, clflush, clflushopt

Memory: 4k page, system-wide physical 15775M (4388M free)
TotalPageFile size 15775M (AvailPageFile size 5M)
current process WorkingSet (physical memory assigned to process): 204M, peak: 244M
current process commit charge ("private bytes"): 248M, peak: 420M

vm_info: OpenJDK 64-Bit Server VM (17.0.5+8) for windows-amd64 JRE (17.0.5+8), built on Oct 19 2022 04:48:13 by "temurin" with MS VC++ 16.7 (VS2019)

END.
