#
# There is insufficient memory for the Java Runtime Environment to continue.
# Native memory allocation (mmap) failed to map 260046848 bytes for G1 virtual space
# Possible reasons:
#   The system is out of physical RAM or swap space
#   The process is running with CompressedOops enabled, and the Java Heap may be blocking the growth of the native heap
# Possible solutions:
#   Reduce memory load on the system
#   Increase physical memory or swap space
#   Check if swap backing store is full
#   Decrease Java heap size (-Xmx/-Xms)
#   Decrease number of Java threads
#   Decrease Java thread stack sizes (-Xss)
#   Set larger code cache with -XX:ReservedCodeCacheSize=
#   JVM is running with Zero Based Compressed Oops mode in which the Java heap is
#     placed in the first 32GB address space. The Java Heap base address is the
#     maximum limit for the native heap growth. Please use -XX:HeapBaseMinAddress
#     to set the Java Heap base and to place the Java Heap above 32GB virtual address.
# This output file may be truncated or incomplete.
#
#  Out of Memory Error (os_windows.cpp:3548), pid=29148, tid=13384
#
# JRE version:  (17.0.5+8) (build )
# Java VM: OpenJDK 64-Bit Server VM (17.0.5+8, mixed mode, sharing, tiered, compressed oops, compressed class ptrs, g1 gc, windows-amd64)
# No core dump will be written. Minidumps are not enabled by default on client versions of Windows
#

---------------  S U M M A R Y ------------

Command Line: -javaagent:D:\Softwares\IntelliJ IDEA Community Edition 2023.1.2\lib\idea_rt.jar=7569:D:\Softwares\IntelliJ IDEA Community Edition 2023.1.2\bin -Dfile.encoding=UTF-8 Lectra.LectraApplication

Host: AMD Ryzen 5 5600H with Radeon Graphics         , 12 cores, 15G,  Windows 11 , 64 bit Build 22621 (10.0.22621.5415)
Time: Thu Jul 17 13:39:17 2025 India Standard Time elapsed time: 0.015549 seconds (0d 0h 0m 0s)

---------------  T H R E A D  ---------------

Current thread (0x000001834af0ae20):  JavaThread "Unknown thread" [_thread_in_vm, id=13384, stack(0x0000004f39200000,0x0000004f39300000)]

Stack: [0x0000004f39200000,0x0000004f39300000]
Native frames: (J=compiled Java code, j=interpreted, Vv=VM code, C=native code)
V  [jvm.dll+0x676b3a]
V  [jvm.dll+0x831444]
V  [jvm.dll+0x832bee]
V  [jvm.dll+0x833253]
V  [jvm.dll+0x244ce5]
V  [jvm.dll+0x673a49]
V  [jvm.dll+0x66811a]
V  [jvm.dll+0x303ceb]
V  [jvm.dll+0x30b1e6]
V  [jvm.dll+0x35adbe]
V  [jvm.dll+0x35afef]
V  [jvm.dll+0x2dab88]
V  [jvm.dll+0x2dbaf4]
V  [jvm.dll+0x803121]
V  [jvm.dll+0x368bb1]
V  [jvm.dll+0x7e265c]
V  [jvm.dll+0x3eb17f]
V  [jvm.dll+0x3eccc1]
C  [jli.dll+0x5267]
C  [ucrtbase.dll+0x29333]
C  [KERNEL32.DLL+0x1259d]
C  [ntdll.dll+0x5af78]


---------------  P R O C E S S  ---------------

Threads class SMR info:
_java_thread_list=0x00007ffd71592f18, length=0, elements={
}

Java Threads: ( => current thread )

Other Threads:
  0x000001834af76340 GCTaskThread "GC Thread#0" [stack: 0x0000004f39300000,0x0000004f39400000] [id=27152]
  0x000001834af86900 ConcurrentGCThread "G1 Main Marker" [stack: 0x0000004f39400000,0x0000004f39500000] [id=24888]
  0x000001834af899d0 ConcurrentGCThread "G1 Conc#0" [stack: 0x0000004f39500000,0x0000004f39600000] [id=21972]

[error occurred during error reporting (printing all threads), id 0xc0000005, EXCEPTION_ACCESS_VIOLATION (0xc0000005) at pc=0x00007ffd70d6b617]

VM state: not at safepoint (not fully initialized)

VM Mutex/Monitor currently owned by a thread:  ([mutex/lock_event])
[0x000001834af06ae0] Heap_lock - owner thread: 0x000001834af0ae20

Heap address: 0x0000000709800000, size: 3944 MB, Compressed Oops mode: Zero based, Oop shift amount: 3

CDS archive(s) mapped at: [0x0000000000000000-0x0000000000000000-0x0000000000000000), size 0, SharedBaseAddress: 0x0000000800000000, ArchiveRelocationMode: 0.
Narrow klass base: 0x0000000000000000, Narrow klass shift: 0, Narrow klass range: 0x0

GC Precious Log:
<Empty>

Heap:
 garbage-first heap   total 0K, used 0K [0x0000000709800000, 0x0000000800000000)
  region size 2048K, 0 young (0K), 0 survivors (0K)

[error occurred during error reporting (printing heap information), id 0xc0000005, EXCEPTION_ACCESS_VIOLATION (0xc0000005) at pc=0x00007ffd7114fcb9]

GC Heap History (0 events):
No events

Dll operation events (1 events):
Event: 0.010 Loaded shared library C:\Program Files\Eclipse Adoptium\jdk-17.0.5.8-hotspot\bin\java.dll

Deoptimization events (0 events):
No events

Classes unloaded (0 events):
No events

Classes redefined (0 events):
No events

Internal exceptions (0 events):
No events

VM Operations (0 events):
No events

Events (0 events):
No events


Dynamic libraries:
0x00007ff698ad0000 - 0x00007ff698ade000 	C:\Program Files\Eclipse Adoptium\jdk-17.0.5.8-hotspot\bin\java.exe
0x00007ffe21b70000 - 0x00007ffe21d87000 	C:\WINDOWS\SYSTEM32\ntdll.dll
0x00007ffe211c0000 - 0x00007ffe21284000 	C:\WINDOWS\System32\KERNEL32.DLL
0x00007ffe1ed20000 - 0x00007ffe1f0f2000 	C:\WINDOWS\System32\KERNELBASE.dll
0x00007ffe1f3c0000 - 0x00007ffe1f4d1000 	C:\WINDOWS\System32\ucrtbase.dll
0x00007ffe1c520000 - 0x00007ffe1c537000 	C:\Program Files\Eclipse Adoptium\jdk-17.0.5.8-hotspot\bin\jli.dll
0x00007ffe1c7b0000 - 0x00007ffe1c7c9000 	C:\Program Files\Eclipse Adoptium\jdk-17.0.5.8-hotspot\bin\VCRUNTIME140.dll
0x00007ffe21670000 - 0x00007ffe21821000 	C:\WINDOWS\System32\USER32.dll
0x00007ffe1f4e0000 - 0x00007ffe1f506000 	C:\WINDOWS\System32\win32u.dll
0x00007ffe0eab0000 - 0x00007ffe0ed4b000 	C:\WINDOWS\WinSxS\amd64_microsoft.windows.common-controls_6595b64144ccf1df_6.0.22621.5415_none_270d77d17387d7da\COMCTL32.dll
0x00007ffe21a50000 - 0x00007ffe21a79000 	C:\WINDOWS\System32\GDI32.dll
0x00007ffe1fc20000 - 0x00007ffe1fcc7000 	C:\WINDOWS\System32\msvcrt.dll
0x00007ffe1f510000 - 0x00007ffe1f633000 	C:\WINDOWS\System32\gdi32full.dll
0x00007ffe1f2f0000 - 0x00007ffe1f38a000 	C:\WINDOWS\System32\msvcp_win.dll
0x00007ffe21290000 - 0x00007ffe212c1000 	C:\WINDOWS\System32\IMM32.DLL
0x00007ffe1c940000 - 0x00007ffe1c94c000 	C:\Program Files\Eclipse Adoptium\jdk-17.0.5.8-hotspot\bin\vcruntime140_1.dll
0x00007ffdf1200000 - 0x00007ffdf1291000 	C:\Program Files\Eclipse Adoptium\jdk-17.0.5.8-hotspot\bin\msvcp140.dll
0x00007ffd70a80000 - 0x00007ffd716c4000 	C:\Program Files\Eclipse Adoptium\jdk-17.0.5.8-hotspot\bin\server\jvm.dll
0x00007ffe20160000 - 0x00007ffe20211000 	C:\WINDOWS\System32\ADVAPI32.dll
0x00007ffe21990000 - 0x00007ffe21a38000 	C:\WINDOWS\System32\sechost.dll
0x00007ffe1f390000 - 0x00007ffe1f3b8000 	C:\WINDOWS\System32\bcrypt.dll
0x00007ffe21020000 - 0x00007ffe21134000 	C:\WINDOWS\System32\RPCRT4.dll
0x00007ffe1c4c0000 - 0x00007ffe1c4c9000 	C:\WINDOWS\SYSTEM32\WSOCK32.dll
0x00007ffe19310000 - 0x00007ffe19344000 	C:\WINDOWS\SYSTEM32\WINMM.dll
0x00007ffe18620000 - 0x00007ffe1862a000 	C:\WINDOWS\SYSTEM32\VERSION.dll
0x00007ffe21140000 - 0x00007ffe211b1000 	C:\WINDOWS\System32\WS2_32.dll
0x00007ffe1dd80000 - 0x00007ffe1dd98000 	C:\WINDOWS\SYSTEM32\kernel.appcore.dll
0x00007ffe1c510000 - 0x00007ffe1c51a000 	C:\Program Files\Eclipse Adoptium\jdk-17.0.5.8-hotspot\bin\jimage.dll
0x00007ffe1c540000 - 0x00007ffe1c773000 	C:\WINDOWS\SYSTEM32\DBGHELP.DLL
0x00007ffe20ae0000 - 0x00007ffe20e73000 	C:\WINDOWS\System32\combase.dll
0x00007ffe21350000 - 0x00007ffe21427000 	C:\WINDOWS\System32\OLEAUT32.dll
0x00007ffe01140000 - 0x00007ffe01172000 	C:\WINDOWS\SYSTEM32\dbgcore.DLL
0x00007ffe1f780000 - 0x00007ffe1f7fb000 	C:\WINDOWS\System32\bcryptPrimitives.dll
0x00007ffe08db0000 - 0x00007ffe08dbe000 	C:\Program Files\Eclipse Adoptium\jdk-17.0.5.8-hotspot\bin\instrument.dll
0x00007ffe07040000 - 0x00007ffe07065000 	C:\Program Files\Eclipse Adoptium\jdk-17.0.5.8-hotspot\bin\java.dll

dbghelp: loaded successfully - version: 4.0.5 - missing functions: none
symbol engine: initialized successfully - sym options: 0x614 - pdb path: .;C:\Program Files\Eclipse Adoptium\jdk-17.0.5.8-hotspot\bin;C:\WINDOWS\SYSTEM32;C:\WINDOWS\WinSxS\amd64_microsoft.windows.common-controls_6595b64144ccf1df_6.0.22621.5415_none_270d77d17387d7da;C:\Program Files\Eclipse Adoptium\jdk-17.0.5.8-hotspot\bin\server

VM Arguments:
jvm_args: -javaagent:D:\Softwares\IntelliJ IDEA Community Edition 2023.1.2\lib\idea_rt.jar=7569:D:\Softwares\IntelliJ IDEA Community Edition 2023.1.2\bin -Dfile.encoding=UTF-8 
java_command: Lectra.LectraApplication
java_class_path (initial): D:\Programs\Java Programs\Spring Framework\Lectra\target\classes;C:\Users\jaisw\.m2\repository\org\springframework\boot\spring-boot-starter-data-mongodb\3.4.4\spring-boot-starter-data-mongodb-3.4.4.jar;C:\Users\jaisw\.m2\repository\org\springframework\boot\spring-boot-starter\3.4.4\spring-boot-starter-3.4.4.jar;C:\Users\jaisw\.m2\repository\org\springframework\boot\spring-boot\3.4.4\spring-boot-3.4.4.jar;C:\Users\jaisw\.m2\repository\org\springframework\boot\spring-boot-autoconfigure\3.4.4\spring-boot-autoconfigure-3.4.4.jar;C:\Users\jaisw\.m2\repository\org\springframework\boot\spring-boot-starter-logging\3.4.4\spring-boot-starter-logging-3.4.4.jar;C:\Users\jaisw\.m2\repository\ch\qos\logback\logback-classic\1.5.18\logback-classic-1.5.18.jar;C:\Users\jaisw\.m2\repository\ch\qos\logback\logback-core\1.5.18\logback-core-1.5.18.jar;C:\Users\jaisw\.m2\repository\org\apache\logging\log4j\log4j-to-slf4j\2.24.3\log4j-to-slf4j-2.24.3.jar;C:\Users\jaisw\.m2\repository\org\apache\logging\log4j\log4j-api\2.24.3\log4j-api-2.24.3.jar;C:\Users\jaisw\.m2\repository\org\slf4j\jul-to-slf4j\2.0.17\jul-to-slf4j-2.0.17.jar;C:\Users\jaisw\.m2\repository\jakarta\annotation\jakarta.annotation-api\2.1.1\jakarta.annotation-api-2.1.1.jar;C:\Users\jaisw\.m2\repository\org\yaml\snakeyaml\2.3\snakeyaml-2.3.jar;C:\Users\jaisw\.m2\repository\org\mongodb\mongodb-driver-sync\5.2.1\mongodb-driver-sync-5.2.1.jar;C:\Users\jaisw\.m2\repository\org\mongodb\bson\5.2.1\bson-5.2.1.jar;C:\Users\jaisw\.m2\repository\org\mongodb\mongodb-driver-core\5.2.1\mongodb-driver-core-5.2.1.jar;C:\Users\jaisw\.m2\repository\org\mongodb\bson-record-codec\5.2.1\bson-record-codec-5.2.1.jar;C:\Users\jaisw\.m2\repository\org\springframework\data\spring-data-mongodb\4.4.4\spring-data-mongodb-4.4.4.jar;C:\Users\jaisw\.m2\repository\org\springframework\spring-tx\6.2.5\spring-tx-6.2.5.jar;C:\Users\jaisw\.m2\repository\org\springframework\spring-context\6.2.5\spring-context-6.2.5.jar;C:\Users\jaisw\.
Launcher Type: SUN_STANDARD

[Global flags]
     intx CICompilerCount                          = 4                                         {product} {ergonomic}
     uint ConcGCThreads                            = 3                                         {product} {ergonomic}
     uint G1ConcRefinementThreads                  = 10                                        {product} {ergonomic}
   size_t G1HeapRegionSize                         = 2097152                                   {product} {ergonomic}
    uintx GCDrainStackTargetSize                   = 64                                        {product} {ergonomic}
   size_t InitialHeapSize                          = 260046848                                 {product} {ergonomic}
   size_t MarkStackSize                            = 4194304                                   {product} {ergonomic}
   size_t MaxHeapSize                              = 4135583744                                {product} {ergonomic}
   size_t MinHeapDeltaBytes                        = 2097152                                   {product} {ergonomic}
   size_t MinHeapSize                              = 8388608                                   {product} {ergonomic}
    uintx NonNMethodCodeHeapSize                   = 5839372                                {pd product} {ergonomic}
    uintx NonProfiledCodeHeapSize                  = 122909434                              {pd product} {ergonomic}
    uintx ProfiledCodeHeapSize                     = 122909434                              {pd product} {ergonomic}
    uintx ReservedCodeCacheSize                    = 251658240                              {pd product} {ergonomic}
     bool SegmentedCodeCache                       = true                                      {product} {ergonomic}
   size_t SoftMaxHeapSize                          = 4135583744                             {manageable} {ergonomic}
     bool UseCompressedClassPointers               = true                           {product lp64_product} {ergonomic}
     bool UseCompressedOops                        = true                           {product lp64_product} {ergonomic}
     bool UseG1GC                                  = true                                      {product} {ergonomic}
     bool UseLargePagesIndividualAllocation        = false                                  {pd product} {ergonomic}

Logging:
Log output configuration:
 #0: stdout all=warning uptime,level,tags
 #1: stderr all=off uptime,level,tags

Environment Variables:
JAVA_HOME=C:\Program Files\Java\jdk-17
PATH=C:\Windows\System32;C:\Program Files\Git\cmd;C:\Program Files\MongoDB\Server\8.0\bin;C:\Program Files (x86)\NVIDIA Corporation\PhysX\Common;C:\Program Files\NVIDIA Corporation\NVIDIA app\NvDLISR;C:\Program Files\nodejs\;D:\Downloads;C:\Program Files\MySQL\MySQL Shell 8.0\bin\;C:\Users\jaisw\AppData\Local\Microsoft\WindowsApps;D:\Softwares\Microsoft VS Code\bin;D:\Softwares\Mingw\bin;C:\Users\jaisw\AppData\Local\Programs\mongosh\;C:\Users\jaisw\AppData\Roaming\npm
USERNAME=jaisw
OS=Windows_NT
PROCESSOR_IDENTIFIER=AMD64 Family 25 Model 80 Stepping 0, AuthenticAMD
TMP=C:\Users\jaisw\AppData\Local\Temp
TEMP=C:\Users\jaisw\AppData\Local\Temp



---------------  S Y S T E M  ---------------

OS:
 Windows 11 , 64 bit Build 22621 (10.0.22621.5415)
OS uptime: 1 days 6:49 hours

CPU: total 12 (initial active 12) (12 cores per cpu, 2 threads per core) family 25 model 80 stepping 0 microcode 0x0, cx8, cmov, fxsr, ht, mmx, 3dnowpref, sse, sse2, sse3, ssse3, sse4a, sse4.1, sse4.2, popcnt, lzcnt, tsc, tscinvbit, avx, avx2, aes, erms, clmul, bmi1, bmi2, adx, sha, fma, vzeroupper, clflush, clflushopt

Memory: 4k page, system-wide physical 15775M (2373M free)
TotalPageFile size 15775M (AvailPageFile size 252M)
current process WorkingSet (physical memory assigned to process): 11M, peak: 11M
current process commit charge ("private bytes"): 64M, peak: 312M

vm_info: OpenJDK 64-Bit Server VM (17.0.5+8) for windows-amd64 JRE (17.0.5+8), built on Oct 19 2022 04:48:13 by "temurin" with MS VC++ 16.7 (VS2019)

END.
